{
  "/Users/zeki/Documents/Projects/personal/js_challenge_jagaad_zeki-oztorun/src/App.vue": {
    "path": "/Users/zeki/Documents/Projects/personal/js_challenge_jagaad_zeki-oztorun/src/App.vue",
    "statementMap": {
      "0": {
        "start": {
          "line": 11,
          "column": 22
        },
        "end": {
          "line": 11,
          "column": 32
        }
      },
      "1": {
        "start": {
          "line": 12,
          "column": 22
        },
        "end": {
          "line": 12,
          "column": 59
        }
      },
      "2": {
        "start": {
          "line": 12,
          "column": 37
        },
        "end": {
          "line": 12,
          "column": 58
        }
      },
      "3": {
        "start": {
          "line": 13,
          "column": 22
        },
        "end": {
          "line": 13,
          "column": 59
        }
      },
      "4": {
        "start": {
          "line": 13,
          "column": 37
        },
        "end": {
          "line": 13,
          "column": 58
        }
      },
      "5": {
        "start": {
          "line": 14,
          "column": 8
        },
        "end": {
          "line": 40,
          "column": 11
        }
      },
      "6": {
        "start": {
          "line": 27,
          "column": 28
        },
        "end": {
          "line": 36,
          "column": 30
        }
      },
      "7": {
        "start": {
          "line": 41,
          "column": 23
        },
        "end": {
          "line": 41,
          "column": 77
        }
      },
      "8": {
        "start": {
          "line": 41,
          "column": 38
        },
        "end": {
          "line": 41,
          "column": 76
        }
      },
      "9": {
        "start": {
          "line": 42,
          "column": 42
        },
        "end": {
          "line": 42,
          "column": 51
        }
      },
      "10": {
        "start": {
          "line": 43,
          "column": 8
        },
        "end": {
          "line": 43,
          "column": 43
        }
      },
      "11": {
        "start": {
          "line": 44,
          "column": 8
        },
        "end": {
          "line": 44,
          "column": 18
        }
      }
    },
    "fnMap": {
      "0": {
        "name": "(anonymous_0)",
        "decl": {
          "start": {
            "line": 10,
            "column": 4
          },
          "end": {
            "line": 10,
            "column": 5
          }
        },
        "loc": {
          "start": {
            "line": 10,
            "column": 12
          },
          "end": {
            "line": 45,
            "column": 5
          }
        },
        "line": 10
      },
      "1": {
        "name": "(anonymous_1)",
        "decl": {
          "start": {
            "line": 12,
            "column": 31
          },
          "end": {
            "line": 12,
            "column": 32
          }
        },
        "loc": {
          "start": {
            "line": 12,
            "column": 37
          },
          "end": {
            "line": 12,
            "column": 58
          }
        },
        "line": 12
      },
      "2": {
        "name": "(anonymous_2)",
        "decl": {
          "start": {
            "line": 13,
            "column": 31
          },
          "end": {
            "line": 13,
            "column": 32
          }
        },
        "loc": {
          "start": {
            "line": 13,
            "column": 37
          },
          "end": {
            "line": 13,
            "column": 58
          }
        },
        "line": 13
      },
      "3": {
        "name": "(anonymous_3)",
        "decl": {
          "start": {
            "line": 26,
            "column": 57
          },
          "end": {
            "line": 26,
            "column": 58
          }
        },
        "loc": {
          "start": {
            "line": 26,
            "column": 65
          },
          "end": {
            "line": 37,
            "column": 25
          }
        },
        "line": 26
      },
      "4": {
        "name": "(anonymous_4)",
        "decl": {
          "start": {
            "line": 41,
            "column": 32
          },
          "end": {
            "line": 41,
            "column": 33
          }
        },
        "loc": {
          "start": {
            "line": 41,
            "column": 38
          },
          "end": {
            "line": 41,
            "column": 76
          }
        },
        "line": 41
      }
    },
    "branchMap": {
      "0": {
        "loc": {
          "start": {
            "line": 41,
            "column": 38
          },
          "end": {
            "line": 41,
            "column": 76
          }
        },
        "type": "binary-expr",
        "locations": [
          {
            "start": {
              "line": 41,
              "column": 38
            },
            "end": {
              "line": 41,
              "column": 68
            }
          },
          {
            "start": {
              "line": 41,
              "column": 72
            },
            "end": {
              "line": 41,
              "column": 76
            }
          }
        ],
        "line": 41
      }
    },
    "s": {
      "0": 24,
      "1": 24,
      "2": 24,
      "3": 24,
      "4": 24,
      "5": 24,
      "6": 0,
      "7": 24,
      "8": 24,
      "9": 24,
      "10": 24,
      "11": 24
    },
    "f": {
      "0": 24,
      "1": 24,
      "2": 24,
      "3": 0,
      "4": 24
    },
    "b": {
      "0": [
        24,
        24
      ]
    },
    "inputSourceMap": {
      "version": 3,
      "file": "/Users/zeki/Documents/Projects/personal/js_challenge_jagaad_zeki-oztorun/src/App.vue.ts",
      "sourceRoot": "",
      "sources": [
        "/Users/zeki/Documents/Projects/personal/js_challenge_jagaad_zeki-oztorun/src/App.vue"
      ],
      "names": [],
      "mappings": "AACA,OAAO,EAAE,QAAQ,EAAE,eAAe,EAAE,MAAM,KAAK,CAAA;AAC/C,OAAO,EAAE,QAAQ,EAAE,MAAM,MAAM,CAAA;AAC/B,OAAO,EAAE,OAAO,EAAE,MAAM,UAAU,CAAA;AAClC,OAAO,EAAE,OAAO,EAAE,MAAM,UAAU,CAAA;AAClC,OAAO,aAAa,MAAM,4BAA4B,CAAA;AAGtD,eAAe,eAAe,CAAC;IAC7B,UAAU,EAAE;QACV,aAAa;KACd;IACD,KAAK;QACH,MAAM,KAAK,GAAG,QAAQ,EAAE,CAAA;QACxB,MAAM,KAAK,GAAG,QAAQ,CAAC,GAAG,EAAE,CAAC,KAAK,CAAC,KAAK,CAAC,SAAuB,CAAC,CAAC;QAClE,MAAM,KAAK,GAAG,QAAQ,CAAC,GAAG,EAAE,CAAC,KAAK,CAAC,KAAK,CAAC,SAAS,CAAC,CAAC;QACpD,OAAO,CAAC;YACN,KAAK,EAAE,uCAAuC;YAC9C,SAAS,EAAE;gBACT,IAAI,EAAE,IAAI;gBACV,GAAG,EAAE,IAAI;aACV;YACD,MAAM,EAAE,CAAC;oBACP,IAAI,EAAE,qBAAqB;oBAC3B,IAAI,EAAE;wBACJ,UAAU,EAAE,mBAAmB;wBAC/B,OAAO,EAAE,UAAU;wBACnB,aAAa,EAAE,KAAK,CAAC,KAAK;wBAC1B,eAAe,EAAE,KAAK,CAAC,KAAK,CAAC,GAAG,CAAC,IAAI,CAAC,EAAE;4BACtC,OAAO;gCACL,OAAO,EAAE,SAAS;gCAClB,KAAK,EAAE,IAAI,CAAC,eAAe;gCAC3B,IAAI,EAAE,IAAI,CAAC,KAAK;gCAChB,WAAW,EAAE,IAAI,CAAC,WAAW;gCAC7B,MAAM,EAAE;oCACN,OAAO,EAAE,OAAO;oCAChB,OAAO,EAAE,IAAI,CAAC,YAAY,EAAE,eAAe;iCAC5C;6BACF,CAAA;wBACH,CAAC,CAAC;qBACH;iBACF,CAAC;SACH,CAAC,CAAA;QAEF,MAAM,MAAM,GAAG,QAAQ,CAAC,GAAG,EAAE,CAAC,YAAY,CAAC,OAAO,CAAC,QAAQ,CAAC,IAAI,IAAI,CAAC,CAAC;QACtE,MAAM,EAAE,MAAM,EAAE,aAAa,EAAE,GAAG,OAAO,EAAE,CAAC;QAC5C,aAAa,CAAC,KAAK,GAAG,MAAM,CAAC,KAAK,CAAA;QAElC,OAAO,EAAE,CAAA;IACX,CAAC;CACF,CAAC,CAAA",
      "sourcesContent": [
        "\nimport { computed, defineComponent } from 'vue'\nimport { useStore } from 'vuex'\nimport { useMeta } from 'vue-meta'\nimport { useI18n } from 'vue-i18n'\nimport DefaultLayout from '@/layout/DefaultLayout.vue'\nimport { ItemData } from '@/store/interfaces'\n\nexport default defineComponent({\n  components: {\n    DefaultLayout,\n  },\n  setup() {\n    const store = useStore()\n    const items = computed(() => store.state.itemLists as ItemData[]);\n    const count = computed(() => store.state.itemCount);\n    useMeta({\n      title: 'JS Challenge - Jagaard - Zeki Oztorun',\n      htmlAttrs: {\n        lang: 'en',\n        amp: true\n      },\n      script: [{\n        type: 'application/ld+json',\n        json: {\n          '@context': 'http://schema.org',\n          '@type': 'ItemList',\n          numberOfItems: count.value,\n          itemListElement: items.value.map(item => {\n            return {\n              \"@type\": \"Product\",\n              image: item.cover_image_url,\n              name: item.title,\n              description: item.description,\n              offers: {\n                \"@type\": \"Offer\",\n                \"price\": item.retail_price?.formatted_value\n              }\n            }\n          })\n        }\n      }]\n    })\n\n    const locale = computed(() => localStorage.getItem('locale') ?? 'it');\n    const { locale: currentLocale } = useI18n();\n    currentLocale.value = locale.value\n\n    return {}\n  },\n})\n"
      ]
    },
    "_coverageSchema": "1a1c01bbd47fc00a2c39e90264f33305004495a9",
    "hash": "d5b34e8945e40b594a44ad5ff430fb381ecb92c9"
  },
  "/Users/zeki/Documents/Projects/personal/js_challenge_jagaad_zeki-oztorun/src/layout/DefaultLayout.vue": {
    "path": "/Users/zeki/Documents/Projects/personal/js_challenge_jagaad_zeki-oztorun/src/layout/DefaultLayout.vue",
    "statementMap": {
      "0": {
        "start": {
          "line": 10,
          "column": 8
        },
        "end": {
          "line": 10,
          "column": 18
        }
      }
    },
    "fnMap": {
      "0": {
        "name": "(anonymous_0)",
        "decl": {
          "start": {
            "line": 9,
            "column": 4
          },
          "end": {
            "line": 9,
            "column": 5
          }
        },
        "loc": {
          "start": {
            "line": 9,
            "column": 12
          },
          "end": {
            "line": 11,
            "column": 5
          }
        },
        "line": 9
      }
    },
    "branchMap": {},
    "s": {
      "0": 24
    },
    "f": {
      "0": 24
    },
    "b": {},
    "inputSourceMap": {
      "version": 3,
      "file": "/Users/zeki/Documents/Projects/personal/js_challenge_jagaad_zeki-oztorun/src/layout/DefaultLayout.vue.ts",
      "sourceRoot": "",
      "sources": [
        "/Users/zeki/Documents/Projects/personal/js_challenge_jagaad_zeki-oztorun/src/layout/DefaultLayout.vue"
      ],
      "names": [],
      "mappings": "AACA,OAAO,EAAE,eAAe,EAAE,MAAM,KAAK,CAAA;AACrC,OAAO,aAAa,MAAM,4BAA4B,CAAA;AACtD,OAAO,aAAa,MAAM,4BAA4B,CAAA;AAEtD,eAAe,eAAe,CAAC;IAC7B,UAAU,EAAE;QACV,aAAa;QACb,aAAa;KACd;IACD,KAAK;QAGH,OAAO,EAAE,CAAA;IACX,CAAC;CACF,CAAC,CAAA",
      "sourcesContent": [
        "\nimport { defineComponent } from 'vue'\nimport DefaultHeader from '@/layout/DefaultHeader.vue'\nimport DefaultFooter from '@/layout/DefaultFooter.vue'\n\nexport default defineComponent({\n  components: {\n    DefaultHeader,\n    DefaultFooter,\n  },\n  setup () {\n    \n\n    return {}\n  }\n})\n"
      ]
    },
    "_coverageSchema": "1a1c01bbd47fc00a2c39e90264f33305004495a9",
    "hash": "a086f18c8edf3ecf95b8ace00bc01fa9db850f0d"
  },
  "/Users/zeki/Documents/Projects/personal/js_challenge_jagaad_zeki-oztorun/src/layout/DefaultHeader.vue": {
    "path": "/Users/zeki/Documents/Projects/personal/js_challenge_jagaad_zeki-oztorun/src/layout/DefaultHeader.vue",
    "statementMap": {
      "0": {
        "start": {
          "line": 12,
          "column": 32
        },
        "end": {
          "line": 12,
          "column": 42
        }
      },
      "1": {
        "start": {
          "line": 13,
          "column": 30
        },
        "end": {
          "line": 15,
          "column": 9
        }
      },
      "2": {
        "start": {
          "line": 14,
          "column": 12
        },
        "end": {
          "line": 14,
          "column": 59
        }
      },
      "3": {
        "start": {
          "line": 16,
          "column": 8
        },
        "end": {
          "line": 19,
          "column": 10
        }
      }
    },
    "fnMap": {
      "0": {
        "name": "(anonymous_0)",
        "decl": {
          "start": {
            "line": 11,
            "column": 4
          },
          "end": {
            "line": 11,
            "column": 5
          }
        },
        "loc": {
          "start": {
            "line": 11,
            "column": 12
          },
          "end": {
            "line": 20,
            "column": 5
          }
        },
        "line": 11
      },
      "1": {
        "name": "(anonymous_1)",
        "decl": {
          "start": {
            "line": 13,
            "column": 30
          },
          "end": {
            "line": 13,
            "column": 31
          }
        },
        "loc": {
          "start": {
            "line": 13,
            "column": 36
          },
          "end": {
            "line": 15,
            "column": 9
          }
        },
        "line": 13
      }
    },
    "branchMap": {},
    "s": {
      "0": 24,
      "1": 24,
      "2": 2,
      "3": 24
    },
    "f": {
      "0": 24,
      "1": 2
    },
    "b": {},
    "inputSourceMap": {
      "version": 3,
      "file": "/Users/zeki/Documents/Projects/personal/js_challenge_jagaad_zeki-oztorun/src/layout/DefaultHeader.vue.ts",
      "sourceRoot": "",
      "sources": [
        "/Users/zeki/Documents/Projects/personal/js_challenge_jagaad_zeki-oztorun/src/layout/DefaultHeader.vue"
      ],
      "names": [],
      "mappings": "AACA,OAAO,EAAE,eAAe,EAAE,GAAG,EAAO,MAAM,KAAK,CAAA;AAC/C,OAAO,OAAO,MAAM,0BAA0B,CAAA;AAC9C,OAAO,cAAc,MAAM,iCAAiC,CAAA;AAC5D,OAAO,eAAe,MAAM,kCAAkC,CAAA;AAE9D,eAAe,eAAe,CAAC;IAC7B,UAAU,EAAE;QACV,OAAO;QACP,cAAc;QACd,eAAe;KAChB;IACD,KAAK;QACH,MAAM,eAAe,GAAiB,GAAG,CAAC,KAAK,CAAC,CAAA;QAChD,MAAM,aAAa,GAAG,GAAG,EAAE;YACzB,eAAe,CAAC,KAAK,GAAG,CAAC,eAAe,CAAC,KAAK,CAAA;QAChD,CAAC,CAAA;QAED,OAAO;YACL,aAAa;YACb,eAAe;SAChB,CAAA;IACH,CAAC;CACF,CAAC,CAAA",
      "sourcesContent": [
        "\nimport { defineComponent, ref, Ref } from 'vue'\nimport MiniBag from '@/components/MiniBag.vue'\nimport MiniBagTrigger from '@/components/MiniBagTrigger.vue'\nimport WishlistTrigger from '@/components/WishlistTrigger.vue'\n\nexport default defineComponent({\n  components: {\n    MiniBag,\n    MiniBagTrigger,\n    WishlistTrigger,\n  },\n  setup () {\n    const isMiniBagActive: Ref<boolean> = ref(false)\n    const toggleMiniBag = () => {\n      isMiniBagActive.value = !isMiniBagActive.value\n    }\n\n    return {\n      toggleMiniBag,\n      isMiniBagActive,\n    }\n  }\n})\n"
      ]
    },
    "_coverageSchema": "1a1c01bbd47fc00a2c39e90264f33305004495a9",
    "hash": "91674977bfe82f8170f2e05574103b6e7ccbfb47"
  },
  "/Users/zeki/Documents/Projects/personal/js_challenge_jagaad_zeki-oztorun/src/components/MiniBag.vue": {
    "path": "/Users/zeki/Documents/Projects/personal/js_challenge_jagaad_zeki-oztorun/src/components/MiniBag.vue",
    "statementMap": {
      "0": {
        "start": {
          "line": 11,
          "column": 22
        },
        "end": {
          "line": 11,
          "column": 32
        }
      },
      "1": {
        "start": {
          "line": 12,
          "column": 22
        },
        "end": {
          "line": 12,
          "column": 31
        }
      },
      "2": {
        "start": {
          "line": 13,
          "column": 25
        },
        "end": {
          "line": 13,
          "column": 71
        }
      },
      "3": {
        "start": {
          "line": 13,
          "column": 40
        },
        "end": {
          "line": 13,
          "column": 70
        }
      },
      "4": {
        "start": {
          "line": 14,
          "column": 27
        },
        "end": {
          "line": 17,
          "column": 10
        }
      },
      "5": {
        "start": {
          "line": 15,
          "column": 26
        },
        "end": {
          "line": 15,
          "column": 58
        }
      },
      "6": {
        "start": {
          "line": 16,
          "column": 12
        },
        "end": {
          "line": 16,
          "column": 45
        }
      },
      "7": {
        "start": {
          "line": 18,
          "column": 33
        },
        "end": {
          "line": 20,
          "column": 9
        }
      },
      "8": {
        "start": {
          "line": 19,
          "column": 12
        },
        "end": {
          "line": 19,
          "column": 68
        }
      },
      "9": {
        "start": {
          "line": 21,
          "column": 8
        },
        "end": {
          "line": 26,
          "column": 10
        }
      }
    },
    "fnMap": {
      "0": {
        "name": "(anonymous_0)",
        "decl": {
          "start": {
            "line": 10,
            "column": 4
          },
          "end": {
            "line": 10,
            "column": 5
          }
        },
        "loc": {
          "start": {
            "line": 10,
            "column": 12
          },
          "end": {
            "line": 27,
            "column": 5
          }
        },
        "line": 10
      },
      "1": {
        "name": "(anonymous_1)",
        "decl": {
          "start": {
            "line": 13,
            "column": 34
          },
          "end": {
            "line": 13,
            "column": 35
          }
        },
        "loc": {
          "start": {
            "line": 13,
            "column": 40
          },
          "end": {
            "line": 13,
            "column": 70
          }
        },
        "line": 13
      },
      "2": {
        "name": "(anonymous_2)",
        "decl": {
          "start": {
            "line": 14,
            "column": 36
          },
          "end": {
            "line": 14,
            "column": 37
          }
        },
        "loc": {
          "start": {
            "line": 14,
            "column": 42
          },
          "end": {
            "line": 17,
            "column": 9
          }
        },
        "line": 14
      },
      "3": {
        "name": "(anonymous_3)",
        "decl": {
          "start": {
            "line": 18,
            "column": 33
          },
          "end": {
            "line": 18,
            "column": 34
          }
        },
        "loc": {
          "start": {
            "line": 18,
            "column": 43
          },
          "end": {
            "line": 20,
            "column": 9
          }
        },
        "line": 18
      }
    },
    "branchMap": {
      "0": {
        "loc": {
          "start": {
            "line": 16,
            "column": 19
          },
          "end": {
            "line": 16,
            "column": 44
          }
        },
        "type": "cond-expr",
        "locations": [
          {
            "start": {
              "line": 16,
              "column": 27
            },
            "end": {
              "line": 16,
              "column": 39
            }
          },
          {
            "start": {
              "line": 16,
              "column": 42
            },
            "end": {
              "line": 16,
              "column": 44
            }
          }
        ],
        "line": 16
      }
    },
    "s": {
      "0": 2,
      "1": 2,
      "2": 2,
      "3": 4,
      "4": 2,
      "5": 4,
      "6": 4,
      "7": 2,
      "8": 2,
      "9": 2
    },
    "f": {
      "0": 2,
      "1": 4,
      "2": 4,
      "3": 2
    },
    "b": {
      "0": [
        2,
        2
      ]
    },
    "inputSourceMap": {
      "version": 3,
      "file": "/Users/zeki/Documents/Projects/personal/js_challenge_jagaad_zeki-oztorun/src/components/MiniBag.vue.ts",
      "sourceRoot": "",
      "sources": [
        "/Users/zeki/Documents/Projects/personal/js_challenge_jagaad_zeki-oztorun/src/components/MiniBag.vue"
      ],
      "names": [],
      "mappings": "AACA,OAAO,EAAE,SAAS,EAAE,MAAM,mBAAmB,CAAC;AAE9C,OAAO,EAAE,QAAQ,EAAE,eAAe,EAAE,MAAM,KAAK,CAAC;AAChD,OAAO,EAAE,QAAQ,EAAE,MAAM,MAAM,CAAC;AAChC,OAAO,EAAE,OAAO,EAAE,MAAM,UAAU,CAAC;AACnC,OAAO,UAAU,MAAM,mCAAmC,CAAA;AAE1D,eAAe,eAAe,CAAC;IAC7B,UAAU,EAAE;QACV,UAAU;KACX;IACD,KAAK;QACH,MAAM,KAAK,GAAG,QAAQ,EAAE,CAAC;QACzB,MAAM,EAAE,CAAC,EAAE,GAAG,OAAO,EAAE,CAAA;QACvB,MAAM,QAAQ,GAAG,QAAQ,CACvB,GAAG,EAAE,CAAG,KAAK,CAAC,KAAK,CAAC,SAAuC,CAAC,QAAQ,CACrE,CAAC;QACF,MAAM,UAAU,GAAG,QAAQ,CACzB,GAAG,EAAE;YACH,MAAM,KAAK,GAAK,KAAK,CAAC,KAAK,CAAC,SAAuC,CAAC,UAAU,CAAC;YAC/E,OAAO,KAAK,CAAC,CAAC,CAAC,KAAK,KAAK,EAAE,CAAC,CAAC,CAAC,EAAE,CAAA;QAClC,CAAC,CACF,CAAC;QACF,MAAM,gBAAgB,GAAG,CAAC,IAAc,EAAE,EAAE;YAC1C,KAAK,CAAC,QAAQ,CAAC,SAAS,CAAC,OAAO,CAAC,eAAe,EAAE,IAAI,CAAC,CAAA;QACzD,CAAC,CAAC;QACF,OAAO;YACL,QAAQ;YACR,UAAU;YACV,gBAAgB;YAChB,CAAC;SACF,CAAC;IACJ,CAAC;CACF,CAAC,CAAC",
      "sourcesContent": [
        "\nimport { BAG_STORE } from \"@/store/constants\";\nimport { BagStateTypes, ItemData } from \"@/store/interfaces\";\nimport { computed, defineComponent } from \"vue\";\nimport { useStore } from \"vuex\";\nimport { useI18n } from 'vue-i18n';\nimport IconDelete from '@/components/icons/IconDelete.vue'\n\nexport default defineComponent({\n  components: {\n    IconDelete,\n  },\n  setup() {\n    const store = useStore();\n    const { t } = useI18n()\n    const bagItems = computed(\n      () => ((store.state.bagModule as unknown) as BagStateTypes).bagItems\n    );\n    const totalPrice = computed(\n      () => {\n        const price = ((store.state.bagModule as unknown) as BagStateTypes).totalPrice;\n        return price ? `€ ${price}` : ''\n      }\n    );\n    const handleRemoveItem = (item: ItemData) => {\n      store.dispatch(BAG_STORE.ACTIONS.REMOVE_BAG_ITEM, item)\n    };\n    return {\n      bagItems,\n      totalPrice,\n      handleRemoveItem,\n      t,\n    };\n  },\n});\n"
      ]
    },
    "_coverageSchema": "1a1c01bbd47fc00a2c39e90264f33305004495a9",
    "hash": "6cbd6f88d4cadc7f7e93c2ec9e81e2a817136557"
  },
  "/Users/zeki/Documents/Projects/personal/js_challenge_jagaad_zeki-oztorun/src/store/enums.ts": {
    "path": "/Users/zeki/Documents/Projects/personal/js_challenge_jagaad_zeki-oztorun/src/store/enums.ts",
    "statementMap": {
      "0": {
        "start": {
          "line": 2,
          "column": 0
        },
        "end": {
          "line": 6,
          "column": 38
        }
      },
      "1": {
        "start": {
          "line": 3,
          "column": 4
        },
        "end": {
          "line": 3,
          "column": 53
        }
      },
      "2": {
        "start": {
          "line": 4,
          "column": 4
        },
        "end": {
          "line": 4,
          "column": 43
        }
      },
      "3": {
        "start": {
          "line": 5,
          "column": 4
        },
        "end": {
          "line": 5,
          "column": 59
        }
      },
      "4": {
        "start": {
          "line": 8,
          "column": 0
        },
        "end": {
          "line": 14,
          "column": 42
        }
      },
      "5": {
        "start": {
          "line": 9,
          "column": 4
        },
        "end": {
          "line": 9,
          "column": 55
        }
      },
      "6": {
        "start": {
          "line": 10,
          "column": 4
        },
        "end": {
          "line": 10,
          "column": 45
        }
      },
      "7": {
        "start": {
          "line": 11,
          "column": 4
        },
        "end": {
          "line": 11,
          "column": 61
        }
      },
      "8": {
        "start": {
          "line": 12,
          "column": 4
        },
        "end": {
          "line": 12,
          "column": 47
        }
      },
      "9": {
        "start": {
          "line": 13,
          "column": 4
        },
        "end": {
          "line": 13,
          "column": 47
        }
      },
      "10": {
        "start": {
          "line": 16,
          "column": 0
        },
        "end": {
          "line": 21,
          "column": 38
        }
      },
      "11": {
        "start": {
          "line": 17,
          "column": 4
        },
        "end": {
          "line": 17,
          "column": 53
        }
      },
      "12": {
        "start": {
          "line": 18,
          "column": 4
        },
        "end": {
          "line": 18,
          "column": 43
        }
      },
      "13": {
        "start": {
          "line": 19,
          "column": 4
        },
        "end": {
          "line": 19,
          "column": 45
        }
      },
      "14": {
        "start": {
          "line": 20,
          "column": 4
        },
        "end": {
          "line": 20,
          "column": 45
        }
      },
      "15": {
        "start": {
          "line": 23,
          "column": 0
        },
        "end": {
          "line": 26,
          "column": 40
        }
      },
      "16": {
        "start": {
          "line": 24,
          "column": 4
        },
        "end": {
          "line": 24,
          "column": 50
        }
      },
      "17": {
        "start": {
          "line": 25,
          "column": 4
        },
        "end": {
          "line": 25,
          "column": 56
        }
      },
      "18": {
        "start": {
          "line": 28,
          "column": 0
        },
        "end": {
          "line": 31,
          "column": 36
        }
      },
      "19": {
        "start": {
          "line": 29,
          "column": 4
        },
        "end": {
          "line": 29,
          "column": 48
        }
      },
      "20": {
        "start": {
          "line": 30,
          "column": 4
        },
        "end": {
          "line": 30,
          "column": 54
        }
      },
      "21": {
        "start": {
          "line": 33,
          "column": 0
        },
        "end": {
          "line": 36,
          "column": 36
        }
      },
      "22": {
        "start": {
          "line": 34,
          "column": 4
        },
        "end": {
          "line": 34,
          "column": 46
        }
      },
      "23": {
        "start": {
          "line": 35,
          "column": 4
        },
        "end": {
          "line": 35,
          "column": 52
        }
      },
      "24": {
        "start": {
          "line": 38,
          "column": 0
        },
        "end": {
          "line": 41,
          "column": 50
        }
      },
      "25": {
        "start": {
          "line": 39,
          "column": 4
        },
        "end": {
          "line": 39,
          "column": 65
        }
      },
      "26": {
        "start": {
          "line": 40,
          "column": 4
        },
        "end": {
          "line": 40,
          "column": 71
        }
      },
      "27": {
        "start": {
          "line": 43,
          "column": 0
        },
        "end": {
          "line": 46,
          "column": 46
        }
      },
      "28": {
        "start": {
          "line": 44,
          "column": 4
        },
        "end": {
          "line": 44,
          "column": 63
        }
      },
      "29": {
        "start": {
          "line": 45,
          "column": 4
        },
        "end": {
          "line": 45,
          "column": 69
        }
      },
      "30": {
        "start": {
          "line": 48,
          "column": 0
        },
        "end": {
          "line": 50,
          "column": 46
        }
      },
      "31": {
        "start": {
          "line": 49,
          "column": 4
        },
        "end": {
          "line": 49,
          "column": 67
        }
      }
    },
    "fnMap": {
      "0": {
        "name": "(anonymous_0)",
        "decl": {
          "start": {
            "line": 2,
            "column": 1
          },
          "end": {
            "line": 2,
            "column": 2
          }
        },
        "loc": {
          "start": {
            "line": 2,
            "column": 24
          },
          "end": {
            "line": 6,
            "column": 1
          }
        },
        "line": 2
      },
      "1": {
        "name": "(anonymous_1)",
        "decl": {
          "start": {
            "line": 8,
            "column": 1
          },
          "end": {
            "line": 8,
            "column": 2
          }
        },
        "loc": {
          "start": {
            "line": 8,
            "column": 26
          },
          "end": {
            "line": 14,
            "column": 1
          }
        },
        "line": 8
      },
      "2": {
        "name": "(anonymous_2)",
        "decl": {
          "start": {
            "line": 16,
            "column": 1
          },
          "end": {
            "line": 16,
            "column": 2
          }
        },
        "loc": {
          "start": {
            "line": 16,
            "column": 24
          },
          "end": {
            "line": 21,
            "column": 1
          }
        },
        "line": 16
      },
      "3": {
        "name": "(anonymous_3)",
        "decl": {
          "start": {
            "line": 23,
            "column": 1
          },
          "end": {
            "line": 23,
            "column": 2
          }
        },
        "loc": {
          "start": {
            "line": 23,
            "column": 25
          },
          "end": {
            "line": 26,
            "column": 1
          }
        },
        "line": 23
      },
      "4": {
        "name": "(anonymous_4)",
        "decl": {
          "start": {
            "line": 28,
            "column": 1
          },
          "end": {
            "line": 28,
            "column": 2
          }
        },
        "loc": {
          "start": {
            "line": 28,
            "column": 23
          },
          "end": {
            "line": 31,
            "column": 1
          }
        },
        "line": 28
      },
      "5": {
        "name": "(anonymous_5)",
        "decl": {
          "start": {
            "line": 33,
            "column": 1
          },
          "end": {
            "line": 33,
            "column": 2
          }
        },
        "loc": {
          "start": {
            "line": 33,
            "column": 23
          },
          "end": {
            "line": 36,
            "column": 1
          }
        },
        "line": 33
      },
      "6": {
        "name": "(anonymous_6)",
        "decl": {
          "start": {
            "line": 38,
            "column": 1
          },
          "end": {
            "line": 38,
            "column": 2
          }
        },
        "loc": {
          "start": {
            "line": 38,
            "column": 30
          },
          "end": {
            "line": 41,
            "column": 1
          }
        },
        "line": 38
      },
      "7": {
        "name": "(anonymous_7)",
        "decl": {
          "start": {
            "line": 43,
            "column": 1
          },
          "end": {
            "line": 43,
            "column": 2
          }
        },
        "loc": {
          "start": {
            "line": 43,
            "column": 28
          },
          "end": {
            "line": 46,
            "column": 1
          }
        },
        "line": 43
      },
      "8": {
        "name": "(anonymous_8)",
        "decl": {
          "start": {
            "line": 48,
            "column": 1
          },
          "end": {
            "line": 48,
            "column": 2
          }
        },
        "loc": {
          "start": {
            "line": 48,
            "column": 28
          },
          "end": {
            "line": 50,
            "column": 1
          }
        },
        "line": 48
      }
    },
    "branchMap": {
      "0": {
        "loc": {
          "start": {
            "line": 6,
            "column": 3
          },
          "end": {
            "line": 6,
            "column": 36
          }
        },
        "type": "binary-expr",
        "locations": [
          {
            "start": {
              "line": 6,
              "column": 3
            },
            "end": {
              "line": 6,
              "column": 14
            }
          },
          {
            "start": {
              "line": 6,
              "column": 19
            },
            "end": {
              "line": 6,
              "column": 35
            }
          }
        ],
        "line": 6
      },
      "1": {
        "loc": {
          "start": {
            "line": 14,
            "column": 3
          },
          "end": {
            "line": 14,
            "column": 40
          }
        },
        "type": "binary-expr",
        "locations": [
          {
            "start": {
              "line": 14,
              "column": 3
            },
            "end": {
              "line": 14,
              "column": 16
            }
          },
          {
            "start": {
              "line": 14,
              "column": 21
            },
            "end": {
              "line": 14,
              "column": 39
            }
          }
        ],
        "line": 14
      },
      "2": {
        "loc": {
          "start": {
            "line": 21,
            "column": 3
          },
          "end": {
            "line": 21,
            "column": 36
          }
        },
        "type": "binary-expr",
        "locations": [
          {
            "start": {
              "line": 21,
              "column": 3
            },
            "end": {
              "line": 21,
              "column": 14
            }
          },
          {
            "start": {
              "line": 21,
              "column": 19
            },
            "end": {
              "line": 21,
              "column": 35
            }
          }
        ],
        "line": 21
      },
      "3": {
        "loc": {
          "start": {
            "line": 26,
            "column": 3
          },
          "end": {
            "line": 26,
            "column": 38
          }
        },
        "type": "binary-expr",
        "locations": [
          {
            "start": {
              "line": 26,
              "column": 3
            },
            "end": {
              "line": 26,
              "column": 15
            }
          },
          {
            "start": {
              "line": 26,
              "column": 20
            },
            "end": {
              "line": 26,
              "column": 37
            }
          }
        ],
        "line": 26
      },
      "4": {
        "loc": {
          "start": {
            "line": 31,
            "column": 3
          },
          "end": {
            "line": 31,
            "column": 34
          }
        },
        "type": "binary-expr",
        "locations": [
          {
            "start": {
              "line": 31,
              "column": 3
            },
            "end": {
              "line": 31,
              "column": 13
            }
          },
          {
            "start": {
              "line": 31,
              "column": 18
            },
            "end": {
              "line": 31,
              "column": 33
            }
          }
        ],
        "line": 31
      },
      "5": {
        "loc": {
          "start": {
            "line": 36,
            "column": 3
          },
          "end": {
            "line": 36,
            "column": 34
          }
        },
        "type": "binary-expr",
        "locations": [
          {
            "start": {
              "line": 36,
              "column": 3
            },
            "end": {
              "line": 36,
              "column": 13
            }
          },
          {
            "start": {
              "line": 36,
              "column": 18
            },
            "end": {
              "line": 36,
              "column": 33
            }
          }
        ],
        "line": 36
      },
      "6": {
        "loc": {
          "start": {
            "line": 41,
            "column": 3
          },
          "end": {
            "line": 41,
            "column": 48
          }
        },
        "type": "binary-expr",
        "locations": [
          {
            "start": {
              "line": 41,
              "column": 3
            },
            "end": {
              "line": 41,
              "column": 20
            }
          },
          {
            "start": {
              "line": 41,
              "column": 25
            },
            "end": {
              "line": 41,
              "column": 47
            }
          }
        ],
        "line": 41
      },
      "7": {
        "loc": {
          "start": {
            "line": 46,
            "column": 3
          },
          "end": {
            "line": 46,
            "column": 44
          }
        },
        "type": "binary-expr",
        "locations": [
          {
            "start": {
              "line": 46,
              "column": 3
            },
            "end": {
              "line": 46,
              "column": 18
            }
          },
          {
            "start": {
              "line": 46,
              "column": 23
            },
            "end": {
              "line": 46,
              "column": 43
            }
          }
        ],
        "line": 46
      },
      "8": {
        "loc": {
          "start": {
            "line": 50,
            "column": 3
          },
          "end": {
            "line": 50,
            "column": 44
          }
        },
        "type": "binary-expr",
        "locations": [
          {
            "start": {
              "line": 50,
              "column": 3
            },
            "end": {
              "line": 50,
              "column": 18
            }
          },
          {
            "start": {
              "line": 50,
              "column": 23
            },
            "end": {
              "line": 50,
              "column": 43
            }
          }
        ],
        "line": 50
      }
    },
    "s": {
      "0": 24,
      "1": 24,
      "2": 24,
      "3": 24,
      "4": 24,
      "5": 24,
      "6": 24,
      "7": 24,
      "8": 24,
      "9": 24,
      "10": 24,
      "11": 24,
      "12": 24,
      "13": 24,
      "14": 24,
      "15": 24,
      "16": 24,
      "17": 24,
      "18": 24,
      "19": 24,
      "20": 24,
      "21": 24,
      "22": 24,
      "23": 24,
      "24": 24,
      "25": 24,
      "26": 24,
      "27": 24,
      "28": 24,
      "29": 24,
      "30": 24,
      "31": 24
    },
    "f": {
      "0": 24,
      "1": 24,
      "2": 24,
      "3": 24,
      "4": 24,
      "5": 24,
      "6": 24,
      "7": 24,
      "8": 24
    },
    "b": {
      "0": [
        24,
        24
      ],
      "1": [
        24,
        24
      ],
      "2": [
        24,
        24
      ],
      "3": [
        24,
        24
      ],
      "4": [
        24,
        24
      ],
      "5": [
        24,
        24
      ],
      "6": [
        24,
        24
      ],
      "7": [
        24,
        24
      ],
      "8": [
        24,
        24
      ]
    },
    "inputSourceMap": {
      "version": 3,
      "file": "/Users/zeki/Documents/Projects/personal/js_challenge_jagaad_zeki-oztorun/src/store/enums.ts",
      "sourceRoot": "",
      "sources": [
        "/Users/zeki/Documents/Projects/personal/js_challenge_jagaad_zeki-oztorun/src/store/enums.ts"
      ],
      "names": [],
      "mappings": "AAAA,MAAM,CAAN,IAAY,WAIX;AAJD,WAAY,WAAW;IACrB,gDAAiC,CAAA;IACjC,sCAAuB,CAAA;IACvB,sDAAuC,CAAA;AACzC,CAAC,EAJW,WAAW,KAAX,WAAW,QAItB;AACD,MAAM,CAAN,IAAY,aAMX;AAND,WAAY,aAAa;IACvB,kDAAiC,CAAA;IACjC,wCAAuB,CAAA;IACvB,wDAAuC,CAAA;IACvC,0CAAyB,CAAA;IACzB,0CAAyB,CAAA;AAC3B,CAAC,EANW,aAAa,KAAb,aAAa,QAMxB;AACD,MAAM,CAAN,IAAY,WAKX;AALD,WAAY,WAAW;IACrB,gDAAiC,CAAA;IACjC,sCAAuB,CAAA;IACvB,wCAAyB,CAAA;IACzB,wCAAyB,CAAA;AAC3B,CAAC,EALW,WAAW,KAAX,WAAW,QAKtB;AACD,MAAM,CAAN,IAAY,YAGX;AAHD,WAAY,YAAY;IACtB,6CAA6B,CAAA;IAC7B,mDAAmC,CAAA;AACrC,CAAC,EAHW,YAAY,KAAZ,YAAY,QAGvB;AACD,MAAM,CAAN,IAAY,UAGX;AAHD,WAAY,UAAU;IACpB,2CAA6B,CAAA;IAC7B,iDAAmC,CAAA;AACrC,CAAC,EAHW,UAAU,KAAV,UAAU,QAGrB;AACD,MAAM,CAAN,IAAY,UAGX;AAHD,WAAY,UAAU;IACpB,yCAA2B,CAAA;IAC3B,+CAAiC,CAAA;AACnC,CAAC,EAHW,UAAU,KAAV,UAAU,QAGrB;AACD,MAAM,CAAN,IAAY,iBAGX;AAHD,WAAY,iBAAiB;IAC3B,4DAAuC,CAAA;IACvC,kEAA6C,CAAA;AAC/C,CAAC,EAHW,iBAAiB,KAAjB,iBAAiB,QAG5B;AACD,MAAM,CAAN,IAAY,eAGX;AAHD,WAAY,eAAe;IACzB,0DAAuC,CAAA;IACvC,gEAA6C,CAAA;AAC/C,CAAC,EAHW,eAAe,KAAf,eAAe,QAG1B;AACD,MAAM,CAAN,IAAY,eAEX;AAFD,WAAY,eAAe;IACzB,8DAA2C,CAAA;AAC7C,CAAC,EAFW,eAAe,KAAf,eAAe,QAE1B",
      "sourcesContent": [
        "export enum RootGetters {\n  UPDATE_VERSION = \"UPDATE_VERSION\",\n  BAG_CHECK = \"BAG_CHECK\",\n  SET_ROOT_DISPATCH = \"SET_ROOT_DISPATCH\",\n}\nexport enum RootMutations {\n  UPDATE_VERSION = \"UPDATE_VERSION\",\n  BAG_CHECK = \"BAG_CHECK\",\n  SET_ROOT_DISPATCH = \"SET_ROOT_DISPATCH\",\n  ITEM_LISTS = \"ITEM_LISTS\",\n  ITEM_COUNT = \"ITEM_COUNT\",\n}\nexport enum RootActions {\n  UPDATE_VERSION = \"UPDATE_VERSION\",\n  BAG_CHECK = \"BAG_CHECK\",\n  ITEM_LISTS = 'ITEM_LISTS',\n  ITEM_COUNT = 'ITEM_COUNT',\n}\nexport enum BagMutations {\n  ADD_BAG_ITEM = 'ADD_BAG_ITEM',\n  REMOVE_BAG_ITEM = 'REMOVE_BAG_ITEM',\n}\nexport enum BagActions {\n  ADD_BAG_ITEM = 'ADD_BAG_ITEM',\n  REMOVE_BAG_ITEM = 'REMOVE_BAG_ITEM',\n}\nexport enum BagGetters {\n  TOTAL_PRICE = \"TOTAL_PRICE\",\n  BAG_ITEM_COUNT = \"BAG_ITEM_COUNT\",\n}\nexport enum WishlistMutations {\n  ADD_WISHLIST_ITEM = 'ADD_WISHLIST_ITEM',\n  REMOVE_WISHLIST_ITEM = 'REMOVE_WISHLIST_ITEM',\n}\nexport enum WishlistActions {\n  ADD_WISHLIST_ITEM = 'ADD_WISHLIST_ITEM',\n  REMOVE_WISHLIST_ITEM = 'REMOVE_WISHLIST_ITEM',\n}\nexport enum WishlistGetters {\n  WISHLIST_ITEM_COUNT = \"WISHLIST_ITEM_COUNT\",\n}"
      ]
    },
    "_coverageSchema": "1a1c01bbd47fc00a2c39e90264f33305004495a9",
    "hash": "41e307e7943b89b23b6cd2001a1eaa198e584e96"
  },
  "/Users/zeki/Documents/Projects/personal/js_challenge_jagaad_zeki-oztorun/src/store/constants.ts": {
    "path": "/Users/zeki/Documents/Projects/personal/js_challenge_jagaad_zeki-oztorun/src/store/constants.ts",
    "statementMap": {
      "0": {
        "start": {
          "line": 2,
          "column": 26
        },
        "end": {
          "line": 6,
          "column": 1
        }
      },
      "1": {
        "start": {
          "line": 7,
          "column": 25
        },
        "end": {
          "line": 11,
          "column": 1
        }
      },
      "2": {
        "start": {
          "line": 12,
          "column": 30
        },
        "end": {
          "line": 16,
          "column": 1
        }
      }
    },
    "fnMap": {},
    "branchMap": {},
    "s": {
      "0": 24,
      "1": 24,
      "2": 24
    },
    "f": {},
    "b": {},
    "inputSourceMap": {
      "version": 3,
      "file": "/Users/zeki/Documents/Projects/personal/js_challenge_jagaad_zeki-oztorun/src/store/constants.ts",
      "sourceRoot": "",
      "sources": [
        "/Users/zeki/Documents/Projects/personal/js_challenge_jagaad_zeki-oztorun/src/store/constants.ts"
      ],
      "names": [],
      "mappings": "AAAA,OAAO,EACL,WAAW,EACX,aAAa,EACb,WAAW,EACX,UAAU,EACV,eAAe,EACf,UAAU,EACV,eAAe,EACf,YAAY,EACZ,iBAAiB,GAClB,MAAM,eAAe,CAAC;AAEvB,MAAM,CAAC,MAAM,UAAU,GAAG;IACxB,OAAO,EAAE,WAAW;IACpB,SAAS,EAAE,aAAa;IACxB,OAAO,EAAE,WAAW;CACrB,CAAC;AAEF,MAAM,CAAC,MAAM,SAAS,GAAG;IACvB,OAAO,EAAE,UAAU;IACnB,SAAS,EAAE,YAAY;IACvB,OAAO,EAAE,UAAU;CACpB,CAAC;AAEF,MAAM,CAAC,MAAM,cAAc,GAAG;IAC5B,OAAO,EAAE,eAAe;IACxB,SAAS,EAAE,iBAAiB;IAC5B,OAAO,EAAE,eAAe;CACzB,CAAC",
      "sourcesContent": [
        "import {\n  RootGetters,\n  RootMutations,\n  RootActions,\n  BagGetters,\n  WishlistGetters,\n  BagActions,\n  WishlistActions,\n  BagMutations,\n  WishlistMutations,\n} from '@/store/enums';\n\nexport const ROOT_STORE = {\n  GETTERS: RootGetters,\n  MUTATIONS: RootMutations,\n  ACTIONS: RootActions,\n};\n\nexport const BAG_STORE = {\n  GETTERS: BagGetters,\n  MUTATIONS: BagMutations,\n  ACTIONS: BagActions,\n};\n\nexport const WISHLIST_STORE = {\n  GETTERS: WishlistGetters,\n  MUTATIONS: WishlistMutations,\n  ACTIONS: WishlistActions,\n};"
      ]
    },
    "_coverageSchema": "1a1c01bbd47fc00a2c39e90264f33305004495a9",
    "hash": "ccbb80dd76a8a62f7ee79c2a4548e848738a6674"
  },
  "/Users/zeki/Documents/Projects/personal/js_challenge_jagaad_zeki-oztorun/src/components/icons/IconDelete.vue": {
    "path": "/Users/zeki/Documents/Projects/personal/js_challenge_jagaad_zeki-oztorun/src/components/icons/IconDelete.vue",
    "statementMap": {
      "0": {
        "start": {
          "line": 3,
          "column": 19
        },
        "end": {
          "line": 6,
          "column": 1
        }
      },
      "1": {
        "start": {
          "line": 7,
          "column": 32
        },
        "end": {
          "line": 10,
          "column": 12
        }
      },
      "2": {
        "start": {
          "line": 13,
          "column": 2
        },
        "end": {
          "line": 15,
          "column": 5
        }
      }
    },
    "fnMap": {
      "0": {
        "name": "render",
        "decl": {
          "start": {
            "line": 12,
            "column": 16
          },
          "end": {
            "line": 12,
            "column": 22
          }
        },
        "loc": {
          "start": {
            "line": 12,
            "column": 37
          },
          "end": {
            "line": 16,
            "column": 1
          }
        },
        "line": 12
      }
    },
    "branchMap": {},
    "s": {
      "0": 24,
      "1": 24,
      "2": 2
    },
    "f": {
      "0": 2
    },
    "b": {},
    "inputSourceMap": {
      "version": 3,
      "sources": [
        "/Users/zeki/Documents/Projects/personal/js_challenge_jagaad_zeki-oztorun/src/components/icons/IconDelete.vue"
      ],
      "names": [],
      "mappings": ";;;EACO,KAA8B,EAA9B,gCAA8B;EAAC,OAAO,EAAC,WAAW;;gCACrD,aAAkH;EAA5G,IAAI,EAAC,cAAc;EAAC,CAAC,EAAC,mFAAmF;;;;wBADjH,aAEM,OAFN,UAEM;IADJ,UAAkH",
      "file": "/Users/zeki/Documents/Projects/personal/js_challenge_jagaad_zeki-oztorun/src/components/icons/IconDelete.vue",
      "sourceRoot": "",
      "sourcesContent": [
        "<template>\n  <svg style=\"width:24px;height:24px\" viewBox=\"0 0 24 24\">\n    <path fill=\"currentColor\" d=\"M19,4H15.5L14.5,3H9.5L8.5,4H5V6H19M6,19A2,2 0 0,0 8,21H16A2,2 0 0,0 18,19V7H6V19Z\" />\n  </svg>\n</template>"
      ]
    },
    "_coverageSchema": "1a1c01bbd47fc00a2c39e90264f33305004495a9",
    "hash": "84224c334b56cc21a50d3a03bc00c4a8395133d8"
  },
  "/Users/zeki/Documents/Projects/personal/js_challenge_jagaad_zeki-oztorun/src/components/MiniBagTrigger.vue": {
    "path": "/Users/zeki/Documents/Projects/personal/js_challenge_jagaad_zeki-oztorun/src/components/MiniBagTrigger.vue",
    "statementMap": {
      "0": {
        "start": {
          "line": 10,
          "column": 22
        },
        "end": {
          "line": 10,
          "column": 32
        }
      },
      "1": {
        "start": {
          "line": 11,
          "column": 26
        },
        "end": {
          "line": 11,
          "column": 89
        }
      },
      "2": {
        "start": {
          "line": 11,
          "column": 41
        },
        "end": {
          "line": 11,
          "column": 88
        }
      },
      "3": {
        "start": {
          "line": 12,
          "column": 27
        },
        "end": {
          "line": 15,
          "column": 10
        }
      },
      "4": {
        "start": {
          "line": 13,
          "column": 26
        },
        "end": {
          "line": 13,
          "column": 58
        }
      },
      "5": {
        "start": {
          "line": 14,
          "column": 12
        },
        "end": {
          "line": 14,
          "column": 45
        }
      },
      "6": {
        "start": {
          "line": 16,
          "column": 8
        },
        "end": {
          "line": 19,
          "column": 10
        }
      }
    },
    "fnMap": {
      "0": {
        "name": "(anonymous_0)",
        "decl": {
          "start": {
            "line": 9,
            "column": 4
          },
          "end": {
            "line": 9,
            "column": 5
          }
        },
        "loc": {
          "start": {
            "line": 9,
            "column": 12
          },
          "end": {
            "line": 20,
            "column": 5
          }
        },
        "line": 9
      },
      "1": {
        "name": "(anonymous_1)",
        "decl": {
          "start": {
            "line": 11,
            "column": 35
          },
          "end": {
            "line": 11,
            "column": 36
          }
        },
        "loc": {
          "start": {
            "line": 11,
            "column": 41
          },
          "end": {
            "line": 11,
            "column": 88
          }
        },
        "line": 11
      },
      "2": {
        "name": "(anonymous_2)",
        "decl": {
          "start": {
            "line": 12,
            "column": 36
          },
          "end": {
            "line": 12,
            "column": 37
          }
        },
        "loc": {
          "start": {
            "line": 12,
            "column": 42
          },
          "end": {
            "line": 15,
            "column": 9
          }
        },
        "line": 12
      }
    },
    "branchMap": {
      "0": {
        "loc": {
          "start": {
            "line": 14,
            "column": 19
          },
          "end": {
            "line": 14,
            "column": 44
          }
        },
        "type": "cond-expr",
        "locations": [
          {
            "start": {
              "line": 14,
              "column": 27
            },
            "end": {
              "line": 14,
              "column": 39
            }
          },
          {
            "start": {
              "line": 14,
              "column": 42
            },
            "end": {
              "line": 14,
              "column": 44
            }
          }
        ],
        "line": 14
      }
    },
    "s": {
      "0": 24,
      "1": 24,
      "2": 28,
      "3": 24,
      "4": 28,
      "5": 28,
      "6": 24
    },
    "f": {
      "0": 24,
      "1": 28,
      "2": 28
    },
    "b": {
      "0": [
        2,
        26
      ]
    },
    "inputSourceMap": {
      "version": 3,
      "file": "/Users/zeki/Documents/Projects/personal/js_challenge_jagaad_zeki-oztorun/src/components/MiniBagTrigger.vue.ts",
      "sourceRoot": "",
      "sources": [
        "/Users/zeki/Documents/Projects/personal/js_challenge_jagaad_zeki-oztorun/src/components/MiniBagTrigger.vue"
      ],
      "names": [],
      "mappings": "AACA,OAAO,EAAE,QAAQ,EAAE,eAAe,EAAE,MAAM,KAAK,CAAA;AAC/C,OAAO,EAAE,QAAQ,EAAE,MAAM,gBAAgB,CAAC;AAC1C,OAAO,EAAE,SAAS,EAAE,MAAM,mBAAmB,CAAC;AAC9C,OAAO,OAAO,MAAM,gCAAgC,CAAA;AAGpD,eAAe,eAAe,CAAC;IAC7B,UAAU,EAAE;QACV,OAAO;KACR;IACD,KAAK;QACH,MAAM,KAAK,GAAG,QAAQ,EAAE,CAAC;QACzB,MAAM,SAAS,GAAG,QAAQ,CAAC,GAAG,EAAE,CAAC,KAAK,CAAC,OAAO,CAAC,SAAS,CAAC,OAAO,CAAC,cAAc,CAAC,CAAC,CAAC;QAClF,MAAM,UAAU,GAAG,QAAQ,CACzB,GAAG,EAAE;YACH,MAAM,KAAK,GAAK,KAAK,CAAC,KAAK,CAAC,SAAuC,CAAC,UAAU,CAAC;YAC/E,OAAO,KAAK,CAAC,CAAC,CAAC,KAAK,KAAK,EAAE,CAAC,CAAC,CAAC,EAAE,CAAA;QAClC,CAAC,CACF,CAAC;QAEF,OAAO;YACL,UAAU;YACV,SAAS;SACV,CAAA;IACH,CAAC;CACF,CAAC,CAAA",
      "sourcesContent": [
        "\nimport { computed, defineComponent } from 'vue'\nimport { useStore } from '@/use/useStore';\nimport { BAG_STORE } from \"@/store/constants\";\nimport IconBag from '@/components/icons/IconBag.vue'\nimport { BagStateTypes } from '@/store/interfaces';\n\nexport default defineComponent({\n  components: {\n    IconBag,\n  },\n  setup () {\n    const store = useStore();\n    const itemCount = computed(() => store.getters[BAG_STORE.GETTERS.BAG_ITEM_COUNT]);\n    const totalPrice = computed(\n      () => {\n        const price = ((store.state.bagModule as unknown) as BagStateTypes).totalPrice;\n        return price ? `€ ${price}` : ''\n      }\n    );\n    \n    return {\n      totalPrice,\n      itemCount,\n    }\n  }\n})\n"
      ]
    },
    "_coverageSchema": "1a1c01bbd47fc00a2c39e90264f33305004495a9",
    "hash": "b64b8ddebfe019a384a8b30e00c4d538ec836eed"
  },
  "/Users/zeki/Documents/Projects/personal/js_challenge_jagaad_zeki-oztorun/src/use/useStore.ts": {
    "path": "/Users/zeki/Documents/Projects/personal/js_challenge_jagaad_zeki-oztorun/src/use/useStore.ts",
    "statementMap": {
      "0": {
        "start": {
          "line": 6,
          "column": 4
        },
        "end": {
          "line": 6,
          "column": 23
        }
      }
    },
    "fnMap": {
      "0": {
        "name": "useStore",
        "decl": {
          "start": {
            "line": 5,
            "column": 16
          },
          "end": {
            "line": 5,
            "column": 24
          }
        },
        "loc": {
          "start": {
            "line": 5,
            "column": 27
          },
          "end": {
            "line": 7,
            "column": 1
          }
        },
        "line": 5
      }
    },
    "branchMap": {},
    "s": {
      "0": 48
    },
    "f": {
      "0": 48
    },
    "b": {},
    "inputSourceMap": {
      "version": 3,
      "file": "/Users/zeki/Documents/Projects/personal/js_challenge_jagaad_zeki-oztorun/src/use/useStore.ts",
      "sourceRoot": "",
      "sources": [
        "/Users/zeki/Documents/Projects/personal/js_challenge_jagaad_zeki-oztorun/src/use/useStore.ts"
      ],
      "names": [],
      "mappings": "AAEA,OAAO,EAAE,QAAQ,IAAI,SAAS,EAAE,MAAM,MAAM,CAAC;AAC7C;;GAEG;AACH,MAAM,UAAU,QAAQ;IACtB,OAAO,SAAS,EAAW,CAAC;AAC9B,CAAC",
      "sourcesContent": [
        "import { Store } from \"@/store\";\n\nimport { useStore as VuexStore } from \"vuex\";\n/**\n * Returns Whole Store Object\n */\nexport function useStore(): Store {\n  return VuexStore() as Store;\n}"
      ]
    },
    "_coverageSchema": "1a1c01bbd47fc00a2c39e90264f33305004495a9",
    "hash": "5dcfb23f43ba04131ee8f64ee6e9b63606a0fd5c"
  },
  "/Users/zeki/Documents/Projects/personal/js_challenge_jagaad_zeki-oztorun/src/components/icons/IconBag.vue": {
    "path": "/Users/zeki/Documents/Projects/personal/js_challenge_jagaad_zeki-oztorun/src/components/icons/IconBag.vue",
    "statementMap": {
      "0": {
        "start": {
          "line": 3,
          "column": 19
        },
        "end": {
          "line": 11,
          "column": 1
        }
      },
      "1": {
        "start": {
          "line": 12,
          "column": 32
        },
        "end": {
          "line": 12,
          "column": 75
        }
      },
      "2": {
        "start": {
          "line": 13,
          "column": 32
        },
        "end": {
          "line": 18,
          "column": 12
        }
      },
      "3": {
        "start": {
          "line": 21,
          "column": 2
        },
        "end": {
          "line": 24,
          "column": 5
        }
      }
    },
    "fnMap": {
      "0": {
        "name": "render",
        "decl": {
          "start": {
            "line": 20,
            "column": 16
          },
          "end": {
            "line": 20,
            "column": 22
          }
        },
        "loc": {
          "start": {
            "line": 20,
            "column": 37
          },
          "end": {
            "line": 25,
            "column": 1
          }
        },
        "line": 20
      }
    },
    "branchMap": {},
    "s": {
      "0": 24,
      "1": 24,
      "2": 24,
      "3": 24
    },
    "f": {
      "0": 24
    },
    "b": {},
    "inputSourceMap": {
      "version": 3,
      "sources": [
        "/Users/zeki/Documents/Projects/personal/js_challenge_jagaad_zeki-oztorun/src/components/icons/IconBag.vue"
      ],
      "names": [],
      "mappings": ";;;EACO,KAAK,EAAC,MAAM;EAAC,KAAK,EAAC,MAAM;EAAC,MAAM,EAAC,MAAM;EAAC,OAAO,EAAC,YAAY;EAAC,OAAO,EAAC,KAAK;EAAC,KAAK,EAAC,4BAA4B;EAAC,aAAW,EAAC,8BAA8B;;gCACzJ,aAAuB,eAAhB,UAAQ;gCACf,aAAkV;EAA5U,CAAC,EAAC,kRAAkR;EAAC,EAAE,EAAC,UAAU;EAAC,MAAM,EAAC,MAAM;EAAC,WAAS,EAAC,SAAS;;;;wBAF9U,aAGM,OAHN,UAGM;IAFF,UAAuB;IACvB,UAAkV",
      "file": "/Users/zeki/Documents/Projects/personal/js_challenge_jagaad_zeki-oztorun/src/components/icons/IconBag.vue",
      "sourceRoot": "",
      "sourcesContent": [
        "<template>\n  <svg class=\"icon\" width=\"17px\" height=\"18px\" viewBox=\"36 8 17 18\" version=\"1.1\" xmlns=\"http://www.w3.org/2000/svg\" xmlns:xlink=\"http://www.w3.org/1999/xlink\">\n      <title>Bag Icon</title>\n      <path d=\"M52.997701,12.8571429 L49.3553365,12.8571429 L49.3553365,8 L39.6423645,8 L39.6423645,12.8571429 L36,12.8571429 L36,25 L52.997701,25 L52.997701,12.8571429 Z M42.0706075,10.4285714 L46.9270935,10.4285714 L46.9270935,12.8571429 L42.0706075,12.8571429 L42.0706075,10.4285714 Z\" id=\"Bag-Icon\" stroke=\"none\" fill-rule=\"evenodd\"></path>\n  </svg>\n</template>"
      ]
    },
    "_coverageSchema": "1a1c01bbd47fc00a2c39e90264f33305004495a9",
    "hash": "de05146a36e49f1c0b776d3a00714b0fd1773f85"
  },
  "/Users/zeki/Documents/Projects/personal/js_challenge_jagaad_zeki-oztorun/src/components/WishlistTrigger.vue": {
    "path": "/Users/zeki/Documents/Projects/personal/js_challenge_jagaad_zeki-oztorun/src/components/WishlistTrigger.vue",
    "statementMap": {
      "0": {
        "start": {
          "line": 10,
          "column": 22
        },
        "end": {
          "line": 10,
          "column": 32
        }
      },
      "1": {
        "start": {
          "line": 11,
          "column": 26
        },
        "end": {
          "line": 11,
          "column": 99
        }
      },
      "2": {
        "start": {
          "line": 11,
          "column": 41
        },
        "end": {
          "line": 11,
          "column": 98
        }
      },
      "3": {
        "start": {
          "line": 12,
          "column": 8
        },
        "end": {
          "line": 14,
          "column": 10
        }
      }
    },
    "fnMap": {
      "0": {
        "name": "(anonymous_0)",
        "decl": {
          "start": {
            "line": 9,
            "column": 4
          },
          "end": {
            "line": 9,
            "column": 5
          }
        },
        "loc": {
          "start": {
            "line": 9,
            "column": 12
          },
          "end": {
            "line": 15,
            "column": 5
          }
        },
        "line": 9
      },
      "1": {
        "name": "(anonymous_1)",
        "decl": {
          "start": {
            "line": 11,
            "column": 35
          },
          "end": {
            "line": 11,
            "column": 36
          }
        },
        "loc": {
          "start": {
            "line": 11,
            "column": 41
          },
          "end": {
            "line": 11,
            "column": 98
          }
        },
        "line": 11
      }
    },
    "branchMap": {},
    "s": {
      "0": 24,
      "1": 24,
      "2": 28,
      "3": 24
    },
    "f": {
      "0": 24,
      "1": 28
    },
    "b": {},
    "inputSourceMap": {
      "version": 3,
      "file": "/Users/zeki/Documents/Projects/personal/js_challenge_jagaad_zeki-oztorun/src/components/WishlistTrigger.vue.ts",
      "sourceRoot": "",
      "sources": [
        "/Users/zeki/Documents/Projects/personal/js_challenge_jagaad_zeki-oztorun/src/components/WishlistTrigger.vue"
      ],
      "names": [],
      "mappings": "AACA,OAAO,EAAE,QAAQ,EAAE,eAAe,EAAE,MAAM,KAAK,CAAA;AAC/C,OAAO,EAAE,QAAQ,EAAE,MAAM,gBAAgB,CAAC;AAC1C,OAAO,EAAE,cAAc,EAAE,MAAM,mBAAmB,CAAC;AACnD,OAAO,YAAY,MAAM,qCAAqC,CAAA;AAE9D,eAAe,eAAe,CAAC;IAC7B,UAAU,EAAE;QACV,YAAY;KACb;IACD,KAAK;QACH,MAAM,KAAK,GAAG,QAAQ,EAAE,CAAC;QACzB,MAAM,SAAS,GAAG,QAAQ,CAAC,GAAG,EAAE,CAAC,KAAK,CAAC,OAAO,CAAC,cAAc,CAAC,OAAO,CAAC,mBAAmB,CAAC,CAAC,CAAC;QAE5F,OAAO;YACL,SAAS;SACV,CAAA;IACH,CAAC;CACF,CAAC,CAAA",
      "sourcesContent": [
        "\nimport { computed, defineComponent } from 'vue'\nimport { useStore } from '@/use/useStore';\nimport { WISHLIST_STORE } from \"@/store/constants\";\nimport IconWishlist from '@/components/icons/IconWishlist.vue'\n\nexport default defineComponent({\n  components: {\n    IconWishlist,\n  },\n  setup () {\n    const store = useStore();\n    const itemCount = computed(() => store.getters[WISHLIST_STORE.GETTERS.WISHLIST_ITEM_COUNT]);\n    \n    return {\n      itemCount,\n    }\n  }\n})\n"
      ]
    },
    "_coverageSchema": "1a1c01bbd47fc00a2c39e90264f33305004495a9",
    "hash": "35a9fcc8c2100428871ff527df4e9de7f50875f1"
  },
  "/Users/zeki/Documents/Projects/personal/js_challenge_jagaad_zeki-oztorun/src/components/icons/IconWishlist.vue": {
    "path": "/Users/zeki/Documents/Projects/personal/js_challenge_jagaad_zeki-oztorun/src/components/icons/IconWishlist.vue",
    "statementMap": {
      "0": {
        "start": {
          "line": 3,
          "column": 19
        },
        "end": {
          "line": 11,
          "column": 1
        }
      },
      "1": {
        "start": {
          "line": 12,
          "column": 32
        },
        "end": {
          "line": 12,
          "column": 80
        }
      },
      "2": {
        "start": {
          "line": 13,
          "column": 32
        },
        "end": {
          "line": 18,
          "column": 12
        }
      },
      "3": {
        "start": {
          "line": 21,
          "column": 2
        },
        "end": {
          "line": 24,
          "column": 5
        }
      }
    },
    "fnMap": {
      "0": {
        "name": "render",
        "decl": {
          "start": {
            "line": 20,
            "column": 16
          },
          "end": {
            "line": 20,
            "column": 22
          }
        },
        "loc": {
          "start": {
            "line": 20,
            "column": 37
          },
          "end": {
            "line": 25,
            "column": 1
          }
        },
        "line": 20
      }
    },
    "branchMap": {},
    "s": {
      "0": 24,
      "1": 24,
      "2": 24,
      "3": 192
    },
    "f": {
      "0": 192
    },
    "b": {},
    "inputSourceMap": {
      "version": 3,
      "sources": [
        "/Users/zeki/Documents/Projects/personal/js_challenge_jagaad_zeki-oztorun/src/components/icons/IconWishlist.vue"
      ],
      "names": [],
      "mappings": ";;;EACO,KAAK,EAAC,MAAM;EAAC,KAAK,EAAC,MAAM;EAAC,MAAM,EAAC,MAAM;EAAC,OAAO,EAAC,WAAW;EAAC,OAAO,EAAC,KAAK;EAAC,KAAK,EAAC,4BAA4B;EAAC,aAAW,EAAC,8BAA8B;;gCACxJ,aAA4B,eAArB,eAAa;gCACpB,aAAmR;EAA1Q,EAAE,EAAC,eAAe;EAAC,MAAM,EAAC,MAAM;EAAC,WAAS,EAAC,SAAS;EAAC,MAAM,EAAC,mMAAmM;;;;wBAF5Q,aAGM,OAHN,UAGM;IAFF,UAA4B;IAC5B,UAAmR",
      "file": "/Users/zeki/Documents/Projects/personal/js_challenge_jagaad_zeki-oztorun/src/components/icons/IconWishlist.vue",
      "sourceRoot": "",
      "sourcesContent": [
        "<template>\n  <svg class=\"icon\" width=\"20px\" height=\"20px\" viewBox=\"0 6 20 20\" version=\"1.1\" xmlns=\"http://www.w3.org/2000/svg\" xmlns:xlink=\"http://www.w3.org/1999/xlink\">\n      <title>Wishlist Icon</title>\n      <polygon id=\"Wishlist-Icon\" stroke=\"none\" fill-rule=\"evenodd\" points=\"12.3598869 13.2675869 20 13.2675869 13.8200565 17.7545318 16.1782804 25.0221187 9.99833694 20.5318477 3.81839348 25.0221187 6.17994346 17.7545318 0 13.2675869 7.63678696 13.2675869 9.99833694 6\"></polygon>\n  </svg>\n</template>"
      ]
    },
    "_coverageSchema": "1a1c01bbd47fc00a2c39e90264f33305004495a9",
    "hash": "27d780d6c1d6ad5e8c908cbf4507703c8938ce7c"
  },
  "/Users/zeki/Documents/Projects/personal/js_challenge_jagaad_zeki-oztorun/src/layout/DefaultFooter.vue": {
    "path": "/Users/zeki/Documents/Projects/personal/js_challenge_jagaad_zeki-oztorun/src/layout/DefaultFooter.vue",
    "statementMap": {
      "0": {
        "start": {
          "line": 5,
          "column": 60
        },
        "end": {
          "line": 5,
          "column": 91
        }
      },
      "1": {
        "start": {
          "line": 6,
          "column": 35
        },
        "end": {
          "line": 9,
          "column": 9
        }
      },
      "2": {
        "start": {
          "line": 7,
          "column": 12
        },
        "end": {
          "line": 7,
          "column": 41
        }
      },
      "3": {
        "start": {
          "line": 8,
          "column": 12
        },
        "end": {
          "line": 8,
          "column": 51
        }
      },
      "4": {
        "start": {
          "line": 10,
          "column": 8
        },
        "end": {
          "line": 14,
          "column": 10
        }
      }
    },
    "fnMap": {
      "0": {
        "name": "(anonymous_0)",
        "decl": {
          "start": {
            "line": 4,
            "column": 4
          },
          "end": {
            "line": 4,
            "column": 5
          }
        },
        "loc": {
          "start": {
            "line": 4,
            "column": 12
          },
          "end": {
            "line": 15,
            "column": 5
          }
        },
        "line": 4
      },
      "1": {
        "name": "(anonymous_1)",
        "decl": {
          "start": {
            "line": 6,
            "column": 35
          },
          "end": {
            "line": 6,
            "column": 36
          }
        },
        "loc": {
          "start": {
            "line": 6,
            "column": 47
          },
          "end": {
            "line": 9,
            "column": 9
          }
        },
        "line": 6
      }
    },
    "branchMap": {},
    "s": {
      "0": 24,
      "1": 24,
      "2": 0,
      "3": 0,
      "4": 24
    },
    "f": {
      "0": 24,
      "1": 0
    },
    "b": {},
    "inputSourceMap": {
      "version": 3,
      "file": "/Users/zeki/Documents/Projects/personal/js_challenge_jagaad_zeki-oztorun/src/layout/DefaultFooter.vue.ts",
      "sourceRoot": "",
      "sources": [
        "/Users/zeki/Documents/Projects/personal/js_challenge_jagaad_zeki-oztorun/src/layout/DefaultFooter.vue"
      ],
      "names": [],
      "mappings": "AACA,OAAO,EAAE,eAAe,EAAE,MAAM,KAAK,CAAA;AACrC,OAAO,EAAE,OAAO,EAAE,MAAM,UAAU,CAAA;AAElC,eAAe,eAAe,CAAC;IAC/B,KAAK;QACH,MAAM,EAAE,MAAM,EAAE,aAAa,EAAE,gBAAgB,EAAE,GAAG,OAAO,CAAC,EAAE,QAAQ,EAAE,QAAQ,EAAE,CAAC,CAAA;QAEnF,MAAM,kBAAkB,GAAG,CAAC,MAAc,EAAE,EAAE;YAC5C,aAAa,CAAC,KAAK,GAAG,MAAM,CAAC;YAC7B,YAAY,CAAC,OAAO,CAAC,QAAQ,EAAE,MAAM,CAAC,CAAC;QACzC,CAAC,CAAA;QAED,OAAO;YACL,aAAa;YACb,gBAAgB;YAChB,kBAAkB;SACpB,CAAA;IACF,CAAC;CACA,CAAC,CAAA",
      "sourcesContent": [
        "\nimport { defineComponent } from 'vue'\nimport { useI18n } from 'vue-i18n'\n\nexport default defineComponent({\nsetup() {\n  const { locale: currentLocale, availableLocales } = useI18n({ useScope: 'global' })\n\n  const handleLocaleChange = (locale: string) => {\n    currentLocale.value = locale;\n    localStorage.setItem(\"locale\", locale);\n  }\n\n  return {\n    currentLocale,\n    availableLocales,\n    handleLocaleChange,\n }\n}\n})\n"
      ]
    },
    "_coverageSchema": "1a1c01bbd47fc00a2c39e90264f33305004495a9",
    "hash": "0c0df0e6a745fd74ce197baf8eda84e9fcf75ba4"
  },
  "/Users/zeki/Documents/Projects/personal/js_challenge_jagaad_zeki-oztorun/src/views/Home.vue": {
    "path": "/Users/zeki/Documents/Projects/personal/js_challenge_jagaad_zeki-oztorun/src/views/Home.vue",
    "statementMap": {
      "0": {
        "start": {
          "line": 16,
          "column": 22
        },
        "end": {
          "line": 16,
          "column": 32
        }
      },
      "1": {
        "start": {
          "line": 17,
          "column": 22
        },
        "end": {
          "line": 17,
          "column": 32
        }
      },
      "2": {
        "start": {
          "line": 18,
          "column": 21
        },
        "end": {
          "line": 18,
          "column": 72
        }
      },
      "3": {
        "start": {
          "line": 18,
          "column": 36
        },
        "end": {
          "line": 18,
          "column": 71
        }
      },
      "4": {
        "start": {
          "line": 19,
          "column": 23
        },
        "end": {
          "line": 19,
          "column": 59
        }
      },
      "5": {
        "start": {
          "line": 19,
          "column": 38
        },
        "end": {
          "line": 19,
          "column": 58
        }
      },
      "6": {
        "start": {
          "line": 20,
          "column": 27
        },
        "end": {
          "line": 20,
          "column": 36
        }
      },
      "7": {
        "start": {
          "line": 21,
          "column": 8
        },
        "end": {
          "line": 45,
          "column": 11
        }
      },
      "8": {
        "start": {
          "line": 21,
          "column": 20
        },
        "end": {
          "line": 21,
          "column": 34
        }
      },
      "9": {
        "start": {
          "line": 22,
          "column": 48
        },
        "end": {
          "line": 26,
          "column": 14
        }
      },
      "10": {
        "start": {
          "line": 27,
          "column": 12
        },
        "end": {
          "line": 27,
          "column": 29
        }
      },
      "11": {
        "start": {
          "line": 28,
          "column": 12
        },
        "end": {
          "line": 28,
          "column": 28
        }
      },
      "12": {
        "start": {
          "line": 29,
          "column": 12
        },
        "end": {
          "line": 40,
          "column": 16
        }
      },
      "13": {
        "start": {
          "line": 30,
          "column": 118
        },
        "end": {
          "line": 30,
          "column": 122
        }
      },
      "14": {
        "start": {
          "line": 31,
          "column": 16
        },
        "end": {
          "line": 39,
          "column": 18
        }
      },
      "15": {
        "start": {
          "line": 41,
          "column": 12
        },
        "end": {
          "line": 41,
          "column": 90
        }
      },
      "16": {
        "start": {
          "line": 46,
          "column": 8
        },
        "end": {
          "line": 49,
          "column": 10
        }
      }
    },
    "fnMap": {
      "0": {
        "name": "(anonymous_0)",
        "decl": {
          "start": {
            "line": 15,
            "column": 4
          },
          "end": {
            "line": 15,
            "column": 5
          }
        },
        "loc": {
          "start": {
            "line": 15,
            "column": 12
          },
          "end": {
            "line": 50,
            "column": 5
          }
        },
        "line": 15
      },
      "1": {
        "name": "(anonymous_1)",
        "decl": {
          "start": {
            "line": 18,
            "column": 30
          },
          "end": {
            "line": 18,
            "column": 31
          }
        },
        "loc": {
          "start": {
            "line": 18,
            "column": 36
          },
          "end": {
            "line": 18,
            "column": 71
          }
        },
        "line": 18
      },
      "2": {
        "name": "(anonymous_2)",
        "decl": {
          "start": {
            "line": 19,
            "column": 32
          },
          "end": {
            "line": 19,
            "column": 33
          }
        },
        "loc": {
          "start": {
            "line": 19,
            "column": 38
          },
          "end": {
            "line": 19,
            "column": 58
          }
        },
        "line": 19
      },
      "3": {
        "name": "(anonymous_3)",
        "decl": {
          "start": {
            "line": 21,
            "column": 14
          },
          "end": {
            "line": 21,
            "column": 15
          }
        },
        "loc": {
          "start": {
            "line": 21,
            "column": 20
          },
          "end": {
            "line": 21,
            "column": 34
          }
        },
        "line": 21
      },
      "4": {
        "name": "(anonymous_4)",
        "decl": {
          "start": {
            "line": 21,
            "column": 36
          },
          "end": {
            "line": 21,
            "column": 37
          }
        },
        "loc": {
          "start": {
            "line": 21,
            "column": 48
          },
          "end": {
            "line": 42,
            "column": 9
          }
        },
        "line": 21
      },
      "5": {
        "name": "(anonymous_5)",
        "decl": {
          "start": {
            "line": 29,
            "column": 82
          },
          "end": {
            "line": 29,
            "column": 83
          }
        },
        "loc": {
          "start": {
            "line": 29,
            "column": 92
          },
          "end": {
            "line": 40,
            "column": 13
          }
        },
        "line": 29
      }
    },
    "branchMap": {
      "0": {
        "loc": {
          "start": {
            "line": 18,
            "column": 36
          },
          "end": {
            "line": 18,
            "column": 71
          }
        },
        "type": "binary-expr",
        "locations": [
          {
            "start": {
              "line": 18,
              "column": 36
            },
            "end": {
              "line": 18,
              "column": 66
            }
          },
          {
            "start": {
              "line": 18,
              "column": 70
            },
            "end": {
              "line": 18,
              "column": 71
            }
          }
        ],
        "line": 18
      },
      "1": {
        "loc": {
          "start": {
            "line": 41,
            "column": 58
          },
          "end": {
            "line": 41,
            "column": 88
          }
        },
        "type": "binary-expr",
        "locations": [
          {
            "start": {
              "line": 41,
              "column": 58
            },
            "end": {
              "line": 41,
              "column": 83
            }
          },
          {
            "start": {
              "line": 41,
              "column": 87
            },
            "end": {
              "line": 41,
              "column": 88
            }
          }
        ],
        "line": 41
      }
    },
    "s": {
      "0": 24,
      "1": 24,
      "2": 24,
      "3": 31,
      "4": 24,
      "5": 31,
      "6": 24,
      "7": 24,
      "8": 31,
      "9": 31,
      "10": 31,
      "11": 31,
      "12": 29,
      "13": 164,
      "14": 164,
      "15": 29,
      "16": 24
    },
    "f": {
      "0": 24,
      "1": 31,
      "2": 31,
      "3": 31,
      "4": 31,
      "5": 164
    },
    "b": {
      "0": [
        31,
        0
      ],
      "1": [
        29,
        0
      ]
    },
    "inputSourceMap": {
      "version": 3,
      "file": "/Users/zeki/Documents/Projects/personal/js_challenge_jagaad_zeki-oztorun/src/views/Home.vue.ts",
      "sourceRoot": "",
      "sources": [
        "/Users/zeki/Documents/Projects/personal/js_challenge_jagaad_zeki-oztorun/src/views/Home.vue"
      ],
      "names": [],
      "mappings": "AACA,OAAO,EAAE,QAAQ,EAAE,eAAe,EAAE,QAAQ,EAAE,KAAK,EAAE,MAAM,KAAK,CAAC;AACjE,OAAO,EAAE,QAAQ,EAAE,MAAM,MAAM,CAAC;AAChC,OAAO,EAAE,QAAQ,EAAE,MAAM,YAAY,CAAC;AACtC,OAAO,EAAE,QAAQ,EAAE,MAAM,gBAAgB,CAAC;AAC1C,OAAO,EAAE,OAAO,EAAE,MAAM,UAAU,CAAC;AAEnC,OAAO,UAAU,MAAM,gCAAgC,CAAC;AACxD,OAAO,WAAW,MAAM,8BAA8B,CAAC;AAEvD,OAAO,EAAE,UAAU,EAAC,MAAM,mBAAmB,CAAC;AAG9C,eAAe,eAAe,CAAC;IAC7B,IAAI,EAAE,MAAM;IACZ,UAAU,EAAE;QACV,UAAU;QACV,WAAW;KACZ;IACD,KAAK;QACH,MAAM,KAAK,GAAG,QAAQ,EAAE,CAAC;QACzB,MAAM,KAAK,GAAG,QAAQ,EAAE,CAAC;QACzB,MAAM,IAAI,GAAG,QAAQ,CAAC,GAAG,EAAE,CAAC,QAAQ,CAAC,KAAK,CAAC,KAAK,CAAC,IAAc,EAAE,EAAE,CAAC,IAAI,CAAC,CAAC,CAAC;QAC3E,MAAM,MAAM,GAAG,QAAQ,CAAC,GAAG,EAAE,CAAC,CAAC,IAAI,CAAC,KAAK,GAAG,CAAC,CAAC,GAAG,CAAC,CAAC,CAAC;QACpD,MAAM,EAAE,MAAM,EAAE,GAAG,OAAO,EAAE,CAAC;QAG7B,KAAK,CACH,GAAG,EAAE,CAAC,CAAC,IAAI,EAAE,MAAM,CAAC,EACpB,KAAK,IAAI,EAAE;YACT,MAAM,EACJ,IAAI,EAAE,QAAQ,EACd,OAAO,EACR,GAAG,QAAQ,CACV,eAAe,EACf;gBACE,MAAM,EAAE,MAAM,CAAC,KAAK;gBACpB,KAAK,EAAE,CAAC;gBACR,QAAQ,EAAE,KAAK;aAChB,CACF,CAAC;YACF,MAAM,QAAQ,EAAE,CAAA;YAChB,MAAM,OAAO,EAAE,CAAC;YAEhB,KAAK,CAAC,QAAQ,CACd,UAAU,CAAC,OAAO,CAAC,UAAU,EAC7B,QAAQ,CAAC,KAAK,CAAC,IAAI,CAAC,GAAG,CAAC,CAAC,IAAc,EAAE,EAAE;gBACzC,MAAM,EACJ,IAAI,EACJ,eAAe,EACf,KAAK,EACL,WAAW,EACX,YAAY,EACZ,qBAAqB,EACrB,QAAQ,GACT,GAAG,IAAI,CAAC;gBAET,OAAO;oBACL,IAAI;oBACJ,eAAe;oBACf,KAAK;oBACL,WAAW;oBACX,YAAY;oBACZ,qBAAqB;oBACrB,QAAQ;iBACT,CAAA;YACH,CAAC,CAAC,CACH,CAAC;YACF,KAAK,CAAC,QAAQ,CAAC,UAAU,CAAC,OAAO,CAAC,UAAU,EAAE,QAAQ,CAAC,KAAK,CAAC,IAAI,CAAC,KAAK,IAAI,CAAC,CAAC,CAAA;QAC7E,CAAC,EACD;YACE,SAAS,EAAE,IAAI;YACf,IAAI,EAAE,IAAI;SACX,CACF,CAAA;QAED,OAAO;YACL,IAAI;YACJ,MAAM;SACP,CAAA;IACH,CAAC;CACF,CAAC,CAAC",
      "sourcesContent": [
        "\nimport { computed, defineComponent, nextTick, watch } from 'vue';\nimport { useStore } from 'vuex';\nimport { useRoute } from 'vue-router';\nimport { useAxios } from '@/use/useAxios';\nimport { useI18n } from 'vue-i18n';\n\nimport Pagination from '@/components/ThePagination.vue';\nimport ProductList from '@/components/ProductList.vue';\n\nimport { ROOT_STORE} from \"@/store/constants\";\nimport { ItemData } from \"@/store/interfaces\";\n\nexport default defineComponent({\n  name: 'Home',\n  components: {\n    Pagination,\n    ProductList,\n  },\n  setup () {\n    const store = useStore();\n    const route = useRoute();\n    const page = computed(() => parseInt(route.query.page as string, 10) || 1);\n    const offset = computed(() => (page.value - 1) * 6);\n    const { locale } = useI18n();\n    \n\n    watch(\n      () => [page, locale],\n      async () => {        \n        const {\n          data: response,\n          getData\n        } = useAxios(\n          'getActivities',\n          {\n            offset: offset.value,\n            limit: 6,\n            venue_in: '164'\n          },\n        );\n        await nextTick()\n        await getData();\n        \n        store.dispatch(\n        ROOT_STORE.ACTIONS.ITEM_LISTS,\n        response.value.data.map((item: ItemData) => {\n          const {\n            uuid,\n            cover_image_url,\n            title,\n            description,\n            retail_price,\n            original_retail_price,\n            discount,\n          } = item;\n\n          return {\n            uuid,\n            cover_image_url,\n            title,\n            description,\n            retail_price,\n            original_retail_price,\n            discount,\n          }\n        })\n      );\n      store.dispatch(ROOT_STORE.ACTIONS.ITEM_COUNT, response.value.meta.count ?? 0)\n      },\n      {\n        immediate: true,\n        deep: true,\n      }\n    )\n\n    return {\n      page,\n      offset,\n    }\n  }\n});\n"
      ]
    },
    "_coverageSchema": "1a1c01bbd47fc00a2c39e90264f33305004495a9",
    "hash": "17a8b02373cf00553504c4d398189a73696f9b12"
  },
  "/Users/zeki/Documents/Projects/personal/js_challenge_jagaad_zeki-oztorun/src/services/apiClient.ts": {
    "path": "/Users/zeki/Documents/Projects/personal/js_challenge_jagaad_zeki-oztorun/src/services/apiClient.ts",
    "statementMap": {
      "0": {
        "start": {
          "line": 2,
          "column": 18
        },
        "end": {
          "line": 9,
          "column": 2
        }
      }
    },
    "fnMap": {},
    "branchMap": {},
    "s": {
      "0": 24
    },
    "f": {},
    "b": {},
    "inputSourceMap": {
      "version": 3,
      "file": "/Users/zeki/Documents/Projects/personal/js_challenge_jagaad_zeki-oztorun/src/services/apiClient.ts",
      "sourceRoot": "",
      "sources": [
        "/Users/zeki/Documents/Projects/personal/js_challenge_jagaad_zeki-oztorun/src/services/apiClient.ts"
      ],
      "names": [],
[...]
          "end": {
            "line": 8,
            "column": 5
          }
        },
        "line": 6
      }
    },
    "branchMap": {},
    "s": {
      "0": 24,
      "1": 2,
      "2": 2
    },
    "f": {
      "0": 2,
      "1": 2
    },
    "b": {},
    "inputSourceMap": {
      "version": 3,
      "file": "/Users/zeki/Documents/Projects/personal/js_challenge_jagaad_zeki-oztorun/src/store/modules/wishlist/actions.ts",
      "sourceRoot": "",
      "sources": [
        "/Users/zeki/Documents/Projects/personal/js_challenge_jagaad_zeki-oztorun/src/store/modules/wishlist/actions.ts"
      ],
      "names": [],
      "mappings": "AAOA,OAAO,EAAE,cAAc,EAAE,MAAM,mBAAmB,CAAC;AAEnD,MAAM,CAAC,MAAM,OAAO,GACK;IACvB,CAAC,cAAc,CAAC,OAAO,CAAC,iBAAiB,CAAC,CAAC,EAAE,MAAM,EAAE,EAAE,OAAiB;QACtE,MAAM,CAAC,cAAc,CAAC,SAAS,CAAC,iBAAiB,EAAE,OAAO,CAAC,CAAC;IAC9D,CAAC;IACD,CAAC,cAAc,CAAC,OAAO,CAAC,oBAAoB,CAAC,CAAC,EAAE,MAAM,EAAE,EAAE,OAAiB;QACzE,MAAM,CAAC,cAAc,CAAC,SAAS,CAAC,oBAAoB,EAAE,OAAO,CAAC,CAAC;IACjE,CAAC;CACF,CAAC",
      "sourcesContent": [
        "import { ActionTree } from \"vuex\";\nimport {\n  WishlistActionsTypes,\n  WishlistStateTypes,\n  IRootState,\n  ItemData\n} from \"@/store/interfaces\";\nimport { WISHLIST_STORE } from \"@/store/constants\";\n\nexport const actions: ActionTree<WishlistStateTypes, IRootState> &\n  WishlistActionsTypes = {\n  [WISHLIST_STORE.ACTIONS.ADD_WISHLIST_ITEM]({ commit }, payload: ItemData) {\n    commit(WISHLIST_STORE.MUTATIONS.ADD_WISHLIST_ITEM, payload);\n  },\n  [WISHLIST_STORE.ACTIONS.REMOVE_WISHLIST_ITEM]({ commit }, payload: ItemData) {\n    commit(WISHLIST_STORE.MUTATIONS.REMOVE_WISHLIST_ITEM, payload);\n  },\n};"
      ]
    },
    "_coverageSchema": "1a1c01bbd47fc00a2c39e90264f33305004495a9",
    "hash": "d9c91f07320a18f2fbfd05740d144ac878dd60c9"
  },
  "/Users/zeki/Documents/Projects/personal/js_challenge_jagaad_zeki-oztorun/src/store/modules/wishlist/mutations.ts": {
    "path": "/Users/zeki/Documents/Projects/personal/js_challenge_jagaad_zeki-oztorun/src/store/modules/wishlist/mutations.ts",
    "statementMap": {
      "0": {
        "start": {
          "line": 2,
          "column": 25
        },
        "end": {
          "line": 15,
          "column": 1
        }
      },
      "1": {
        "start": {
          "line": 4,
          "column": 29
        },
        "end": {
          "line": 4,
          "column": 89
        }
      },
      "2": {
        "start": {
          "line": 4,
          "column": 62
        },
        "end": {
          "line": 4,
          "column": 88
        }
      },
      "3": {
        "start": {
          "line": 5,
          "column": 8
        },
        "end": {
          "line": 10,
          "column": 9
        }
      },
      "4": {
        "start": {
          "line": 6,
          "column": 12
        },
        "end": {
          "line": 9,
          "column": 14
        }
      },
      "5": {
        "start": {
          "line": 13,
          "column": 8
        },
        "end": {
          "line": 13,
          "column": 93
        }
      },
      "6": {
        "start": {
          "line": 13,
          "column": 65
        },
        "end": {
          "line": 13,
          "column": 91
        }
      }
    },
    "fnMap": {
      "0": {
        "name": "(anonymous_0)",
        "decl": {
          "start": {
            "line": 3,
            "column": 4
          },
          "end": {
            "line": 3,
            "column": 5
          }
        },
        "loc": {
          "start": {
            "line": 3,
            "column": 65
          },
          "end": {
            "line": 11,
            "column": 5
          }
        },
        "line": 3
      },
      "1": {
        "name": "(anonymous_1)",
        "decl": {
          "start": {
            "line": 4,
            "column": 54
          },
          "end": {
            "line": 4,
            "column": 55
          }
        },
        "loc": {
          "start": {
            "line": 4,
            "column": 62
          },
          "end": {
            "line": 4,
            "column": 88
          }
        },
        "line": 4
      },
      "2": {
        "name": "(anonymous_2)",
        "decl": {
          "start": {
            "line": 12,
            "column": 4
          },
          "end": {
            "line": 12,
            "column": 5
          }
        },
        "loc": {
          "start": {
            "line": 12,
            "column": 68
          },
          "end": {
            "line": 14,
            "column": 5
          }
        },
        "line": 12
      },
      "3": {
        "name": "(anonymous_3)",
        "decl": {
          "start": {
            "line": 13,
            "column": 57
          },
          "end": {
            "line": 13,
            "column": 58
          }
        },
        "loc": {
          "start": {
            "line": 13,
            "column": 65
          },
          "end": {
            "line": 13,
            "column": 91
          }
        },
        "line": 13
      }
    },
    "branchMap": {
      "0": {
        "loc": {
          "start": {
            "line": 5,
            "column": 8
          },
          "end": {
            "line": 10,
            "column": 9
          }
        },
        "type": "if",
        "locations": [
          {
            "start": {
              "line": 5,
              "column": 8
            },
            "end": {
              "line": 10,
              "column": 9
            }
          },
          {
            "start": {
              "line": 5,
              "column": 8
            },
            "end": {
              "line": 10,
              "column": 9
            }
          }
        ],
        "line": 5
      }
    },
    "s": {
      "0": 24,
      "1": 2,
      "2": 0,
      "3": 2,
      "4": 2,
      "5": 2,
      "6": 2
    },
    "f": {
      "0": 2,
      "1": 0,
      "2": 2,
      "3": 2
    },
    "b": {
      "0": [
        2,
        0
      ]
    },
    "inputSourceMap": {
      "version": 3,
      "file": "/Users/zeki/Documents/Projects/personal/js_challenge_jagaad_zeki-oztorun/src/store/modules/wishlist/mutations.ts",
      "sourceRoot": "",
      "sources": [
        "/Users/zeki/Documents/Projects/personal/js_challenge_jagaad_zeki-oztorun/src/store/modules/wishlist/mutations.ts"
      ],
      "names": [],
      "mappings": "AAEA,OAAO,EAAE,cAAc,EAAE,MAAM,mBAAmB,CAAC;AAEnD,MAAM,CAAC,MAAM,SAAS,GACK;IACzB,CAAC,cAAc,CAAC,SAAS,CAAC,iBAAiB,CAAC,CAAC,KAAyB,EAAE,OAAiB;QACvF,MAAM,YAAY,GAAG,KAAK,CAAC,aAAa,CAAC,IAAI,CAAC,IAAI,CAAC,EAAE,CAAC,IAAI,CAAC,IAAI,KAAK,OAAO,CAAC,IAAI,CAAC,CAAC;QAClF,IAAG,CAAC,YAAY,EAAE;YAChB,KAAK,CAAC,aAAa,GAAG;gBACpB,GAAG,KAAK,CAAC,aAAa;gBACtB,OAAO;aACR,CAAC;SACH;IACH,CAAC;IACD,CAAC,cAAc,CAAC,SAAS,CAAC,oBAAoB,CAAC,CAAC,KAAyB,EAAE,OAAO;QAChF,KAAK,CAAC,aAAa,GAAG,KAAK,CAAC,aAAa,CAAC,MAAM,CAAC,IAAI,CAAC,EAAE,CAAC,IAAI,CAAC,IAAI,KAAK,OAAO,CAAC,IAAI,CAAC,CAAA;IACtF,CAAC;CACF,CAAC",
      "sourcesContent": [
        "import { MutationTree } from \"vuex\";\nimport { WishlistMutationsTypes, WishlistStateTypes, ItemData } from \"@/store/interfaces\";\nimport { WISHLIST_STORE } from \"@/store/constants\";\n\nexport const mutations: MutationTree<WishlistStateTypes> &\n  WishlistMutationsTypes = {\n  [WISHLIST_STORE.MUTATIONS.ADD_WISHLIST_ITEM](state: WishlistStateTypes, payload: ItemData) {\n    const alreadyAdded = state.wishlistItems.some(item => item.uuid === payload.uuid);\n    if(!alreadyAdded) {\n      state.wishlistItems = [\n        ...state.wishlistItems,\n        payload\n      ];\n    }\n  },\n  [WISHLIST_STORE.MUTATIONS.REMOVE_WISHLIST_ITEM](state: WishlistStateTypes, payload) {\n    state.wishlistItems = state.wishlistItems.filter(item => item.uuid !== payload.uuid)\n  },\n};"
      ]
    },
    "_coverageSchema": "1a1c01bbd47fc00a2c39e90264f33305004495a9",
    "hash": "19021dd8ec5e516b4980973ebb776f08686f02d3"
  },
  "/Users/zeki/Documents/Projects/personal/js_challenge_jagaad_zeki-oztorun/src/store/modules/wishlist/state.ts": {
    "path": "/Users/zeki/Documents/Projects/personal/js_challenge_jagaad_zeki-oztorun/src/store/modules/wishlist/state.ts",
    "statementMap": {
      "0": {
        "start": {
          "line": 1,
          "column": 21
        },
        "end": {
          "line": 3,
          "column": 1
        }
      }
    },
    "fnMap": {},
    "branchMap": {},
    "s": {
      "0": 24
    },
    "f": {},
    "b": {},
    "inputSourceMap": {
      "version": 3,
      "file": "/Users/zeki/Documents/Projects/personal/js_challenge_jagaad_zeki-oztorun/src/store/modules/wishlist/state.ts",
      "sourceRoot": "",
      "sources": [
        "/Users/zeki/Documents/Projects/personal/js_challenge_jagaad_zeki-oztorun/src/store/modules/wishlist/state.ts"
      ],
      "names": [],
      "mappings": "AAEA,MAAM,CAAC,MAAM,KAAK,GAAuB;IACvC,aAAa,EAAE,EAAE;CAClB,CAAC",
      "sourcesContent": [
        "import { WishlistStateTypes } from \"./../../interfaces\";\n\nexport const state: WishlistStateTypes = {\n  wishlistItems: []\n};"
      ]
    },
    "_coverageSchema": "1a1c01bbd47fc00a2c39e90264f33305004495a9",
    "hash": "80de698a2eb5a4c82bf423948cf7f0dc5f7ed86f"
  },
  "/Users/zeki/Documents/Projects/personal/js_challenge_jagaad_zeki-oztorun/src/store/modules/wishlist/index.ts": {
    "path": "/Users/zeki/Documents/Projects/personal/js_challenge_jagaad_zeki-oztorun/src/store/modules/wishlist/index.ts",
    "statementMap": {
      "0": {
        "start": {
          "line": 6,
          "column": 17
        },
        "end": {
          "line": 11,
          "column": 1
        }
      }
    },
    "fnMap": {},
    "branchMap": {},
    "s": {
      "0": 24
    },
    "f": {},
    "b": {},
    "inputSourceMap": {
      "version": 3,
      "file": "/Users/zeki/Documents/Projects/personal/js_challenge_jagaad_zeki-oztorun/src/store/modules/wishlist/index.ts",
      "sourceRoot": "",
      "sources": [
        "/Users/zeki/Documents/Projects/personal/js_challenge_jagaad_zeki-oztorun/src/store/modules/wishlist/index.ts"
      ],
      "names": [],
      "mappings": "AAEA,OAAO,EAAE,OAAO,EAAE,MAAM,WAAW,CAAC;AACpC,OAAO,EAAE,OAAO,EAAE,MAAM,WAAW,CAAC;AACpC,OAAO,EAAE,SAAS,EAAE,MAAM,aAAa,CAAC;AACxC,OAAO,EAAE,KAAK,EAAE,MAAM,SAAS,CAAC;AAEhC,SAAS;AACT,MAAM,QAAQ,GAA2C;IACvD,KAAK;IACL,OAAO;IACP,SAAS;IACT,OAAO;CACR,CAAC;AAEF,eAAe,QAAQ,CAAC",
      "sourcesContent": [
        "import { Module } from \"vuex\";\nimport { WishlistStateTypes, IRootState } from \"@/store/interfaces\";\nimport { getters } from \"./getters\";\nimport { actions } from \"./actions\";\nimport { mutations } from \"./mutations\";\nimport { state } from \"./state\";\n\n// Module\nconst wishlist: Module<WishlistStateTypes, IRootState> = {\n  state,\n  getters,\n  mutations,\n  actions\n};\n\nexport default wishlist;"
      ]
    },
    "_coverageSchema": "1a1c01bbd47fc00a2c39e90264f33305004495a9",
    "hash": "e841dd55aa3a326f0130f47574c6cdc097163663"
  },
  "/Users/zeki/Documents/Projects/personal/js_challenge_jagaad_zeki-oztorun/src/store/modules/root/index.ts": {
    "path": "/Users/zeki/Documents/Projects/personal/js_challenge_jagaad_zeki-oztorun/src/store/modules/root/index.ts",
    "statementMap": {
      "0": {
        "start": {
          "line": 8,
          "column": 16
        },
        "end": {
          "line": 11,
          "column": 1
        }
      },
      "1": {
        "start": {
          "line": 12,
          "column": 13
        },
        "end": {
          "line": 18,
          "column": 1
        }
      }
    },
    "fnMap": {},
    "branchMap": {},
    "s": {
      "0": 24,
      "1": 24
    },
    "f": {},
    "b": {},
    "inputSourceMap": {
      "version": 3,
      "file": "/Users/zeki/Documents/Projects/personal/js_challenge_jagaad_zeki-oztorun/src/store/modules/root/index.ts",
      "sourceRoot": "",
      "sources": [
        "/Users/zeki/Documents/Projects/personal/js_challenge_jagaad_zeki-oztorun/src/store/modules/root/index.ts"
      ],
      "names": [],
      "mappings": "AAEA,OAAO,EAAE,OAAO,EAAE,MAAM,WAAW,CAAC;AACpC,OAAO,EAAE,OAAO,EAAE,MAAM,WAAW,CAAC;AACpC,OAAO,EAAE,SAAS,EAAE,MAAM,aAAa,CAAC;AACxC,OAAO,EAAE,KAAK,EAAE,MAAM,SAAS,CAAC;AAChC,OAAO,SAAS,MAAM,QAAQ,CAAC;AAC/B,OAAO,cAAc,MAAM,aAAa,CAAC;AAEzC,UAAU;AACV,MAAM,OAAO,GAA2B;IACtC,SAAS;IACT,cAAc;CACf,CAAC;AAEF,MAAM,IAAI,GAAmC;IAC3C,KAAK;IACL,OAAO;IACP,SAAS;IACT,OAAO;IACP,OAAO;CACR,CAAC;AAEF,eAAe,IAAI,CAAC",
      "sourcesContent": [
        "import { Module, ModuleTree } from \"vuex\";\nimport { IRootState } from \"@/store/interfaces\";\nimport { getters } from \"./getters\";\nimport { actions } from \"./actions\";\nimport { mutations } from \"./mutations\";\nimport { state } from \"./state\";\nimport bagModule from \"../bag\";\nimport wishlistModule from \"../wishlist\";\n\n// Modules\nconst modules: ModuleTree<IRootState> = {\n  bagModule,\n  wishlistModule,\n};\n\nconst root: Module<IRootState, IRootState> = {\n  state,\n  getters,\n  mutations,\n  actions,\n  modules\n};\n\nexport default root;"
      ]
    },
    "_coverageSchema": "1a1c01bbd47fc00a2c39e90264f33305004495a9",
    "hash": "3c093384def0b828d181f08f08ac87fe4d26572f"
  },
  "/Users/zeki/Documents/Projects/personal/js_challenge_jagaad_zeki-oztorun/src/store/index.ts": {
    "path": "/Users/zeki/Documents/Projects/personal/js_challenge_jagaad_zeki-oztorun/src/store/index.ts",
    "statementMap": {},
    "fnMap": {},
    "branchMap": {},
    "s": {},
    "f": {},
    "b": {},
    "inputSourceMap": {
      "version": 3,
      "file": "/Users/zeki/Documents/Projects/personal/js_challenge_jagaad_zeki-oztorun/src/store/index.ts",
      "sourceRoot": "",
      "sources": [
        "/Users/zeki/Documents/Projects/personal/js_challenge_jagaad_zeki-oztorun/src/store/index.ts"
      ],
      "names": [],
      "mappings": "AAAA,OAAO,EAAE,WAAW,EAAE,MAAM,MAAM,CAAC;AAMnC,OAAO,IAAI,MAAM,gBAAgB,CAAC;AAElC,eAAe,WAAW,CAAa,IAAI,CAAC,CAAC",
      "sourcesContent": [
        "import { createStore } from \"vuex\";\nimport { IRootState } from \"@/store/interfaces\";\nimport { BagStoreModuleTypes } from \"./modules/bag/types\";\nimport { WishlistStoreModuleTypes } from \"./modules/wishlist/types\";\nimport { RootStoreModuleTypes } from \"./modules/root/types\";\n\nimport root from \"./modules/root\";\n\nexport default createStore<IRootState>(root);\n\ntype StoreModules = {\n  bagModule: BagStoreModuleTypes;\n  wishlistModule: WishlistStoreModuleTypes;\n  root: RootStoreModuleTypes;\n};\n\nexport type Store = BagStoreModuleTypes<Pick<StoreModules, \"bagModule\">> &\n  WishlistStoreModuleTypes<Pick<StoreModules, \"wishlistModule\">> &\n  RootStoreModuleTypes<Pick<StoreModules, \"root\">>;\n"
      ]
    },
    "_coverageSchema": "1a1c01bbd47fc00a2c39e90264f33305004495a9",
    "hash": "ddbe5a0b9cba89fa5b6c22e2f546bd51c7a12a7a"
  },
  "/Users/zeki/Documents/Projects/personal/js_challenge_jagaad_zeki-oztorun/src/plugins/i18n.ts": {
    "path": "/Users/zeki/Documents/Projects/personal/js_challenge_jagaad_zeki-oztorun/src/plugins/i18n.ts",
    "statementMap": {},
    "fnMap": {},
    "branchMap": {},
    "s": {},
    "f": {},
    "b": {},
    "inputSourceMap": {
      "version": 3,
      "file": "/Users/zeki/Documents/Projects/personal/js_challenge_jagaad_zeki-oztorun/src/plugins/i18n.ts",
      "sourceRoot": "",
      "sources": [
        "/Users/zeki/Documents/Projects/personal/js_challenge_jagaad_zeki-oztorun/src/plugins/i18n.ts"
      ],
      "names": [],
      "mappings": "AAAA,OAAO,EAAE,UAAU,EAAE,MAAM,UAAU,CAAC;AACtC,OAAO,EAAE,MAAM,mBAAmB,CAAC;AACnC,OAAO,EAAE,MAAM,mBAAmB,CAAC;AAEnC,eAAe,UAAU,CAAC;IACxB,MAAM,EAAE,KAAK;IACb,MAAM,EAAE,IAAI;IACZ,cAAc,EAAE,IAAI;IACpB,QAAQ,EAAE;QACR,EAAE;QACF,EAAE;KACH;CACF,CAAC,CAAA",
      "sourcesContent": [
        "import { createI18n } from 'vue-i18n';\nimport en from '../locale/en.json';\nimport it from '../locale/it.json';\n\nexport default createI18n({\n  legacy: false,\n  locale: 'it',\n  fallbackLocale: 'en',\n  messages: {\n    en,\n    it,\n  }\n})"
      ]
    },
    "_coverageSchema": "1a1c01bbd47fc00a2c39e90264f33305004495a9",
    "hash": "9098ff53d91e8adaf49692bf5f892087dc09c0a3"
  },
  "/Users/zeki/Documents/Projects/personal/js_challenge_jagaad_zeki-oztorun/src/plugins/metaManager.ts": {
    "path": "/Users/zeki/Documents/Projects/personal/js_challenge_jagaad_zeki-oztorun/src/plugins/metaManager.ts",
    "statementMap": {},
    "fnMap": {},
    "branchMap": {},
    "s": {},
    "f": {},
    "b": {},
    "inputSourceMap": {
      "version": 3,
      "file": "/Users/zeki/Documents/Projects/personal/js_challenge_jagaad_zeki-oztorun/src/plugins/metaManager.ts",
      "sourceRoot": "",
      "sources": [
        "/Users/zeki/Documents/Projects/personal/js_challenge_jagaad_zeki-oztorun/src/plugins/metaManager.ts"
      ],
      "names": [],
      "mappings": "AACA,OAAO,EAAE,iBAAiB,EAAE,MAAM,UAAU,CAAA;AAE5C,eAAe,iBAAiB,EAAE,CAAA",
      "sourcesContent": [
        "\nimport { createMetaManager } from 'vue-meta'\n\nexport default createMetaManager()"
      ]
    },
    "_coverageSchema": "1a1c01bbd47fc00a2c39e90264f33305004495a9",
    "hash": "a0e4b8f070a2efe9943fda7c37fbad67b6a1043f"
  },
  "/Users/zeki/Documents/Projects/personal/js_challenge_jagaad_zeki-oztorun/src/main.ts": {
    "path": "/Users/zeki/Documents/Projects/personal/js_challenge_jagaad_zeki-oztorun/src/main.ts",
    "statementMap": {
      "0": {
        "start": {
          "line": 8,
          "column": 12
        },
        "end": {
          "line": 8,
          "column": 26
        }
      },
      "1": {
        "start": {
          "line": 9,
          "column": 0
        },
        "end": {
          "line": 9,
          "column": 15
        }
      },
      "2": {
        "start": {
          "line": 10,
          "column": 0
        },
        "end": {
          "line": 10,
          "column": 16
        }
      },
      "3": {
        "start": {
          "line": 11,
          "column": 0
        },
        "end": {
          "line": 11,
          "column": 14
        }
      },
      "4": {
        "start": {
          "line": 12,
          "column": 0
        },
        "end": {
          "line": 12,
          "column": 21
        }
      },
      "5": {
        "start": {
          "line": 13,
          "column": 0
        },
        "end": {
          "line": 13,
          "column": 18
        }
      }
    },
    "fnMap": {},
    "branchMap": {},
    "s": {
      "0": 24,
      "1": 24,
      "2": 24,
      "3": 24,
      "4": 24,
      "5": 24
    },
    "f": {},
    "b": {},
    "inputSourceMap": {
      "version": 3,
      "file": "/Users/zeki/Documents/Projects/personal/js_challenge_jagaad_zeki-oztorun/src/main.ts",
      "sourceRoot": "",
      "sources": [
        "/Users/zeki/Documents/Projects/personal/js_challenge_jagaad_zeki-oztorun/src/main.ts"
      ],
      "names": [],
      "mappings": "AAAA,OAAO,EAAE,SAAS,EAAE,MAAM,KAAK,CAAA;AAC/B,OAAO,GAAG,MAAM,WAAW,CAAA;AAC3B,OAAO,MAAM,MAAM,UAAU,CAAA;AAC7B,OAAO,KAAK,MAAM,SAAS,CAAA;AAC3B,OAAO,IAAI,MAAM,gBAAgB,CAAA;AACjC,OAAO,WAAW,MAAM,uBAAuB,CAAA;AAC/C,OAAO,oBAAoB,CAAC;AAE5B,MAAM,GAAG,GAAG,SAAS,CAAC,GAAG,CAAC,CAAA;AAC1B,GAAG,CAAC,GAAG,CAAC,KAAK,CAAC,CAAA;AACd,GAAG,CAAC,GAAG,CAAC,MAAM,CAAC,CAAA;AACf,GAAG,CAAC,GAAG,CAAC,IAAI,CAAC,CAAA;AACb,GAAG,CAAC,GAAG,CAAC,WAAW,CAAC,CAAA;AACpB,GAAG,CAAC,KAAK,CAAC,MAAM,CAAC,CAAA",
      "sourcesContent": [
        "import { createApp } from 'vue'\nimport App from './App.vue'\nimport router from './router'\nimport store from './store'\nimport i18n from './plugins/i18n'\nimport metaManager from './plugins/metaManager'\nimport './styles/main.scss';\n\nconst app = createApp(App)\napp.use(store)\napp.use(router)\napp.use(i18n)\napp.use(metaManager)\napp.mount('#app')"
      ]
    },
    "_coverageSchema": "1a1c01bbd47fc00a2c39e90264f33305004495a9",
    "hash": "4d640890f9f1490a6321f307bc7748cb996f442e"
  }
}