{"/Users/zeki/Documents/Projects/personal/vue3-ts-shopping-card/src/App.vue": {"path":"/Users/zeki/Documents/Projects/personal/vue3-ts-shopping-card/src/App.vue","statementMap":{"0":{"start":{"line":14,"column":18},"end":{"line":14,"column":28}},"1":{"start":{"line":15,"column":18},"end":{"line":15,"column":69}},"2":{"start":{"line":15,"column":33},"end":{"line":15,"column":69}},"3":{"start":{"line":16,"column":18},"end":{"line":16,"column":55}},"4":{"start":{"line":16,"column":33},"end":{"line":16,"column":55}},"5":{"start":{"line":17,"column":4},"end":{"line":43,"column":null}},"6":{"start":{"line":30,"column":12},"end":{"line":39,"column":null}},"7":{"start":{"line":45,"column":19},"end":{"line":45,"column":73}},"8":{"start":{"line":45,"column":28},"end":{"line":45,"column":73}},"9":{"start":{"line":46,"column":38},"end":{"line":46,"column":48}},"10":{"start":{"line":47,"column":4},"end":{"line":47,"column":null}},"11":{"start":{"line":49,"column":4},"end":{"line":49,"column":null}}},"fnMap":{"0":{"name":"(anonymous_0)","decl":{"start":{"line":13,"column":2},"end":{"line":13,"column":7}},"loc":{"start":{"line":13,"column":2},"end":{"line":50,"column":3}}},"1":{"name":"(anonymous_1)","decl":{"start":{"line":15,"column":27},"end":{"line":15,"column":33}},"loc":{"start":{"line":15,"column":27},"end":{"line":15,"column":38}}},"2":{"name":"(anonymous_2)","decl":{"start":{"line":16,"column":27},"end":{"line":16,"column":33}},"loc":{"start":{"line":16,"column":27},"end":{"line":16,"column":38}}},"3":{"name":"(anonymous_3)","decl":{"start":{"line":29,"column":43},"end":{"line":29,"column":47}},"loc":{"start":{"line":29,"column":47},"end":{"line":40,"column":11}}},"4":{"name":"(anonymous_4)","decl":{"start":{"line":45,"column":28},"end":{"line":45,"column":34}},"loc":{"start":{"line":45,"column":28},"end":{"line":45,"column":73}}}},"branchMap":{"0":{"loc":{"start":{"line":37,"column":42},"end":{"line":37,"column":44}},"type":"cond-expr","locations":[{"start":{"line":37,"column":42},"end":{"line":37,"column":44}},{"start":{"line":37,"column":42},"end":{"line":37,"column":59}}]},"1":{"loc":{"start":{"line":37,"column":23},"end":{"line":37,"column":44}},"type":"binary-expr","locations":[{"start":{"line":37,"column":23},"end":{"line":37,"column":44}},{"start":{"line":37,"column":42},"end":{"line":37,"column":44}}]},"2":{"loc":{"start":{"line":45,"column":64},"end":{"line":45,"column":68}},"type":"cond-expr","locations":[{"start":{"line":45,"column":64},"end":{"line":45,"column":68}},{"start":{"line":45,"column":68},"end":{"line":45,"column":72}}]},"3":{"loc":{"start":{"line":45,"column":28},"end":{"line":45,"column":68}},"type":"binary-expr","locations":[{"start":{"line":45,"column":28},"end":{"line":45,"column":68}},{"start":{"line":45,"column":64},"end":{"line":45,"column":68}}]}},"s":{"0":0,"1":0,"2":0,"3":0,"4":0,"5":0,"6":0,"7":0,"8":0,"9":0,"10":0,"11":0},"f":{"0":0,"1":0,"2":0,"3":0,"4":0},"b":{"0":[0,0],"1":[0,0],"2":[0,0],"3":[0,0]}}
,"/Users/zeki/Documents/Projects/personal/vue3-ts-shopping-card/src/main.ts": {"path":"/Users/zeki/Documents/Projects/personal/vue3-ts-shopping-card/src/main.ts","statementMap":{"0":{"start":{"line":9,"column":12},"end":{"line":9,"column":26}},"1":{"start":{"line":10,"column":0},"end":{"line":10,"column":null}},"2":{"start":{"line":11,"column":0},"end":{"line":11,"column":null}},"3":{"start":{"line":12,"column":0},"end":{"line":12,"column":null}},"4":{"start":{"line":13,"column":0},"end":{"line":13,"column":null}},"5":{"start":{"line":14,"column":0},"end":{"line":14,"column":null}}},"fnMap":{},"branchMap":{},"s":{"0":0,"1":0,"2":0,"3":0,"4":0,"5":0},"f":{},"b":{}}
,"/Users/zeki/Documents/Projects/personal/vue3-ts-shopping-card/src/components/MiniBag.vue": {"path":"/Users/zeki/Documents/Projects/personal/vue3-ts-shopping-card/src/components/MiniBag.vue","statementMap":{"0":{"start":{"line":14,"column":18},"end":{"line":14,"column":28}},"1":{"start":{"line":15,"column":18},"end":{"line":15,"column":null}},"2":{"start":{"line":16,"column":21},"end":{"line":17,"column":null}},"3":{"start":{"line":17,"column":12},"end":{"line":17,"column":null}},"4":{"start":{"line":19,"column":23},"end":{"line":23,"column":null}},"5":{"start":{"line":21,"column":24},"end":{"line":21,"column":86}},"6":{"start":{"line":22,"column":8},"end":{"line":22,"column":null}},"7":{"start":{"line":25,"column":29},"end":{"line":27,"column":5}},"8":{"start":{"line":26,"column":6},"end":{"line":26,"column":null}},"9":{"start":{"line":28,"column":4},"end":{"line":33,"column":6}}},"fnMap":{"0":{"name":"(anonymous_0)","decl":{"start":{"line":13,"column":2},"end":{"line":13,"column":7}},"loc":{"start":{"line":13,"column":2},"end":{"line":34,"column":3}}},"1":{"name":"(anonymous_1)","decl":{"start":{"line":17,"column":6},"end":{"line":17,"column":12}},"loc":{"start":{"line":17,"column":6},"end":{"line":17,"column":14}}},"2":{"name":"(anonymous_2)","decl":{"start":{"line":20,"column":6},"end":{"line":20,"column":null}},"loc":{"start":{"line":20,"column":6},"end":{"line":23,"column":7}}},"3":{"name":"(anonymous_3)","decl":{"start":{"line":25,"column":29},"end":{"line":25,"column":30}},"loc":{"start":{"line":25,"column":44},"end":{"line":27,"column":5}}}},"branchMap":{"0":{"loc":{"start":{"line":22,"column":23},"end":{"line":22,"column":35}},"type":"cond-expr","locations":[{"start":{"line":22,"column":23},"end":{"line":22,"column":35}},{"start":{"line":22,"column":38},"end":{"line":22,"column":40}}]}},"s":{"0":2,"1":2,"2":2,"3":2,"4":2,"5":2,"6":2,"7":2,"8":1,"9":2},"f":{"0":2,"1":2,"2":2,"3":1},"b":{"0":[2,0]}}
,"/Users/zeki/Documents/Projects/personal/vue3-ts-shopping-card/src/components/MiniBagTrigger.vue": {"path":"/Users/zeki/Documents/Projects/personal/vue3-ts-shopping-card/src/components/MiniBagTrigger.vue","statementMap":{"0":{"start":{"line":13,"column":18},"end":{"line":13,"column":28}},"1":{"start":{"line":14,"column":22},"end":{"line":14,"column":85}},"2":{"start":{"line":14,"column":37},"end":{"line":14,"column":85}},"3":{"start":{"line":15,"column":23},"end":{"line":19,"column":null}},"4":{"start":{"line":17,"column":24},"end":{"line":17,"column":86}},"5":{"start":{"line":18,"column":8},"end":{"line":18,"column":null}},"6":{"start":{"line":22,"column":4},"end":{"line":25,"column":null}}},"fnMap":{"0":{"name":"(anonymous_0)","decl":{"start":{"line":12,"column":2},"end":{"line":12,"column":7}},"loc":{"start":{"line":12,"column":2},"end":{"line":26,"column":3}}},"1":{"name":"(anonymous_1)","decl":{"start":{"line":14,"column":31},"end":{"line":14,"column":37}},"loc":{"start":{"line":14,"column":31},"end":{"line":14,"column":42}}},"2":{"name":"(anonymous_2)","decl":{"start":{"line":16,"column":6},"end":{"line":16,"column":null}},"loc":{"start":{"line":16,"column":6},"end":{"line":19,"column":7}}}},"branchMap":{"0":{"loc":{"start":{"line":18,"column":23},"end":{"line":18,"column":35}},"type":"cond-expr","locations":[{"start":{"line":18,"column":23},"end":{"line":18,"column":35}},{"start":{"line":18,"column":38},"end":{"line":18,"column":40}}]}},"s":{"0":1,"1":1,"2":1,"3":1,"4":1,"5":1,"6":1},"f":{"0":1,"1":1,"2":1},"b":{"0":[1,0]}}
,"/Users/zeki/Documents/Projects/personal/vue3-ts-shopping-card/src/components/ProductList.vue": {"path":"/Users/zeki/Documents/Projects/personal/vue3-ts-shopping-card/src/components/ProductList.vue","statementMap":{"0":{"start":{"line":15,"column":18},"end":{"line":15,"column":28}},"1":{"start":{"line":16,"column":18},"end":{"line":16,"column":28}},"2":{"start":{"line":17,"column":30},"end":{"line":19,"column":5}},"3":{"start":{"line":18,"column":6},"end":{"line":18,"column":null}},"4":{"start":{"line":21,"column":18},"end":{"line":21,"column":69}},"5":{"start":{"line":21,"column":33},"end":{"line":21,"column":69}},"6":{"start":{"line":23,"column":21},"end":{"line":25,"column":null}},"7":{"start":{"line":25,"column":8},"end":{"line":25,"column":null}},"8":{"start":{"line":27,"column":26},"end":{"line":29,"column":null}},"9":{"start":{"line":29,"column":8},"end":{"line":29,"column":null}},"10":{"start":{"line":31,"column":20},"end":{"line":31,"column":46}},"11":{"start":{"line":31,"column":38},"end":{"line":31,"column":86}},"12":{"start":{"line":31,"column":66},"end":{"line":31,"column":85}},"13":{"start":{"line":32,"column":25},"end":{"line":32,"column":56}},"14":{"start":{"line":32,"column":43},"end":{"line":32,"column":96}},"15":{"start":{"line":32,"column":76},"end":{"line":32,"column":95}},"16":{"start":{"line":33,"column":28},"end":{"line":39,"column":5}},"17":{"start":{"line":34,"column":6},"end":{"line":38,"column":null}},"18":{"start":{"line":35,"column":8},"end":{"line":35,"column":null}},"19":{"start":{"line":37,"column":8},"end":{"line":37,"column":null}},"20":{"start":{"line":40,"column":4},"end":{"line":47,"column":null}}},"fnMap":{"0":{"name":"(anonymous_0)","decl":{"start":{"line":14,"column":2},"end":{"line":14,"column":7}},"loc":{"start":{"line":14,"column":2},"end":{"line":48,"column":3}}},"1":{"name":"(anonymous_1)","decl":{"start":{"line":17,"column":30},"end":{"line":17,"column":31}},"loc":{"start":{"line":17,"column":45},"end":{"line":19,"column":5}}},"2":{"name":"(anonymous_2)","decl":{"start":{"line":21,"column":27},"end":{"line":21,"column":33}},"loc":{"start":{"line":21,"column":27},"end":{"line":21,"column":38}}},"3":{"name":"(anonymous_3)","decl":{"start":{"line":24,"column":6},"end":{"line":24,"column":null}},"loc":{"start":{"line":24,"column":6},"end":{"line":25,"column":10}}},"4":{"name":"(anonymous_4)","decl":{"start":{"line":28,"column":6},"end":{"line":28,"column":null}},"loc":{"start":{"line":28,"column":6},"end":{"line":29,"column":10}}},"5":{"name":"(anonymous_5)","decl":{"start":{"line":31,"column":20},"end":{"line":31,"column":21}},"loc":{"start":{"line":31,"column":33},"end":{"line":31,"column":46}}},"6":{"name":"(anonymous_6)","decl":{"start":{"line":31,"column":58},"end":{"line":31,"column":62}},"loc":{"start":{"line":31,"column":62},"end":{"line":31,"column":70}}},"7":{"name":"(anonymous_7)","decl":{"start":{"line":32,"column":25},"end":{"line":32,"column":26}},"loc":{"start":{"line":32,"column":38},"end":{"line":32,"column":56}}},"8":{"name":"(anonymous_8)","decl":{"start":{"line":32,"column":68},"end":{"line":32,"column":72}},"loc":{"start":{"line":32,"column":72},"end":{"line":32,"column":80}}},"9":{"name":"(anonymous_9)","decl":{"start":{"line":33,"column":28},"end":{"line":33,"column":29}},"loc":{"start":{"line":33,"column":43},"end":{"line":39,"column":5}}}},"branchMap":{"0":{"loc":{"start":{"line":34,"column":6},"end":{"line":38,"column":null}},"type":"if","locations":[{"start":{"line":34,"column":6},"end":{"line":38,"column":null}},{"start":{"line":34,"column":6},"end":{"line":38,"column":null}}]}},"s":{"0":5,"1":5,"2":5,"3":1,"4":5,"5":5,"6":5,"7":4,"8":5,"9":4,"10":5,"11":24,"12":21,"13":5,"14":26,"15":43,"16":5,"17":2,"18":1,"19":1,"20":5},"f":{"0":5,"1":1,"2":5,"3":4,"4":4,"5":24,"6":21,"7":26,"8":43,"9":2},"b":{"0":[1,1]}}
,"/Users/zeki/Documents/Projects/personal/vue3-ts-shopping-card/src/components/ThePagination.vue": {"path":"/Users/zeki/Documents/Projects/personal/vue3-ts-shopping-card/src/components/ThePagination.vue","statementMap":{"0":{"start":{"line":20,"column":18},"end":{"line":20,"column":28}},"1":{"start":{"line":21,"column":19},"end":{"line":21,"column":30}},"2":{"start":{"line":22,"column":18},"end":{"line":22,"column":28}},"3":{"start":{"line":30,"column":8},"end":{"line":35,"column":6}},"4":{"start":{"line":32,"column":28},"end":{"line":32,"column":49}},"5":{"start":{"line":37,"column":29},"end":{"line":40,"column":5}},"6":{"start":{"line":38,"column":6},"end":{"line":38,"column":16}},"7":{"start":{"line":39,"column":6},"end":{"line":39,"column":60}},"8":{"start":{"line":42,"column":4},"end":{"line":48,"column":5}}},"fnMap":{"0":{"name":"(anonymous_0)","decl":{"start":{"line":19,"column":2},"end":{"line":19,"column":3}},"loc":{"start":{"line":19,"column":16},"end":{"line":49,"column":3}},"line":19},"1":{"name":"(anonymous_1)","decl":{"start":{"line":32,"column":22},"end":{"line":32,"column":23}},"loc":{"start":{"line":32,"column":28},"end":{"line":32,"column":49}},"line":32},"2":{"name":"(anonymous_2)","decl":{"start":{"line":37,"column":29},"end":{"line":37,"column":30}},"loc":{"start":{"line":37,"column":39},"end":{"line":40,"column":5}},"line":37}},"branchMap":{},"s":{"0":1,"1":1,"2":1,"3":1,"4":1,"5":1,"6":0,"7":0,"8":1},"f":{"0":1,"1":1,"2":0},"b":{},"_coverageSchema":"1a1c01bbd47fc00a2c39e90264f33305004495a9","hash":"fa4823a8b70a2596f3a6094cbd9fd68d92944b74"}
,"/Users/zeki/Documents/Projects/personal/vue3-ts-shopping-card/src/components/WishlistTrigger.vue": {"path":"/Users/zeki/Documents/Projects/personal/vue3-ts-shopping-card/src/components/WishlistTrigger.vue","statementMap":{"0":{"start":{"line":12,"column":18},"end":{"line":12,"column":28}},"1":{"start":{"line":13,"column":22},"end":{"line":13,"column":95}},"2":{"start":{"line":13,"column":37},"end":{"line":13,"column":95}},"3":{"start":{"line":15,"column":4},"end":{"line":17,"column":null}}},"fnMap":{"0":{"name":"(anonymous_0)","decl":{"start":{"line":11,"column":7},"end":{"line":11,"column":null}},"loc":{"start":{"line":11,"column":7},"end":{"line":18,"column":3}}},"1":{"name":"(anonymous_1)","decl":{"start":{"line":13,"column":31},"end":{"line":13,"column":37}},"loc":{"start":{"line":13,"column":31},"end":{"line":13,"column":42}}}},"branchMap":{},"s":{"0":1,"1":1,"2":1,"3":1},"f":{"0":1,"1":1},"b":{}}
,"/Users/zeki/Documents/Projects/personal/vue3-ts-shopping-card/src/layout/DefaultFooter.vue": {"path":"/Users/zeki/Documents/Projects/personal/vue3-ts-shopping-card/src/layout/DefaultFooter.vue","statementMap":{"0":{"start":{"line":7,"column":54},"end":{"line":7,"column":85}},"1":{"start":{"line":7,"column":31},"end":{"line":7,"column":33}},"2":{"start":{"line":7,"column":49},"end":{"line":7,"column":54}},"3":{"start":{"line":9,"column":29},"end":{"line":12,"column":3}},"4":{"start":{"line":10,"column":4},"end":{"line":10,"column":33}},"5":{"start":{"line":11,"column":4},"end":{"line":11,"column":43}},"6":{"start":{"line":14,"column":2},"end":{"line":18,"column":null}}},"fnMap":{"0":{"name":"(anonymous_0)","decl":{"start":{"line":6,"column":0},"end":{"line":6,"column":5}},"loc":{"start":{"line":6,"column":0},"end":{"line":19,"column":1}}},"1":{"name":"(anonymous_1)","decl":{"start":{"line":9,"column":29},"end":{"line":9,"column":30}},"loc":{"start":{"line":9,"column":44},"end":{"line":12,"column":3}}}},"branchMap":{},"s":{"0":0,"1":0,"2":0,"3":0,"4":0,"5":0,"6":0},"f":{"0":0,"1":0},"b":{}}
,"/Users/zeki/Documents/Projects/personal/vue3-ts-shopping-card/src/layout/DefaultHeader.vue": {"path":"/Users/zeki/Documents/Projects/personal/vue3-ts-shopping-card/src/layout/DefaultHeader.vue","statementMap":{"0":{"start":{"line":14,"column":42},"end":{"line":14,"column":52}},"1":{"start":{"line":15,"column":26},"end":{"line":17,"column":5}},"2":{"start":{"line":16,"column":6},"end":{"line":16,"column":null}},"3":{"start":{"line":19,"column":4},"end":{"line":22,"column":null}}},"fnMap":{"0":{"name":"(anonymous_0)","decl":{"start":{"line":13,"column":2},"end":{"line":13,"column":7}},"loc":{"start":{"line":13,"column":2},"end":{"line":23,"column":3}}},"1":{"name":"(anonymous_1)","decl":{"start":{"line":15,"column":26},"end":{"line":15,"column":null}},"loc":{"start":{"line":15,"column":26},"end":{"line":17,"column":5}}}},"branchMap":{},"s":{"0":0,"1":0,"2":0,"3":0},"f":{"0":0,"1":0},"b":{}}
,"/Users/zeki/Documents/Projects/personal/vue3-ts-shopping-card/src/layout/DefaultLayout.vue": {"path":"/Users/zeki/Documents/Projects/personal/vue3-ts-shopping-card/src/layout/DefaultLayout.vue","statementMap":{"0":{"start":{"line":14,"column":4},"end":{"line":14,"column":null}}},"fnMap":{"0":{"name":"(anonymous_0)","decl":{"start":{"line":11,"column":7},"end":{"line":11,"column":null}},"loc":{"start":{"line":11,"column":7},"end":{"line":15,"column":3}}}},"branchMap":{},"s":{"0":0},"f":{"0":0},"b":{}}
,"/Users/zeki/Documents/Projects/personal/vue3-ts-shopping-card/src/router/index.ts": {"path":"/Users/zeki/Documents/Projects/personal/vue3-ts-shopping-card/src/router/index.ts","statementMap":{"0":{"start":{"line":1,"column":0},"end":{"line":1,"column":null}},"1":{"start":{"line":2,"column":0},"end":{"line":2,"column":null}},"2":{"start":{"line":4,"column":38},"end":{"line":4,"column":null}},"3":{"start":{"line":12,"column":15},"end":{"line":12,"column":28}},"4":{"start":{"line":16,"column":4},"end":{"line":16,"column":11}},"5":{"start":{"line":20,"column":15},"end":{"line":20,"column":null}}},"fnMap":{"0":{"name":"(anonymous_0)","decl":{"start":{"line":15,"column":2},"end":{"line":15,"column":16}},"loc":{"start":{"line":15,"column":16},"end":{"line":17,"column":null}}}},"branchMap":{},"s":{"0":0,"1":0,"2":0,"3":0,"4":0,"5":0},"f":{"0":0},"b":{}}
,"/Users/zeki/Documents/Projects/personal/vue3-ts-shopping-card/src/services/activities.service.ts": {"path":"/Users/zeki/Documents/Projects/personal/vue3-ts-shopping-card/src/services/activities.service.ts","statementMap":{"0":{"start":{"line":5,"column":16},"end":{"line":10,"column":1}},"1":{"start":{"line":6,"column":25},"end":{"line":6,"column":63}},"2":{"start":{"line":7,"column":2},"end":{"line":9,"column":null}},"3":{"start":{"line":14,"column":4},"end":{"line":14,"column":104}},"4":{"start":{"line":17,"column":4},"end":{"line":17,"column":71}}},"fnMap":{"0":{"name":"(anonymous_0)","decl":{"start":{"line":5,"column":16},"end":{"line":5,"column":19}},"loc":{"start":{"line":5,"column":21},"end":{"line":10,"column":1}}},"1":{"name":"(anonymous_1)","decl":{"start":{"line":13,"column":22},"end":{"line":13,"column":23}},"loc":{"start":{"line":13,"column":72},"end":{"line":15,"column":3}}},"2":{"name":"(anonymous_2)","decl":{"start":{"line":16,"column":17},"end":{"line":16,"column":18}},"loc":{"start":{"line":16,"column":71},"end":{"line":18,"column":3}}}},"branchMap":{"0":{"loc":{"start":{"line":6,"column":25},"end":{"line":6,"column":55}},"type":"binary-expr","locations":[{"start":{"line":6,"column":25},"end":{"line":6,"column":55}},{"start":{"line":6,"column":59},"end":{"line":6,"column":63}}]},"1":{"loc":{"start":{"line":8,"column":39},"end":{"line":8,"column":46}},"type":"cond-expr","locations":[{"start":{"line":8,"column":39},"end":{"line":8,"column":46}},{"start":{"line":8,"column":49},"end":{"line":8,"column":56}}]}},"s":{"0":6,"1":1,"2":1,"3":0,"4":1},"f":{"0":1,"1":0,"2":1},"b":{"0":[1,1],"1":[1,0]}}
,"/Users/zeki/Documents/Projects/personal/vue3-ts-shopping-card/src/services/apiClient.ts": {"path":"/Users/zeki/Documents/Projects/personal/vue3-ts-shopping-card/src/services/apiClient.ts","statementMap":{"0":{"start":{"line":4,"column":33},"end":{"line":11,"column":2}}},"fnMap":{},"branchMap":{},"s":{"0":6},"f":{},"b":{}}
,"/Users/zeki/Documents/Projects/personal/vue3-ts-shopping-card/src/services/index.ts": {"path":"/Users/zeki/Documents/Projects/personal/vue3-ts-shopping-card/src/services/index.ts","statementMap":{"0":{"start":{"line":1,"column":0},"end":{"line":1,"column":null}},"1":{"start":{"line":9,"column":15},"end":{"line":9,"column":null}}},"fnMap":{},"branchMap":{},"s":{"0":6,"1":6},"f":{},"b":{}}
,"/Users/zeki/Documents/Projects/personal/vue3-ts-shopping-card/src/store/constants.ts": {"path":"/Users/zeki/Documents/Projects/personal/vue3-ts-shopping-card/src/store/constants.ts","statementMap":{"0":{"start":{"line":1,"column":0},"end":{"line":1,"column":null}},"1":{"start":{"line":13,"column":26},"end":{"line":13,"column":null}},"2":{"start":{"line":19,"column":25},"end":{"line":19,"column":null}},"3":{"start":{"line":25,"column":30},"end":{"line":25,"column":null}}},"fnMap":{},"branchMap":{},"s":{"0":8,"1":8,"2":8,"3":8},"f":{},"b":{}}
,"/Users/zeki/Documents/Projects/personal/vue3-ts-shopping-card/src/store/enums.ts": {"path":"/Users/zeki/Documents/Projects/personal/vue3-ts-shopping-card/src/store/enums.ts","statementMap":{"0":{"start":{"line":1,"column":0},"end":{"line":1,"column":12}},"1":{"start":{"line":2,"column":2},"end":{"line":2,"column":null}},"2":{"start":{"line":3,"column":2},"end":{"line":3,"column":null}},"3":{"start":{"line":4,"column":2},"end":{"line":4,"column":null}},"4":{"start":{"line":6,"column":0},"end":{"line":6,"column":12}},"5":{"start":{"line":7,"column":2},"end":{"line":7,"column":null}},"6":{"start":{"line":8,"column":2},"end":{"line":8,"column":null}},"7":{"start":{"line":9,"column":2},"end":{"line":9,"column":null}},"8":{"start":{"line":10,"column":2},"end":{"line":10,"column":null}},"9":{"start":{"line":11,"column":2},"end":{"line":11,"column":null}},"10":{"start":{"line":13,"column":0},"end":{"line":13,"column":12}},"11":{"start":{"line":14,"column":2},"end":{"line":14,"column":null}},"12":{"start":{"line":15,"column":2},"end":{"line":15,"column":null}},"13":{"start":{"line":16,"column":2},"end":{"line":16,"column":null}},"14":{"start":{"line":17,"column":2},"end":{"line":17,"column":null}},"15":{"start":{"line":19,"column":0},"end":{"line":19,"column":12}},"16":{"start":{"line":20,"column":2},"end":{"line":20,"column":null}},"17":{"start":{"line":21,"column":2},"end":{"line":21,"column":null}},"18":{"start":{"line":23,"column":0},"end":{"line":23,"column":12}},"19":{"start":{"line":24,"column":2},"end":{"line":24,"column":null}},"20":{"start":{"line":25,"column":2},"end":{"line":25,"column":null}},"21":{"start":{"line":27,"column":0},"end":{"line":27,"column":12}},"22":{"start":{"line":28,"column":2},"end":{"line":28,"column":null}},"23":{"start":{"line":29,"column":2},"end":{"line":29,"column":null}},"24":{"start":{"line":31,"column":0},"end":{"line":31,"column":12}},"25":{"start":{"line":32,"column":2},"end":{"line":32,"column":null}},"26":{"start":{"line":33,"column":2},"end":{"line":33,"column":null}},"27":{"start":{"line":35,"column":0},"end":{"line":35,"column":12}},"28":{"start":{"line":36,"column":2},"end":{"line":36,"column":null}},"29":{"start":{"line":37,"column":2},"end":{"line":37,"column":null}},"30":{"start":{"line":39,"column":0},"end":{"line":39,"column":12}},"31":{"start":{"line":40,"column":2},"end":{"line":40,"column":null}}},"fnMap":{"0":{"name":"(anonymous_0)","decl":{"start":{"line":1,"column":0},"end":{"line":1,"column":12}},"loc":{"start":{"line":1,"column":23},"end":{"line":5,"column":null}}},"1":{"name":"(anonymous_1)","decl":{"start":{"line":6,"column":0},"end":{"line":6,"column":12}},"loc":{"start":{"line":6,"column":25},"end":{"line":12,"column":null}}},"2":{"name":"(anonymous_2)","decl":{"start":{"line":13,"column":0},"end":{"line":13,"column":12}},"loc":{"start":{"line":13,"column":23},"end":{"line":18,"column":null}}},"3":{"name":"(anonymous_3)","decl":{"start":{"line":19,"column":0},"end":{"line":19,"column":12}},"loc":{"start":{"line":19,"column":24},"end":{"line":22,"column":null}}},"4":{"name":"(anonymous_4)","decl":{"start":{"line":23,"column":0},"end":{"line":23,"column":12}},"loc":{"start":{"line":23,"column":22},"end":{"line":26,"column":null}}},"5":{"name":"(anonymous_5)","decl":{"start":{"line":27,"column":0},"end":{"line":27,"column":12}},"loc":{"start":{"line":27,"column":22},"end":{"line":30,"column":null}}},"6":{"name":"(anonymous_6)","decl":{"start":{"line":31,"column":0},"end":{"line":31,"column":12}},"loc":{"start":{"line":31,"column":29},"end":{"line":34,"column":null}}},"7":{"name":"(anonymous_7)","decl":{"start":{"line":35,"column":0},"end":{"line":35,"column":12}},"loc":{"start":{"line":35,"column":27},"end":{"line":38,"column":null}}},"8":{"name":"(anonymous_8)","decl":{"start":{"line":39,"column":0},"end":{"line":39,"column":12}},"loc":{"start":{"line":39,"column":27},"end":{"line":41,"column":null}}}},"branchMap":{"0":{"loc":{"start":{"line":1,"column":12},"end":{"line":1,"column":23}},"type":"binary-expr","locations":[{"start":{"line":1,"column":12},"end":{"line":1,"column":23}},{"start":{"line":1,"column":23},"end":{"line":1,"column":null}}]},"1":{"loc":{"start":{"line":6,"column":12},"end":{"line":6,"column":25}},"type":"binary-expr","locations":[{"start":{"line":6,"column":12},"end":{"line":6,"column":25}},{"start":{"line":6,"column":25},"end":{"line":6,"column":null}}]},"2":{"loc":{"start":{"line":13,"column":12},"end":{"line":13,"column":23}},"type":"binary-expr","locations":[{"start":{"line":13,"column":12},"end":{"line":13,"column":23}},{"start":{"line":13,"column":23},"end":{"line":13,"column":null}}]},"3":{"loc":{"start":{"line":19,"column":12},"end":{"line":19,"column":24}},"type":"binary-expr","locations":[{"start":{"line":19,"column":12},"end":{"line":19,"column":24}},{"start":{"line":19,"column":24},"end":{"line":19,"column":null}}]},"4":{"loc":{"start":{"line":23,"column":12},"end":{"line":23,"column":22}},"type":"binary-expr","locations":[{"start":{"line":23,"column":12},"end":{"line":23,"column":22}},{"start":{"line":23,"column":22},"end":{"line":23,"column":null}}]},"5":{"loc":{"start":{"line":27,"column":12},"end":{"line":27,"column":22}},"type":"binary-expr","locations":[{"start":{"line":27,"column":12},"end":{"line":27,"column":22}},{"start":{"line":27,"column":22},"end":{"line":27,"column":null}}]},"6":{"loc":{"start":{"line":31,"column":12},"end":{"line":31,"column":29}},"type":"binary-expr","locations":[{"start":{"line":31,"column":12},"end":{"line":31,"column":29}},{"start":{"line":31,"column":29},"end":{"line":31,"column":null}}]},"7":{"loc":{"start":{"line":35,"column":12},"end":{"line":35,"column":27}},"type":"binary-expr","locations":[{"start":{"line":35,"column":12},"end":{"line":35,"column":27}},{"start":{"line":35,"column":27},"end":{"line":35,"column":null}}]},"8":{"loc":{"start":{"line":39,"column":12},"end":{"line":39,"column":27}},"type":"binary-expr","locations":[{"start":{"line":39,"column":12},"end":{"line":39,"column":27}},{"start":{"line":39,"column":27},"end":{"line":39,"column":null}}]}},"s":{"0":8,"1":8,"2":8,"3":8,"4":8,"5":8,"6":8,"7":8,"8":8,"9":8,"10":8,"11":8,"12":8,"13":8,"14":8,"15":8,"16":8,"17":8,"18":8,"19":8,"20":8,"21":8,"22":8,"23":8,"24":8,"25":8,"26":8,"27":8,"28":8,"29":8,"30":8,"31":8},"f":{"0":8,"1":8,"2":8,"3":8,"4":8,"5":8,"6":8,"7":8,"8":8},"b":{"0":[8,8],"1":[8,8],"2":[8,8],"3":[8,8],"4":[8,8],"5":[8,8],"6":[8,8],"7":[8,8],"8":[8,8]}}
,"/Users/zeki/Documents/Projects/personal/vue3-ts-shopping-card/src/store/index.ts": {"path":"/Users/zeki/Documents/Projects/personal/vue3-ts-shopping-card/src/store/index.ts","statementMap":{"0":{"start":{"line":1,"column":0},"end":{"line":1,"column":null}},"1":{"start":{"line":7,"column":0},"end":{"line":7,"column":null}},"2":{"start":{"line":9,"column":15},"end":{"line":9,"column":39}}},"fnMap":{},"branchMap":{},"s":{"0":0,"1":0,"2":0},"f":{},"b":{}}
,"/Users/zeki/Documents/Projects/personal/vue3-ts-shopping-card/src/store/interfaces.ts": {"path":"/Users/zeki/Documents/Projects/personal/vue3-ts-shopping-card/src/store/interfaces.ts","statementMap":{"0":{"start":{"line":2,"column":0},"end":{"line":2,"column":null}}},"fnMap":{},"branchMap":{},"s":{"0":0},"f":{},"b":{}}
,"/Users/zeki/Documents/Projects/personal/vue3-ts-shopping-card/src/store/modules/bag/actions.ts": {"path":"/Users/zeki/Documents/Projects/personal/vue3-ts-shopping-card/src/store/modules/bag/actions.ts","statementMap":{"0":{"start":{"line":8,"column":0},"end":{"line":8,"column":null}},"1":{"start":{"line":11,"column":20},"end":{"line":11,"column":null}},"2":{"start":{"line":13,"column":4},"end":{"line":13,"column":10}},"3":{"start":{"line":16,"column":4},"end":{"line":16,"column":10}}},"fnMap":{"0":{"name":"(anonymous_0)","decl":{"start":{"line":12,"column":2},"end":{"line":12,"column":3}},"loc":{"start":{"line":12,"column":64},"end":{"line":14,"column":null}}},"1":{"name":"(anonymous_1)","decl":{"start":{"line":15,"column":2},"end":{"line":15,"column":3}},"loc":{"start":{"line":15,"column":67},"end":{"line":17,"column":null}}}},"branchMap":{},"s":{"0":2,"1":2,"2":0,"3":0},"f":{"0":0,"1":0},"b":{}}
,"/Users/zeki/Documents/Projects/personal/vue3-ts-shopping-card/src/store/modules/bag/getters.ts": {"path":"/Users/zeki/Documents/Projects/personal/vue3-ts-shopping-card/src/store/modules/bag/getters.ts","statementMap":{"0":{"start":{"line":1,"column":0},"end":{"line":1,"column":null}},"1":{"start":{"line":10,"column":20},"end":{"line":10,"column":null}},"2":{"start":{"line":12,"column":4},"end":{"line":12,"column":11}}},"fnMap":{"0":{"name":"(anonymous_0)","decl":{"start":{"line":11,"column":39},"end":{"line":11,"column":63}},"loc":{"start":{"line":11,"column":63},"end":{"line":13,"column":null}}}},"branchMap":{},"s":{"0":2,"1":2,"2":1},"f":{"0":1},"b":{}}
,"/Users/zeki/Documents/Projects/personal/vue3-ts-shopping-card/src/store/modules/bag/index.ts": {"path":"/Users/zeki/Documents/Projects/personal/vue3-ts-shopping-card/src/store/modules/bag/index.ts","statementMap":{"0":{"start":{"line":3,"column":0},"end":{"line":3,"column":null}},"1":{"start":{"line":4,"column":0},"end":{"line":4,"column":null}},"2":{"start":{"line":5,"column":0},"end":{"line":5,"column":null}},"3":{"start":{"line":6,"column":0},"end":{"line":6,"column":null}},"4":{"start":{"line":9,"column":47},"end":{"line":9,"column":null}},"5":{"start":{"line":16,"column":15},"end":{"line":16,"column":null}}},"fnMap":{},"branchMap":{},"s":{"0":2,"1":2,"2":2,"3":2,"4":2,"5":2},"f":{},"b":{}}
,"/Users/zeki/Documents/Projects/personal/vue3-ts-shopping-card/src/store/modules/bag/mutations.ts": {"path":"/Users/zeki/Documents/Projects/personal/vue3-ts-shopping-card/src/store/modules/bag/mutations.ts","statementMap":{"0":{"start":{"line":3,"column":0},"end":{"line":3,"column":null}},"1":{"start":{"line":6,"column":22},"end":{"line":6,"column":null}},"2":{"start":{"line":8,"column":25},"end":{"line":8,"column":30}},"3":{"start":{"line":8,"column":53},"end":{"line":8,"column":null}},"4":{"start":{"line":9,"column":4},"end":{"line":15,"column":null}},"5":{"start":{"line":10,"column":6},"end":{"line":10,"column":11}},"6":{"start":{"line":14,"column":6},"end":{"line":14,"column":11}},"7":{"start":{"line":18,"column":4},"end":{"line":18,"column":9}},"8":{"start":{"line":18,"column":51},"end":{"line":18,"column":null}},"9":{"start":{"line":19,"column":4},"end":{"line":19,"column":9}}},"fnMap":{"0":{"name":"(anonymous_0)","decl":{"start":{"line":7,"column":2},"end":{"line":7,"column":3}},"loc":{"start":{"line":7,"column":76},"end":{"line":16,"column":null}}},"1":{"name":"(anonymous_1)","decl":{"start":{"line":8,"column":45},"end":{"line":8,"column":49}},"loc":{"start":{"line":8,"column":53},"end":{"line":8,"column":null}}},"2":{"name":"(anonymous_2)","decl":{"start":{"line":17,"column":2},"end":{"line":17,"column":3}},"loc":{"start":{"line":17,"column":69},"end":{"line":20,"column":null}}},"3":{"name":"(anonymous_3)","decl":{"start":{"line":18,"column":43},"end":{"line":18,"column":47}},"loc":{"start":{"line":18,"column":51},"end":{"line":18,"column":null}}}},"branchMap":{"0":{"loc":{"start":{"line":9,"column":4},"end":{"line":15,"column":null}},"type":"if","locations":[{"start":{"line":9,"column":4},"end":{"line":15,"column":null}},{"start":{"line":9,"column":4},"end":{"line":15,"column":null}}]},"1":{"loc":{"start":{"line":14,"column":45},"end":{"line":14,"column":76}},"type":"binary-expr","locations":[{"start":{"line":14,"column":45},"end":{"line":14,"column":76}},{"start":{"line":14,"column":76},"end":{"line":14,"column":null}}]},"2":{"loc":{"start":{"line":19,"column":43},"end":{"line":19,"column":74}},"type":"binary-expr","locations":[{"start":{"line":19,"column":43},"end":{"line":19,"column":74}},{"start":{"line":19,"column":74},"end":{"line":19,"column":null}}]}},"s":{"0":2,"1":2,"2":4,"3":3,"4":4,"5":3,"6":3,"7":2,"8":4,"9":2},"f":{"0":4,"1":3,"2":2,"3":4},"b":{"0":[3,1],"1":[3,0],"2":[2,0]}}
,"/Users/zeki/Documents/Projects/personal/vue3-ts-shopping-card/src/store/modules/bag/state.ts": {"path":"/Users/zeki/Documents/Projects/personal/vue3-ts-shopping-card/src/store/modules/bag/state.ts","statementMap":{"0":{"start":{"line":3,"column":36},"end":{"line":3,"column":null}}},"fnMap":{},"branchMap":{},"s":{"0":2},"f":{},"b":{}}
,"/Users/zeki/Documents/Projects/personal/vue3-ts-shopping-card/src/store/modules/root/actions.ts": {"path":"/Users/zeki/Documents/Projects/personal/vue3-ts-shopping-card/src/store/modules/root/actions.ts","statementMap":{"0":{"start":{"line":4,"column":0},"end":{"line":4,"column":null}},"1":{"start":{"line":6,"column":78},"end":{"line":6,"column":null}},"2":{"start":{"line":8,"column":4},"end":{"line":8,"column":10}},"3":{"start":{"line":11,"column":4},"end":{"line":11,"column":10}},"4":{"start":{"line":14,"column":4},"end":{"line":14,"column":10}}},"fnMap":{"0":{"name":"(anonymous_0)","decl":{"start":{"line":7,"column":2},"end":{"line":7,"column":3}},"loc":{"start":{"line":7,"column":65},"end":{"line":9,"column":null}}},"1":{"name":"(anonymous_1)","decl":{"start":{"line":10,"column":2},"end":{"line":10,"column":3}},"loc":{"start":{"line":10,"column":65},"end":{"line":12,"column":null}}},"2":{"name":"(anonymous_2)","decl":{"start":{"line":13,"column":2},"end":{"line":13,"column":3}},"loc":{"start":{"line":13,"column":61},"end":{"line":15,"column":null}}}},"branchMap":{},"s":{"0":1,"1":1,"2":0,"3":0,"4":0},"f":{"0":0,"1":0,"2":0},"b":{}}
,"/Users/zeki/Documents/Projects/personal/vue3-ts-shopping-card/src/store/modules/root/getters.ts": {"path":"/Users/zeki/Documents/Projects/personal/vue3-ts-shopping-card/src/store/modules/root/getters.ts","statementMap":{"0":{"start":{"line":1,"column":0},"end":{"line":1,"column":null}},"1":{"start":{"line":5,"column":79},"end":{"line":5,"column":null}},"2":{"start":{"line":7,"column":4},"end":{"line":7,"column":11}}},"fnMap":{"0":{"name":"(anonymous_0)","decl":{"start":{"line":6,"column":40},"end":{"line":6,"column":69}},"loc":{"start":{"line":6,"column":69},"end":{"line":8,"column":null}}}},"branchMap":{},"s":{"0":1,"1":1,"2":1},"f":{"0":1},"b":{}}
,"/Users/zeki/Documents/Projects/personal/vue3-ts-shopping-card/src/store/modules/root/index.ts": {"path":"/Users/zeki/Documents/Projects/personal/vue3-ts-shopping-card/src/store/modules/root/index.ts","statementMap":{"0":{"start":{"line":3,"column":0},"end":{"line":3,"column":null}},"1":{"start":{"line":4,"column":0},"end":{"line":4,"column":null}},"2":{"start":{"line":5,"column":0},"end":{"line":5,"column":null}},"3":{"start":{"line":6,"column":0},"end":{"line":6,"column":null}},"4":{"start":{"line":7,"column":0},"end":{"line":7,"column":null}},"5":{"start":{"line":8,"column":0},"end":{"line":8,"column":null}},"6":{"start":{"line":11,"column":40},"end":{"line":11,"column":null}},"7":{"start":{"line":16,"column":45},"end":{"line":16,"column":null}},"8":{"start":{"line":24,"column":15},"end":{"line":24,"column":null}}},"fnMap":{},"branchMap":{},"s":{"0":1,"1":1,"2":1,"3":1,"4":1,"5":1,"6":1,"7":1,"8":1},"f":{},"b":{}}
,"/Users/zeki/Documents/Projects/personal/vue3-ts-shopping-card/src/store/modules/root/mutations.ts": {"path":"/Users/zeki/Documents/Projects/personal/vue3-ts-shopping-card/src/store/modules/root/mutations.ts","statementMap":{"0":{"start":{"line":3,"column":0},"end":{"line":3,"column":null}},"1":{"start":{"line":5,"column":72},"end":{"line":5,"column":null}},"2":{"start":{"line":7,"column":4},"end":{"line":7,"column":9}},"3":{"start":{"line":10,"column":4},"end":{"line":10,"column":9}},"4":{"start":{"line":13,"column":4},"end":{"line":13,"column":9}}},"fnMap":{"0":{"name":"(anonymous_0)","decl":{"start":{"line":6,"column":2},"end":{"line":6,"column":3}},"loc":{"start":{"line":6,"column":74},"end":{"line":8,"column":null}}},"1":{"name":"(anonymous_1)","decl":{"start":{"line":9,"column":2},"end":{"line":9,"column":3}},"loc":{"start":{"line":9,"column":74},"end":{"line":11,"column":null}}},"2":{"name":"(anonymous_2)","decl":{"start":{"line":12,"column":2},"end":{"line":12,"column":3}},"loc":{"start":{"line":12,"column":70},"end":{"line":14,"column":null}}}},"branchMap":{},"s":{"0":1,"1":1,"2":2,"3":1,"4":1},"f":{"0":2,"1":1,"2":1},"b":{}}
,"/Users/zeki/Documents/Projects/personal/vue3-ts-shopping-card/src/store/modules/root/state.ts": {"path":"/Users/zeki/Documents/Projects/personal/vue3-ts-shopping-card/src/store/modules/root/state.ts","statementMap":{"0":{"start":{"line":3,"column":33},"end":{"line":3,"column":null}}},"fnMap":{},"branchMap":{},"s":{"0":1},"f":{},"b":{}}
,"/Users/zeki/Documents/Projects/personal/vue3-ts-shopping-card/src/store/modules/wishlist/actions.ts": {"path":"/Users/zeki/Documents/Projects/personal/vue3-ts-shopping-card/src/store/modules/wishlist/actions.ts","statementMap":{"0":{"start":{"line":8,"column":0},"end":{"line":8,"column":null}},"1":{"start":{"line":11,"column":25},"end":{"line":11,"column":null}},"2":{"start":{"line":13,"column":4},"end":{"line":13,"column":10}},"3":{"start":{"line":16,"column":4},"end":{"line":16,"column":10}}},"fnMap":{"0":{"name":"(anonymous_0)","decl":{"start":{"line":12,"column":2},"end":{"line":12,"column":3}},"loc":{"start":{"line":12,"column":74},"end":{"line":14,"column":null}}},"1":{"name":"(anonymous_1)","decl":{"start":{"line":15,"column":2},"end":{"line":15,"column":3}},"loc":{"start":{"line":15,"column":77},"end":{"line":17,"column":null}}}},"branchMap":{},"s":{"0":2,"1":2,"2":0,"3":0},"f":{"0":0,"1":0},"b":{}}
,"/Users/zeki/Documents/Projects/personal/vue3-ts-shopping-card/src/store/modules/wishlist/getters.ts": {"path":"/Users/zeki/Documents/Projects/personal/vue3-ts-shopping-card/src/store/modules/wishlist/getters.ts","statementMap":{"0":{"start":{"line":1,"column":0},"end":{"line":1,"column":null}},"1":{"start":{"line":10,"column":25},"end":{"line":10,"column":null}},"2":{"start":{"line":12,"column":4},"end":{"line":12,"column":11}}},"fnMap":{"0":{"name":"(anonymous_0)","decl":{"start":{"line":11,"column":49},"end":{"line":11,"column":78}},"loc":{"start":{"line":11,"column":78},"end":{"line":13,"column":null}}}},"branchMap":{},"s":{"0":2,"1":2,"2":1},"f":{"0":1},"b":{}}
,"/Users/zeki/Documents/Projects/personal/vue3-ts-shopping-card/src/store/modules/wishlist/index.ts": {"path":"/Users/zeki/Documents/Projects/personal/vue3-ts-shopping-card/src/store/modules/wishlist/index.ts","statementMap":{"0":{"start":{"line":3,"column":0},"end":{"line":3,"column":null}},"1":{"start":{"line":4,"column":0},"end":{"line":4,"column":null}},"2":{"start":{"line":5,"column":0},"end":{"line":5,"column":null}},"3":{"start":{"line":6,"column":0},"end":{"line":6,"column":null}},"4":{"start":{"line":9,"column":57},"end":{"line":9,"column":null}},"5":{"start":{"line":16,"column":15},"end":{"line":16,"column":null}}},"fnMap":{},"branchMap":{},"s":{"0":2,"1":2,"2":2,"3":2,"4":2,"5":2},"f":{},"b":{}}
,"/Users/zeki/Documents/Projects/personal/vue3-ts-shopping-card/src/store/modules/wishlist/mutations.ts": {"path":"/Users/zeki/Documents/Projects/personal/vue3-ts-shopping-card/src/store/modules/wishlist/mutations.ts","statementMap":{"0":{"start":{"line":3,"column":0},"end":{"line":3,"column":null}},"1":{"start":{"line":6,"column":27},"end":{"line":6,"column":null}},"2":{"start":{"line":8,"column":25},"end":{"line":8,"column":30}},"3":{"start":{"line":8,"column":58},"end":{"line":8,"column":null}},"4":{"start":{"line":9,"column":4},"end":{"line":14,"column":null}},"5":{"start":{"line":10,"column":6},"end":{"line":10,"column":11}},"6":{"start":{"line":17,"column":4},"end":{"line":17,"column":9}},"7":{"start":{"line":17,"column":61},"end":{"line":17,"column":null}}},"fnMap":{"0":{"name":"(anonymous_0)","decl":{"start":{"line":7,"column":2},"end":{"line":7,"column":3}},"loc":{"start":{"line":7,"column":91},"end":{"line":15,"column":null}}},"1":{"name":"(anonymous_1)","decl":{"start":{"line":8,"column":50},"end":{"line":8,"column":54}},"loc":{"start":{"line":8,"column":58},"end":{"line":8,"column":null}}},"2":{"name":"(anonymous_2)","decl":{"start":{"line":16,"column":2},"end":{"line":16,"column":3}},"loc":{"start":{"line":16,"column":84},"end":{"line":18,"column":null}}},"3":{"name":"(anonymous_3)","decl":{"start":{"line":17,"column":53},"end":{"line":17,"column":57}},"loc":{"start":{"line":17,"column":61},"end":{"line":17,"column":null}}}},"branchMap":{"0":{"loc":{"start":{"line":9,"column":4},"end":{"line":14,"column":null}},"type":"if","locations":[{"start":{"line":9,"column":4},"end":{"line":14,"column":null}},{"start":{"line":9,"column":4},"end":{"line":14,"column":null}}]}},"s":{"0":2,"1":2,"2":4,"3":3,"4":4,"5":3,"6":2,"7":4},"f":{"0":4,"1":3,"2":2,"3":4},"b":{"0":[3,1]}}
,"/Users/zeki/Documents/Projects/personal/vue3-ts-shopping-card/src/store/modules/wishlist/state.ts": {"path":"/Users/zeki/Documents/Projects/personal/vue3-ts-shopping-card/src/store/modules/wishlist/state.ts","statementMap":{"0":{"start":{"line":3,"column":41},"end":{"line":3,"column":null}}},"fnMap":{},"branchMap":{},"s":{"0":2},"f":{},"b":{}}
,"/Users/zeki/Documents/Projects/personal/vue3-ts-shopping-card/src/use/useAxios.ts": {"path":"/Users/zeki/Documents/Projects/personal/vue3-ts-shopping-card/src/use/useAxios.ts","statementMap":{"0":{"start":{"line":2,"column":0},"end":{"line":2,"column":null}},"1":{"start":{"line":3,"column":0},"end":{"line":3,"column":null}},"2":{"start":{"line":8,"column":16},"end":{"line":8,"column":25}},"3":{"start":{"line":14,"column":18},"end":{"line":26,"column":null}},"4":{"start":{"line":15,"column":4},"end":{"line":15,"column":9}},"5":{"start":{"line":16,"column":4},"end":{"line":16,"column":9}},"6":{"start":{"line":17,"column":4},"end":{"line":17,"column":9}},"7":{"start":{"line":18,"column":4},"end":{"line":24,"column":null}},"8":{"start":{"line":19,"column":23},"end":{"line":19,"column":33}},"9":{"start":{"line":20,"column":6},"end":{"line":20,"column":11}},"10":{"start":{"line":23,"column":6},"end":{"line":23,"column":11}},"11":{"start":{"line":25,"column":4},"end":{"line":25,"column":9}},"12":{"start":{"line":28,"column":2},"end":{"line":28,"column":9}}},"fnMap":{"0":{"name":"useAxios","decl":{"start":{"line":7,"column":16},"end":{"line":7,"column":25}},"loc":{"start":{"line":7,"column":80},"end":{"line":32,"column":null}}},"1":{"name":"(anonymous_1)","decl":{"start":{"line":14,"column":18},"end":{"line":14,"column":29}},"loc":{"start":{"line":14,"column":29},"end":{"line":26,"column":null}}}},"branchMap":{},"s":{"0":6,"1":6,"2":4,"3":4,"4":3,"5":3,"6":3,"7":3,"8":3,"9":1,"10":1,"11":2,"12":4},"f":{"0":4,"1":3},"b":{}}
,"/Users/zeki/Documents/Projects/personal/vue3-ts-shopping-card/src/use/usePagination.ts": {"path":"/Users/zeki/Documents/Projects/personal/vue3-ts-shopping-card/src/use/usePagination.ts","statementMap":{"0":{"start":{"line":1,"column":0},"end":{"line":1,"column":null}},"1":{"start":{"line":29,"column":16},"end":{"line":29,"column":25}},"2":{"start":{"line":36,"column":2},"end":{"line":36,"column":null}},"3":{"start":{"line":37,"column":10},"end":{"line":37,"column":null}},"4":{"start":{"line":39,"column":6},"end":{"line":41,"column":null}},"5":{"start":{"line":40,"column":8},"end":{"line":40,"column":13}},"6":{"start":{"line":48,"column":19},"end":{"line":48,"column":28}},"7":{"start":{"line":48,"column":34},"end":{"line":48,"column":38}},"8":{"start":{"line":50,"column":16},"end":{"line":52,"column":null}},"9":{"start":{"line":51,"column":4},"end":{"line":51,"column":9}},"10":{"start":{"line":53,"column":15},"end":{"line":53,"column":27}},"11":{"start":{"line":53,"column":22},"end":{"line":53,"column":27}},"12":{"start":{"line":54,"column":15},"end":{"line":54,"column":27}},"13":{"start":{"line":54,"column":22},"end":{"line":54,"column":27}},"14":{"start":{"line":55,"column":16},"end":{"line":55,"column":28}},"15":{"start":{"line":55,"column":23},"end":{"line":55,"column":28}},"16":{"start":{"line":56,"column":15},"end":{"line":56,"column":27}},"17":{"start":{"line":56,"column":22},"end":{"line":56,"column":27}},"18":{"start":{"line":58,"column":23},"end":{"line":58,"column":32}},"19":{"start":{"line":59,"column":22},"end":{"line":59,"column":null}},"20":{"start":{"line":60,"column":21},"end":{"line":60,"column":null}},"21":{"start":{"line":61,"column":21},"end":{"line":61,"column":null}},"22":{"start":{"line":62,"column":22},"end":{"line":62,"column":null}},"23":{"start":{"line":64,"column":4},"end":{"line":64,"column":11}},"24":{"start":{"line":75,"column":2},"end":{"line":75,"column":null}},"25":{"start":{"line":76,"column":10},"end":{"line":76,"column":null}},"26":{"start":{"line":78,"column":6},"end":{"line":80,"column":null}},"27":{"start":{"line":79,"column":8},"end":{"line":79,"column":14}},"28":{"start":{"line":86,"column":2},"end":{"line":86,"column":null}},"29":{"start":{"line":87,"column":10},"end":{"line":87,"column":null}},"30":{"start":{"line":89,"column":6},"end":{"line":89,"column":11}},"31":{"start":{"line":97,"column":2},"end":{"line":97,"column":9}}},"fnMap":{"0":{"name":"usePagination","decl":{"start":{"line":27,"column":16},"end":{"line":27,"column":30}},"loc":{"start":{"line":27,"column":56},"end":{"line":107,"column":null}}},"1":{"name":"(anonymous_1)","decl":{"start":{"line":37,"column":4},"end":{"line":37,"column":10}},"loc":{"start":{"line":37,"column":10},"end":{"line":37,"column":null}}},"2":{"name":"(anonymous_2)","decl":{"start":{"line":38,"column":5},"end":{"line":38,"column":15}},"loc":{"start":{"line":38,"column":15},"end":{"line":42,"column":null}}},"3":{"name":"(anonymous_3)","decl":{"start":{"line":48,"column":28},"end":{"line":48,"column":34}},"loc":{"start":{"line":48,"column":34},"end":{"line":48,"column":38}}},"4":{"name":"(anonymous_4)","decl":{"start":{"line":50,"column":16},"end":{"line":50,"column":31}},"loc":{"start":{"line":50,"column":31},"end":{"line":52,"column":null}}},"5":{"name":"(anonymous_5)","decl":{"start":{"line":53,"column":15},"end":{"line":53,"column":22}},"loc":{"start":{"line":53,"column":22},"end":{"line":53,"column":27}}},"6":{"name":"(anonymous_6)","decl":{"start":{"line":54,"column":15},"end":{"line":54,"column":22}},"loc":{"start":{"line":54,"column":22},"end":{"line":54,"column":27}}},"7":{"name":"(anonymous_7)","decl":{"start":{"line":55,"column":16},"end":{"line":55,"column":23}},"loc":{"start":{"line":55,"column":23},"end":{"line":55,"column":28}}},"8":{"name":"(anonymous_8)","decl":{"start":{"line":56,"column":15},"end":{"line":56,"column":22}},"loc":{"start":{"line":56,"column":22},"end":{"line":56,"column":27}}},"9":{"name":"(anonymous_9)","decl":{"start":{"line":58,"column":32},"end":{"line":58,"column":37}},"loc":{"start":{"line":58,"column":37},"end":{"line":73,"column":null}}},"10":{"name":"(anonymous_10)","decl":{"start":{"line":76,"column":4},"end":{"line":76,"column":10}},"loc":{"start":{"line":76,"column":10},"end":{"line":76,"column":null}}},"11":{"name":"(anonymous_11)","decl":{"start":{"line":77,"column":5},"end":{"line":77,"column":15}},"loc":{"start":{"line":77,"column":15},"end":{"line":81,"column":null}}},"12":{"name":"(anonymous_12)","decl":{"start":{"line":87,"column":4},"end":{"line":87,"column":10}},"loc":{"start":{"line":87,"column":10},"end":{"line":87,"column":null}}},"13":{"name":"(anonymous_13)","decl":{"start":{"line":88,"column":5},"end":{"line":88,"column":15}},"loc":{"start":{"line":88,"column":15},"end":{"line":90,"column":null}}}},"branchMap":{"0":{"loc":{"start":{"line":39,"column":6},"end":{"line":41,"column":null}},"type":"if","locations":[{"start":{"line":39,"column":6},"end":{"line":41,"column":null}},{"start":{"line":39,"column":6},"end":{"line":41,"column":null}}]},"1":{"loc":{"start":{"line":59,"column":46},"end":{"line":59,"column":50}},"type":"cond-expr","locations":[{"start":{"line":59,"column":46},"end":{"line":59,"column":50}},{"start":{"line":59,"column":50},"end":{"line":59,"column":null}}]},"2":{"loc":{"start":{"line":60,"column":46},"end":{"line":60,"column":70}},"type":"cond-expr","locations":[{"start":{"line":60,"column":46},"end":{"line":60,"column":70}},{"start":{"line":60,"column":70},"end":{"line":60,"column":null}}]},"3":{"loc":{"start":{"line":61,"column":59},"end":{"line":61,"column":66}},"type":"cond-expr","locations":[{"start":{"line":61,"column":59},"end":{"line":61,"column":66}},{"start":{"line":61,"column":66},"end":{"line":61,"column":null}}]},"4":{"loc":{"start":{"line":62,"column":62},"end":{"line":62,"column":79}},"type":"cond-expr","locations":[{"start":{"line":62,"column":62},"end":{"line":62,"column":79}},{"start":{"line":62,"column":79},"end":{"line":62,"column":null}}]},"5":{"loc":{"start":{"line":62,"column":22},"end":{"line":62,"column":30}},"type":"binary-expr","locations":[{"start":{"line":62,"column":22},"end":{"line":62,"column":30}},{"start":{"line":62,"column":34},"end":{"line":62,"column":62}}]},"6":{"loc":{"start":{"line":66,"column":18},"end":{"line":66,"column":26}},"type":"cond-expr","locations":[{"start":{"line":66,"column":18},"end":{"line":66,"column":26}},{"start":{"line":66,"column":26},"end":{"line":66,"column":null}}]},"7":{"loc":{"start":{"line":70,"column":18},"end":{"line":70,"column":26}},"type":"cond-expr","locations":[{"start":{"line":70,"column":18},"end":{"line":70,"column":26}},{"start":{"line":70,"column":26},"end":{"line":70,"column":null}}]},"8":{"loc":{"start":{"line":78,"column":6},"end":{"line":80,"column":null}},"type":"if","locations":[{"start":{"line":78,"column":6},"end":{"line":80,"column":null}},{"start":{"line":78,"column":6},"end":{"line":80,"column":null}}]}},"s":{"0":6,"1":13,"2":13,"3":26,"4":26,"5":2,"6":13,"7":14,"8":13,"9":4,"10":13,"11":1,"12":13,"13":1,"14":13,"15":1,"16":13,"17":1,"18":13,"19":2,"20":2,"21":2,"22":2,"23":2,"24":13,"25":35,"26":22,"27":2,"28":13,"29":24,"30":24,"31":13},"f":{"0":13,"1":26,"2":26,"3":14,"4":4,"5":1,"6":1,"7":1,"8":1,"9":2,"10":35,"11":22,"12":24,"13":24},"b":{"0":[2,24],"1":[0,2],"2":[0,2],"3":[0,2],"4":[1,1],"5":[2,2],"6":[0,2],"7":[1,1],"8":[2,20]}}
,"/Users/zeki/Documents/Projects/personal/vue3-ts-shopping-card/src/use/useStore.ts": {"path":"/Users/zeki/Documents/Projects/personal/vue3-ts-shopping-card/src/use/useStore.ts","statementMap":{"0":{"start":{"line":3,"column":0},"end":{"line":3,"column":null}},"1":{"start":{"line":8,"column":2},"end":{"line":8,"column":9}}},"fnMap":{"0":{"name":"useStore","decl":{"start":{"line":7,"column":16},"end":{"line":7,"column":24}},"loc":{"start":{"line":7,"column":24},"end":{"line":9,"column":null}}}},"branchMap":{},"s":{"0":3,"1":3},"f":{"0":3},"b":{}}
,"/Users/zeki/Documents/Projects/personal/vue3-ts-shopping-card/src/views/Home.vue": {"path":"/Users/zeki/Documents/Projects/personal/vue3-ts-shopping-card/src/views/Home.vue","statementMap":{"0":{"start":{"line":20,"column":2},"end":{"line":20,"column":7}},"1":{"start":{"line":21,"column":18},"end":{"line":21,"column":28}},"2":{"start":{"line":22,"column":18},"end":{"line":22,"column":28}},"3":{"start":{"line":23,"column":17},"end":{"line":23,"column":78}},"4":{"start":{"line":23,"column":32},"end":{"line":23,"column":78}},"5":{"start":{"line":24,"column":19},"end":{"line":24,"column":55}},"6":{"start":{"line":24,"column":34},"end":{"line":24,"column":55}},"7":{"start":{"line":25,"column":23},"end":{"line":25,"column":33}},"8":{"start":{"line":28,"column":4},"end":{"line":75,"column":null}},"9":{"start":{"line":29,"column":12},"end":{"line":29,"column":null}},"10":{"start":{"line":30,"column":6},"end":{"line":70,"column":null}},"11":{"start":{"line":31,"column":14},"end":{"line":33,"column":null}},"12":{"start":{"line":42,"column":8},"end":{"line":42,"column":null}},"13":{"start":{"line":43,"column":8},"end":{"line":43,"column":24}},"14":{"start":{"line":45,"column":8},"end":{"line":68,"column":8}},"15":{"start":{"line":56,"column":14},"end":{"line":56,"column":19}},"16":{"start":{"line":58,"column":10},"end":{"line":66,"column":null}},"17":{"start":{"line":69,"column":6},"end":{"line":69,"column":null}},"18":{"start":{"line":77,"column":4},"end":{"line":80,"column":null}}},"fnMap":{"0":{"name":"(anonymous_13)","decl":{"start":{"line":20,"column":2},"end":{"line":20,"column":7}},"loc":{"start":{"line":20,"column":2},"end":{"line":81,"column":3}}},"1":{"name":"(anonymous_14)","decl":{"start":{"line":23,"column":26},"end":{"line":23,"column":32}},"loc":{"start":{"line":23,"column":26},"end":{"line":23,"column":40}}},"2":{"name":"(anonymous_15)","decl":{"start":{"line":24,"column":28},"end":{"line":24,"column":34}},"loc":{"start":{"line":24,"column":28},"end":{"line":24,"column":35}}},"3":{"name":"(anonymous_16)","decl":{"start":{"line":29,"column":6},"end":{"line":29,"column":12}},"loc":{"start":{"line":29,"column":6},"end":{"line":29,"column":13}}},"4":{"name":"(anonymous_17)","decl":{"start":{"line":30,"column":6},"end":{"line":30,"column":null}},"loc":{"start":{"line":30,"column":6},"end":{"line":70,"column":null}}},"5":{"name":"(anonymous_20)","decl":{"start":{"line":47,"column":32},"end":{"line":47,"column":33}},"loc":{"start":{"line":47,"column":47},"end":{"line":67,"column":9}}}},"branchMap":{"0":{"loc":{"start":{"line":23,"column":32},"end":{"line":23,"column":72}},"type":"binary-expr","locations":[{"start":{"line":23,"column":32},"end":{"line":23,"column":72}},{"start":{"line":23,"column":76},"end":{"line":23,"column":77}}]},"1":{"loc":{"start":{"line":69,"column":77},"end":{"line":69,"column":81}},"type":"cond-expr","locations":[{"start":{"line":69,"column":77},"end":{"line":69,"column":81}},{"start":{"line":69,"column":81},"end":{"line":69,"column":82}}]},"2":{"loc":{"start":{"line":69,"column":50},"end":{"line":69,"column":81}},"type":"binary-expr","locations":[{"start":{"line":69,"column":50},"end":{"line":69,"column":81}},{"start":{"line":69,"column":77},"end":{"line":69,"column":81}}]}},"s":{"0":1,"1":1,"2":1,"3":1,"4":1,"5":1,"6":1,"7":1,"8":1,"9":1,"10":1,"11":1,"12":2,"13":1,"14":0,"15":0,"16":0,"17":0,"18":1},"f":{"0":1,"1":1,"2":1,"3":1,"4":2,"5":0},"b":{"0":[1,1],"1":[0,0],"2":[0,0]}}
}
