TN:
SF:src/App.vue
FN:13,(anonymous_0)
FN:15,(anonymous_1)
FN:16,(anonymous_2)
FN:29,(anonymous_3)
FN:45,(anonymous_4)
FNF:5
FNH:0
FNDA:0,(anonymous_0)
FNDA:0,(anonymous_1)
FNDA:0,(anonymous_2)
FNDA:0,(anonymous_3)
FNDA:0,(anonymous_4)
DA:14,0
DA:15,0
DA:16,0
DA:17,0
DA:30,0
DA:45,0
DA:46,0
DA:47,0
DA:49,0
LF:9
LH:0
BRDA:37,0,0,0
BRDA:37,0,1,0
BRDA:37,1,0,0
BRDA:37,1,1,0
BRDA:45,2,0,0
BRDA:45,2,1,0
BRDA:45,3,0,0
BRDA:45,3,1,0
BRF:8
BRH:0
end_of_record
TN:
SF:src/main.ts
FNF:0
FNH:0
DA:9,0
DA:10,0
DA:11,0
DA:12,0
DA:13,0
DA:14,0
LF:6
LH:0
BRF:0
BRH:0
end_of_record
TN:
SF:src/components/MiniBag.vue
FN:13,(anonymous_0)
FN:17,(anonymous_1)
FN:20,(anonymous_2)
FN:25,(anonymous_3)
FNF:4
FNH:4
FNDA:2,(anonymous_0)
FNDA:2,(anonymous_1)
FNDA:2,(anonymous_2)
FNDA:1,(anonymous_3)
DA:14,2
DA:15,2
DA:16,2
DA:17,2
DA:19,2
DA:21,2
DA:22,2
DA:25,2
DA:26,1
DA:28,2
LF:10
LH:10
BRDA:22,0,0,2
BRDA:22,0,1,0
BRF:2
BRH:1
end_of_record
TN:
SF:src/components/MiniBagTrigger.vue
FN:12,(anonymous_0)
FN:14,(anonymous_1)
FN:16,(anonymous_2)
FNF:3
FNH:3
FNDA:1,(anonymous_0)
FNDA:1,(anonymous_1)
FNDA:1,(anonymous_2)
DA:13,1
DA:14,1
DA:15,1
DA:17,1
DA:18,1
DA:22,1
LF:6
LH:6
BRDA:18,0,0,1
BRDA:18,0,1,0
BRF:2
BRH:1
end_of_record
TN:
SF:src/components/ProductList.vue
FN:14,(anonymous_0)
FN:17,(anonymous_1)
FN:21,(anonymous_2)
FN:24,(anonymous_3)
FN:28,(anonymous_4)
FN:31,(anonymous_5)
FN:31,(anonymous_6)
FN:32,(anonymous_7)
FN:32,(anonymous_8)
FN:33,(anonymous_9)
FNF:10
FNH:10
FNDA:5,(anonymous_0)
FNDA:1,(anonymous_1)
FNDA:5,(anonymous_2)
FNDA:4,(anonymous_3)
FNDA:4,(anonymous_4)
FNDA:24,(anonymous_5)
FNDA:21,(anonymous_6)
FNDA:26,(anonymous_7)
FNDA:43,(anonymous_8)
FNDA:2,(anonymous_9)
DA:15,5
DA:16,5
DA:17,5
DA:18,1
DA:21,5
DA:23,5
DA:25,4
DA:27,5
DA:29,4
DA:31,24
DA:32,43
DA:33,5
DA:34,2
DA:35,1
DA:37,1
DA:40,5
LF:16
LH:16
BRDA:34,0,0,1
BRDA:34,0,1,1
BRF:2
BRH:2
end_of_record
TN:
SF:src/components/ThePagination.vue
FN:19,(anonymous_0)
FN:32,(anonymous_1)
FN:37,(anonymous_2)
FNF:3
FNH:2
FNDA:1,(anonymous_0)
FNDA:1,(anonymous_1)
FNDA:0,(anonymous_2)
DA:20,1
DA:21,1
DA:22,1
DA:30,1
DA:32,1
DA:37,1
DA:38,0
DA:39,0
DA:42,1
LF:9
LH:7
BRF:0
BRH:0
end_of_record
TN:
SF:src/components/WishlistTrigger.vue
FN:11,(anonymous_0)
FN:13,(anonymous_1)
FNF:2
FNH:2
FNDA:1,(anonymous_0)
FNDA:1,(anonymous_1)
DA:12,1
DA:13,1
DA:15,1
LF:3
LH:3
BRF:0
BRH:0
end_of_record
TN:
SF:src/layout/DefaultFooter.vue
FN:6,(anonymous_0)
FN:9,(anonymous_1)
FNF:2
FNH:0
FNDA:0,(anonymous_0)
FNDA:0,(anonymous_1)
DA:7,0
DA:9,0
DA:10,0
DA:11,0
DA:14,0
LF:5
LH:0
BRF:0
BRH:0
end_of_record
TN:
SF:src/layout/DefaultHeader.vue
FN:13,(anonymous_0)
FN:15,(anonymous_1)
FNF:2
FNH:0
FNDA:0,(anonymous_0)
FNDA:0,(anonymous_1)
DA:14,0
DA:15,0
DA:16,0
DA:19,0
LF:4
LH:0
BRF:0
BRH:0
end_of_record
TN:
SF:src/layout/DefaultLayout.vue
FN:11,(anonymous_0)
FNF:1
FNH:0
FNDA:0,(anonymous_0)
DA:14,0
LF:1
LH:0
BRF:0
BRH:0
end_of_record
TN:
SF:src/router/index.ts
FN:15,(anonymous_0)
FNF:1
FNH:0
FNDA:0,(anonymous_0)
DA:1,0
DA:2,0
DA:4,0
DA:12,0
DA:16,0
DA:20,0
LF:6
LH:0
BRF:0
BRH:0
end_of_record
TN:
SF:src/services/activities.service.ts
FN:5,(anonymous_0)
FN:13,(anonymous_1)
FN:16,(anonymous_2)
FNF:3
FNH:2
FNDA:1,(anonymous_0)
FNDA:0,(anonymous_1)
FNDA:1,(anonymous_2)
DA:5,6
DA:6,1
DA:7,1
DA:14,0
DA:17,1
LF:5
LH:4
BRDA:6,0,0,1
BRDA:6,0,1,1
BRDA:8,1,0,1
BRDA:8,1,1,0
BRF:4
BRH:3
end_of_record
TN:
SF:src/services/apiClient.ts
FNF:0
FNH:0
DA:4,6
LF:1
LH:1
BRF:0
BRH:0
end_of_record
TN:
SF:src/services/index.ts
FNF:0
FNH:0
DA:1,6
DA:9,6
LF:2
LH:2
BRF:0
BRH:0
end_of_record
TN:
SF:src/store/constants.ts
FNF:0
FNH:0
DA:1,8
DA:13,8
DA:19,8
DA:25,8
LF:4
LH:4
BRF:0
BRH:0
end_of_record
TN:
SF:src/store/enums.ts
FN:1,(anonymous_0)
FN:6,(anonymous_1)
FN:13,(anonymous_2)
FN:19,(anonymous_3)
FN:23,(anonymous_4)
FN:27,(anonymous_5)
FN:31,(anonymous_6)
FN:35,(anonymous_7)
FN:39,(anonymous_8)
FNF:9
FNH:9
FNDA:8,(anonymous_0)
FNDA:8,(anonymous_1)
FNDA:8,(anonymous_2)
FNDA:8,(anonymous_3)
FNDA:8,(anonymous_4)
FNDA:8,(anonymous_5)
FNDA:8,(anonymous_6)
FNDA:8,(anonymous_7)
FNDA:8,(anonymous_8)
DA:1,8
DA:2,8
DA:3,8
DA:4,8
DA:6,8
DA:7,8
DA:8,8
DA:9,8
DA:10,8
DA:11,8
DA:13,8
DA:14,8
DA:15,8
DA:16,8
DA:17,8
DA:19,8
DA:20,8
DA:21,8
DA:23,8
DA:24,8
DA:25,8
DA:27,8
DA:28,8
DA:29,8
DA:31,8
DA:32,8
DA:33,8
DA:35,8
DA:36,8
DA:37,8
DA:39,8
DA:40,8
LF:32
LH:32
BRDA:1,0,0,8
BRDA:1,0,1,8
BRDA:6,1,0,8
BRDA:6,1,1,8
BRDA:13,2,0,8
BRDA:13,2,1,8
BRDA:19,3,0,8
BRDA:19,3,1,8
BRDA:23,4,0,8
BRDA:23,4,1,8
BRDA:27,5,0,8
BRDA:27,5,1,8
BRDA:31,6,0,8
BRDA:31,6,1,8
BRDA:35,7,0,8
BRDA:35,7,1,8
BRDA:39,8,0,8
BRDA:39,8,1,8
BRF:18
BRH:18
end_of_record
TN:
SF:src/store/index.ts
FNF:0
FNH:0
DA:1,0
DA:7,0
DA:9,0
LF:3
LH:0
BRF:0
BRH:0
end_of_record
TN:
SF:src/store/interfaces.ts
FNF:0
FNH:0
DA:2,0
LF:1
LH:0
BRF:0
BRH:0
end_of_record
TN:
SF:src/store/modules/bag/actions.ts
FN:12,(anonymous_0)
FN:15,(anonymous_1)
FNF:2
FNH:0
FNDA:0,(anonymous_0)
FNDA:0,(anonymous_1)
DA:8,2
DA:11,2
DA:13,0
DA:16,0
LF:4
LH:2
BRF:0
BRH:0
end_of_record
TN:
SF:src/store/modules/bag/getters.ts
FN:11,(anonymous_0)
FNF:1
FNH:1
FNDA:1,(anonymous_0)
DA:1,2
DA:10,2
DA:12,1
LF:3
LH:3
BRF:0
BRH:0
end_of_record
TN:
SF:src/store/modules/bag/index.ts
FNF:0
FNH:0
DA:3,2
DA:4,2
DA:5,2
DA:6,2
DA:9,2
DA:16,2
LF:6
LH:6
BRF:0
BRH:0
end_of_record
TN:
SF:src/store/modules/bag/mutations.ts
FN:7,(anonymous_0)
FN:8,(anonymous_1)
FN:17,(anonymous_2)
FN:18,(anonymous_3)
FNF:4
FNH:4
FNDA:4,(anonymous_0)
FNDA:3,(anonymous_1)
FNDA:2,(anonymous_2)
FNDA:4,(anonymous_3)
DA:3,2
DA:6,2
DA:8,4
DA:9,4
DA:10,3
DA:14,3
DA:18,4
DA:19,2
LF:8
LH:8
BRDA:9,0,0,3
BRDA:9,0,1,1
BRDA:14,1,0,3
BRDA:14,1,1,0
BRDA:19,2,0,2
BRDA:19,2,1,0
BRF:6
BRH:4
end_of_record
TN:
SF:src/store/modules/bag/state.ts
FNF:0
FNH:0
DA:3,2
LF:1
LH:1
BRF:0
BRH:0
end_of_record
TN:
SF:src/store/modules/root/actions.ts
FN:7,(anonymous_0)
FN:10,(anonymous_1)
FN:13,(anonymous_2)
FNF:3
FNH:0
FNDA:0,(anonymous_0)
FNDA:0,(anonymous_1)
FNDA:0,(anonymous_2)
DA:4,1
DA:6,1
DA:8,0
DA:11,0
DA:14,0
LF:5
LH:2
BRF:0
BRH:0
end_of_record
TN:
SF:src/store/modules/root/getters.ts
FN:6,(anonymous_0)
FNF:1
FNH:1
FNDA:1,(anonymous_0)
DA:1,1
DA:5,1
DA:7,1
LF:3
LH:3
BRF:0
BRH:0
end_of_record
TN:
SF:src/store/modules/root/index.ts
FNF:0
FNH:0
DA:3,1
DA:4,1
DA:5,1
DA:6,1
DA:7,1
DA:8,1
DA:11,1
DA:16,1
DA:24,1
LF:9
LH:9
BRF:0
BRH:0
end_of_record
TN:
SF:src/store/modules/root/mutations.ts
FN:6,(anonymous_0)
FN:9,(anonymous_1)
FN:12,(anonymous_2)
FNF:3
FNH:3
FNDA:2,(anonymous_0)
FNDA:1,(anonymous_1)
FNDA:1,(anonymous_2)
DA:3,1
DA:5,1
DA:7,2
DA:10,1
DA:13,1
LF:5
LH:5
BRF:0
BRH:0
end_of_record
TN:
SF:src/store/modules/root/state.ts
FNF:0
FNH:0
DA:3,1
LF:1
LH:1
BRF:0
BRH:0
end_of_record
TN:
SF:src/store/modules/wishlist/actions.ts
FN:12,(anonymous_0)
FN:15,(anonymous_1)
FNF:2
FNH:0
FNDA:0,(anonymous_0)
FNDA:0,(anonymous_1)
DA:8,2
DA:11,2
DA:13,0
DA:16,0
LF:4
LH:2
BRF:0
BRH:0
end_of_record
TN:
SF:src/store/modules/wishlist/getters.ts
FN:11,(anonymous_0)
FNF:1
FNH:1
FNDA:1,(anonymous_0)
DA:1,2
DA:10,2
DA:12,1
LF:3
LH:3
BRF:0
BRH:0
end_of_record
TN:
SF:src/store/modules/wishlist/index.ts
FNF:0
FNH:0
DA:3,2
DA:4,2
DA:5,2
DA:6,2
DA:9,2
DA:16,2
LF:6
LH:6
BRF:0
BRH:0
end_of_record
TN:
SF:src/store/modules/wishlist/mutations.ts
FN:7,(anonymous_0)
FN:8,(anonymous_1)
FN:16,(anonymous_2)
FN:17,(anonymous_3)
FNF:4
FNH:4
FNDA:4,(anonymous_0)
FNDA:3,(anonymous_1)
FNDA:2,(anonymous_2)
FNDA:4,(anonymous_3)
DA:3,2
DA:6,2
DA:8,4
DA:9,4
DA:10,3
DA:17,4
LF:6
LH:6
BRDA:9,0,0,3
BRDA:9,0,1,1
BRF:2
BRH:2
end_of_record
TN:
SF:src/store/modules/wishlist/state.ts
FNF:0
FNH:0
DA:3,2
LF:1
LH:1
BRF:0
BRH:0
end_of_record
TN:
SF:src/use/useAxios.ts
FN:7,useAxios
FN:14,(anonymous_1)
FNF:2
FNH:2
FNDA:4,useAxios
FNDA:3,(anonymous_1)
DA:2,6
DA:3,6
DA:8,4
DA:14,4
DA:15,3
DA:16,3
DA:17,3
DA:18,3
DA:19,3
DA:20,1
DA:23,1
DA:25,2
DA:28,4
LF:13
LH:13
BRF:0
BRH:0
end_of_record
TN:
SF:src/use/usePagination.ts
FN:27,usePagination
FN:37,(anonymous_1)
FN:38,(anonymous_2)
FN:48,(anonymous_3)
FN:50,(anonymous_4)
FN:53,(anonymous_5)
FN:54,(anonymous_6)
FN:55,(anonymous_7)
FN:56,(anonymous_8)
FN:58,(anonymous_9)
FN:76,(anonymous_10)
FN:77,(anonymous_11)
FN:87,(anonymous_12)
FN:88,(anonymous_13)
FNF:14
FNH:14
FNDA:13,usePagination
FNDA:26,(anonymous_1)
FNDA:26,(anonymous_2)
FNDA:14,(anonymous_3)
FNDA:4,(anonymous_4)
FNDA:1,(anonymous_5)
FNDA:1,(anonymous_6)
FNDA:1,(anonymous_7)
FNDA:1,(anonymous_8)
FNDA:2,(anonymous_9)
FNDA:35,(anonymous_10)
FNDA:22,(anonymous_11)
FNDA:24,(anonymous_12)
FNDA:24,(anonymous_13)
DA:1,6
DA:29,13
DA:36,13
DA:37,26
DA:39,26
DA:40,2
DA:48,14
DA:50,13
DA:51,4
DA:53,13
DA:54,13
DA:55,13
DA:56,13
DA:58,13
DA:59,2
DA:60,2
DA:61,2
DA:62,2
DA:64,2
DA:75,13
DA:76,35
DA:78,22
DA:79,2
DA:86,13
DA:87,24
DA:89,24
DA:97,13
LF:27
LH:27
BRDA:39,0,0,2
BRDA:39,0,1,24
BRDA:59,1,0,0
BRDA:59,1,1,2
BRDA:60,2,0,0
BRDA:60,2,1,2
BRDA:61,3,0,0
BRDA:61,3,1,2
BRDA:62,4,0,1
BRDA:62,4,1,1
BRDA:62,5,0,2
BRDA:62,5,1,2
BRDA:66,6,0,0
BRDA:66,6,1,2
BRDA:70,7,0,1
BRDA:70,7,1,1
BRDA:78,8,0,2
BRDA:78,8,1,20
BRF:18
BRH:14
end_of_record
TN:
SF:src/use/useStore.ts
FN:7,useStore
FNF:1
FNH:1
FNDA:3,useStore
DA:3,3
DA:8,3
LF:2
LH:2
BRF:0
BRH:0
end_of_record
TN:
SF:src/views/Home.vue
FN:20,(anonymous_13)
FN:23,(anonymous_14)
FN:24,(anonymous_15)
FN:29,(anonymous_16)
FN:30,(anonymous_17)
FN:47,(anonymous_20)
FNF:6
FNH:5
FNDA:1,(anonymous_13)
FNDA:1,(anonymous_14)
FNDA:1,(anonymous_15)
FNDA:1,(anonymous_16)
FNDA:2,(anonymous_17)
FNDA:0,(anonymous_20)
DA:20,1
DA:21,1
DA:22,1
DA:23,1
DA:24,1
DA:25,1
DA:28,1
DA:29,1
DA:30,1
DA:31,1
DA:42,2
DA:43,1
DA:45,0
DA:56,0
DA:58,0
DA:69,0
DA:77,1
LF:17
LH:13
BRDA:23,0,0,1
BRDA:23,0,1,1
BRDA:69,1,0,0
BRDA:69,1,1,0
BRDA:69,2,0,0
BRDA:69,2,1,0
BRF:6
BRH:2
end_of_record
