<?xml version="1.0" encoding="UTF-8"?>
<coverage generated="1629208714687" clover="3.2.0">
  <project timestamp="1629208714687" name="All files">
    <metrics statements="207" coveredstatements="197" conditionals="60" coveredconditionals="51" methods="89" coveredmethods="77" elements="356" coveredelements="325" complexity="0" loc="207" ncloc="207" packages="12" files="36" classes="36"/>
    <package name="src">
      <metrics statements="15" coveredstatements="14" conditionals="2" coveredconditionals="2" methods="5" coveredmethods="4"/>
      <file name="App.vue" path="/Users/zeki/Documents/Projects/personal/js_challenge_jagaad_zeki-oztorun/src/App.vue">
        <metrics statements="9" coveredstatements="8" conditionals="2" coveredconditionals="2" methods="5" coveredmethods="4"/>
        <line num="14" count="24" type="stmt"/>
        <line num="15" count="24" type="stmt"/>
        <line num="16" count="24" type="stmt"/>
        <line num="17" count="24" type="stmt"/>
        <line num="30" count="0" type="stmt"/>
        <line num="45" count="24" type="cond" truecount="2" falsecount="0"/>
        <line num="46" count="24" type="stmt"/>
        <line num="47" count="24" type="stmt"/>
        <line num="49" count="24" type="stmt"/>
      </file>
      <file name="main.ts" path="/Users/zeki/Documents/Projects/personal/js_challenge_jagaad_zeki-oztorun/src/main.ts">
        <metrics statements="6" coveredstatements="6" conditionals="0" coveredconditionals="0" methods="0" coveredmethods="0"/>
        <line num="9" count="24" type="stmt"/>
        <line num="10" count="24" type="stmt"/>
        <line num="11" count="24" type="stmt"/>
        <line num="12" count="24" type="stmt"/>
        <line num="13" count="24" type="stmt"/>
        <line num="14" count="24" type="stmt"/>
      </file>
    </package>
    <package name="src.components">
      <metrics statements="44" coveredstatements="44" conditionals="6" coveredconditionals="6" methods="22" coveredmethods="22"/>
      <file name="MiniBag.vue" path="/Users/zeki/Documents/Projects/personal/js_challenge_jagaad_zeki-oztorun/src/components/MiniBag.vue">
        <metrics statements="10" coveredstatements="10" conditionals="2" coveredconditionals="2" methods="4" coveredmethods="4"/>
        <line num="14" count="2" type="stmt"/>
        <line num="15" count="2" type="stmt"/>
        <line num="16" count="2" type="stmt"/>
        <line num="17" count="4" type="stmt"/>
        <line num="19" count="2" type="stmt"/>
        <line num="21" count="4" type="stmt"/>
        <line num="22" count="4" type="cond" truecount="2" falsecount="0"/>
        <line num="25" count="2" type="stmt"/>
        <line num="26" count="2" type="stmt"/>
        <line num="28" count="2" type="stmt"/>
      </file>
      <file name="MiniBagTrigger.vue" path="/Users/zeki/Documents/Projects/personal/js_challenge_jagaad_zeki-oztorun/src/components/MiniBagTrigger.vue">
        <metrics statements="6" coveredstatements="6" conditionals="2" coveredconditionals="2" methods="3" coveredmethods="3"/>
        <line num="13" count="24" type="stmt"/>
        <line num="14" count="28" type="stmt"/>
        <line num="15" count="24" type="stmt"/>
        <line num="17" count="28" type="stmt"/>
        <line num="18" count="28" type="cond" truecount="2" falsecount="0"/>
        <line num="22" count="24" type="stmt"/>
      </file>
      <file name="ProductList.vue" path="/Users/zeki/Documents/Projects/personal/js_challenge_jagaad_zeki-oztorun/src/components/ProductList.vue">
        <metrics statements="16" coveredstatements="16" conditionals="2" coveredconditionals="2" methods="10" coveredmethods="10"/>
        <line num="15" count="24" type="stmt"/>
        <line num="16" count="24" type="stmt"/>
        <line num="17" count="24" type="stmt"/>
        <line num="18" count="2" type="stmt"/>
        <line num="21" count="53" type="stmt"/>
        <line num="23" count="24" type="stmt"/>
        <line num="25" count="26" type="stmt"/>
        <line num="27" count="24" type="stmt"/>
        <line num="29" count="26" type="stmt"/>
        <line num="31" count="212" type="stmt"/>
        <line num="32" count="216" type="stmt"/>
        <line num="33" count="24" type="stmt"/>
        <line num="34" count="4" type="cond" truecount="2" falsecount="0"/>
        <line num="35" count="2" type="stmt"/>
        <line num="37" count="2" type="stmt"/>
        <line num="40" count="24" type="stmt"/>
      </file>
      <file name="ThePagination.vue" path="/Users/zeki/Documents/Projects/personal/js_challenge_jagaad_zeki-oztorun/src/components/ThePagination.vue">
        <metrics statements="9" coveredstatements="9" conditionals="0" coveredconditionals="0" methods="3" coveredmethods="3"/>
        <line num="60" count="24" type="stmt"/>
        <line num="61" count="24" type="stmt"/>
        <line num="62" count="24" type="stmt"/>
        <line num="70" count="24" type="stmt"/>
        <line num="72" count="46" type="stmt"/>
        <line num="77" count="24" type="stmt"/>
        <line num="78" count="7" type="stmt"/>
        <line num="79" count="7" type="stmt"/>
        <line num="82" count="24" type="stmt"/>
      </file>
      <file name="WishlistTrigger.vue" path="/Users/zeki/Documents/Projects/personal/js_challenge_jagaad_zeki-oztorun/src/components/WishlistTrigger.vue">
        <metrics statements="3" coveredstatements="3" conditionals="0" coveredconditionals="0" methods="2" coveredmethods="2"/>
        <line num="12" count="24" type="stmt"/>
        <line num="13" count="28" type="stmt"/>
        <line num="15" count="24" type="stmt"/>
      </file>
    </package>
    <package name="src.components.icons">
      <metrics statements="2" coveredstatements="2" conditionals="0" coveredconditionals="0" methods="0" coveredmethods="0"/>
      <file name="IconBag.vue" path="/Users/zeki/Documents/Projects/personal/js_challenge_jagaad_zeki-oztorun/src/components/icons/IconBag.vue">
        <metrics statements="1" coveredstatements="1" conditionals="0" coveredconditionals="0" methods="0" coveredmethods="0"/>
        <line num="3" count="24" type="stmt"/>
      </file>
      <file name="IconWishlist.vue" path="/Users/zeki/Documents/Projects/personal/js_challenge_jagaad_zeki-oztorun/src/components/icons/IconWishlist.vue">
        <metrics statements="1" coveredstatements="1" conditionals="0" coveredconditionals="0" methods="0" coveredmethods="0"/>
        <line num="3" count="24" type="stmt"/>
      </file>
    </package>
    <package name="src.layout">
      <metrics statements="10" coveredstatements="8" conditionals="0" coveredconditionals="0" methods="5" coveredmethods="4"/>
      <file name="DefaultFooter.vue" path="/Users/zeki/Documents/Projects/personal/js_challenge_jagaad_zeki-oztorun/src/layout/DefaultFooter.vue">
        <metrics statements="5" coveredstatements="3" conditionals="0" coveredconditionals="0" methods="2" coveredmethods="1"/>
        <line num="7" count="24" type="stmt"/>
        <line num="9" count="24" type="stmt"/>
        <line num="10" count="0" type="stmt"/>
        <line num="11" count="0" type="stmt"/>
        <line num="14" count="24" type="stmt"/>
      </file>
      <file name="DefaultHeader.vue" path="/Users/zeki/Documents/Projects/personal/js_challenge_jagaad_zeki-oztorun/src/layout/DefaultHeader.vue">
        <metrics statements="4" coveredstatements="4" conditionals="0" coveredconditionals="0" methods="2" coveredmethods="2"/>
        <line num="14" count="24" type="stmt"/>
        <line num="15" count="24" type="stmt"/>
        <line num="16" count="2" type="stmt"/>
        <line num="19" count="24" type="stmt"/>
      </file>
      <file name="DefaultLayout.vue" path="/Users/zeki/Documents/Projects/personal/js_challenge_jagaad_zeki-oztorun/src/layout/DefaultLayout.vue">
        <metrics statements="1" coveredstatements="1" conditionals="0" coveredconditionals="0" methods="1" coveredmethods="1"/>
        <line num="14" count="24" type="stmt"/>
      </file>
    </package>
    <package name="src.router">
      <metrics statements="3" coveredstatements="3" conditionals="0" coveredconditionals="0" methods="1" coveredmethods="1"/>
      <file name="index.ts" path="/Users/zeki/Documents/Projects/personal/js_challenge_jagaad_zeki-oztorun/src/router/index.ts">
        <metrics statements="3" coveredstatements="3" conditionals="0" coveredconditionals="0" methods="1" coveredmethods="1"/>
        <line num="4" count="24" type="stmt"/>
        <line num="12" count="24" type="stmt"/>
        <line num="16" count="31" type="stmt"/>
      </file>
    </package>
    <package name="src.services">
      <metrics statements="6" coveredstatements="5" conditionals="4" coveredconditionals="3" methods="3" coveredmethods="2"/>
      <file name="activities.service.ts" path="/Users/zeki/Documents/Projects/personal/js_challenge_jagaad_zeki-oztorun/src/services/activities.service.ts">
        <metrics statements="5" coveredstatements="4" conditionals="4" coveredconditionals="3" methods="3" coveredmethods="2"/>
        <line num="5" count="24" type="stmt"/>
        <line num="6" count="31" type="cond" truecount="2" falsecount="0"/>
        <line num="7" count="31" type="stmt"/>
        <line num="14" count="0" type="stmt"/>
        <line num="17" count="31" type="stmt"/>
      </file>
      <file name="apiClient.ts" path="/Users/zeki/Documents/Projects/personal/js_challenge_jagaad_zeki-oztorun/src/services/apiClient.ts">
        <metrics statements="1" coveredstatements="1" conditionals="0" coveredconditionals="0" methods="0" coveredmethods="0"/>
        <line num="4" count="24" type="stmt"/>
      </file>
    </package>
    <package name="src.store">
      <metrics statements="35" coveredstatements="35" conditionals="18" coveredconditionals="18" methods="9" coveredmethods="9"/>
      <file name="constants.ts" path="/Users/zeki/Documents/Projects/personal/js_challenge_jagaad_zeki-oztorun/src/store/constants.ts">
        <metrics statements="3" coveredstatements="3" conditionals="0" coveredconditionals="0" methods="0" coveredmethods="0"/>
        <line num="13" count="24" type="stmt"/>
        <line num="19" count="24" type="stmt"/>
        <line num="25" count="24" type="stmt"/>
      </file>
      <file name="enums.ts" path="/Users/zeki/Documents/Projects/personal/js_challenge_jagaad_zeki-oztorun/src/store/enums.ts">
        <metrics statements="32" coveredstatements="32" conditionals="18" coveredconditionals="18" methods="9" coveredmethods="9"/>
        <line num="1" count="24" type="cond" truecount="2" falsecount="0"/>
        <line num="2" count="24" type="stmt"/>
        <line num="3" count="24" type="stmt"/>
        <line num="4" count="24" type="stmt"/>
        <line num="6" count="24" type="cond" truecount="2" falsecount="0"/>
        <line num="7" count="24" type="stmt"/>
        <line num="8" count="24" type="stmt"/>
        <line num="9" count="24" type="stmt"/>
        <line num="10" count="24" type="stmt"/>
        <line num="11" count="24" type="stmt"/>
        <line num="13" count="24" type="cond" truecount="2" falsecount="0"/>
        <line num="14" count="24" type="stmt"/>
        <line num="15" count="24" type="stmt"/>
        <line num="16" count="24" type="stmt"/>
        <line num="17" count="24" type="stmt"/>
        <line num="19" count="24" type="cond" truecount="2" falsecount="0"/>
        <line num="20" count="24" type="stmt"/>
        <line num="21" count="24" type="stmt"/>
        <line num="23" count="24" type="cond" truecount="2" falsecount="0"/>
        <line num="24" count="24" type="stmt"/>
        <line num="25" count="24" type="stmt"/>
        <line num="27" count="24" type="cond" truecount="2" falsecount="0"/>
        <line num="28" count="24" type="stmt"/>
        <line num="29" count="24" type="stmt"/>
        <line num="31" count="24" type="cond" truecount="2" falsecount="0"/>
        <line num="32" count="24" type="stmt"/>
        <line num="33" count="24" type="stmt"/>
        <line num="35" count="24" type="cond" truecount="2" falsecount="0"/>
        <line num="36" count="24" type="stmt"/>
        <line num="37" count="24" type="stmt"/>
        <line num="39" count="24" type="cond" truecount="2" falsecount="0"/>
        <line num="40" count="24" type="stmt"/>
      </file>
    </package>
    <package name="src.store.modules.bag">
      <metrics statements="14" coveredstatements="14" conditionals="6" coveredconditionals="3" methods="7" coveredmethods="6"/>
      <file name="actions.ts" path="/Users/zeki/Documents/Projects/personal/js_challenge_jagaad_zeki-oztorun/src/store/modules/bag/actions.ts">
        <metrics statements="3" coveredstatements="3" conditionals="0" coveredconditionals="0" methods="2" coveredmethods="2"/>
        <line num="11" count="24" type="stmt"/>
        <line num="13" count="2" type="stmt"/>
        <line num="16" count="2" type="stmt"/>
      </file>
      <file name="getters.ts" path="/Users/zeki/Documents/Projects/personal/js_challenge_jagaad_zeki-oztorun/src/store/modules/bag/getters.ts">
        <metrics statements="2" coveredstatements="2" conditionals="0" coveredconditionals="0" methods="1" coveredmethods="1"/>
        <line num="10" count="24" type="stmt"/>
        <line num="12" count="28" type="stmt"/>
      </file>
      <file name="index.ts" path="/Users/zeki/Documents/Projects/personal/js_challenge_jagaad_zeki-oztorun/src/store/modules/bag/index.ts">
        <metrics statements="1" coveredstatements="1" conditionals="0" coveredconditionals="0" methods="0" coveredmethods="0"/>
        <line num="9" count="24" type="stmt"/>
      </file>
      <file name="mutations.ts" path="/Users/zeki/Documents/Projects/personal/js_challenge_jagaad_zeki-oztorun/src/store/modules/bag/mutations.ts">
        <metrics statements="7" coveredstatements="7" conditionals="6" coveredconditionals="3" methods="4" coveredmethods="3"/>
        <line num="6" count="24" type="stmt"/>
        <line num="8" count="2" type="stmt"/>
        <line num="9" count="2" type="cond" truecount="1" falsecount="1"/>
        <line num="10" count="2" type="stmt"/>
        <line num="14" count="2" type="cond" truecount="1" falsecount="1"/>
        <line num="18" count="2" type="stmt"/>
        <line num="19" count="2" type="cond" truecount="1" falsecount="1"/>
      </file>
      <file name="state.ts" path="/Users/zeki/Documents/Projects/personal/js_challenge_jagaad_zeki-oztorun/src/store/modules/bag/state.ts">
        <metrics statements="1" coveredstatements="1" conditionals="0" coveredconditionals="0" methods="0" coveredmethods="0"/>
        <line num="3" count="24" type="stmt"/>
      </file>
    </package>
    <package name="src.store.modules.root">
      <metrics statements="13" coveredstatements="10" conditionals="0" coveredconditionals="0" methods="7" coveredmethods="4"/>
      <file name="actions.ts" path="/Users/zeki/Documents/Projects/personal/js_challenge_jagaad_zeki-oztorun/src/store/modules/root/actions.ts">
        <metrics statements="4" coveredstatements="3" conditionals="0" coveredconditionals="0" methods="3" coveredmethods="2"/>
        <line num="6" count="24" type="stmt"/>
        <line num="8" count="0" type="stmt"/>
        <line num="11" count="29" type="stmt"/>
        <line num="14" count="29" type="stmt"/>
      </file>
      <file name="getters.ts" path="/Users/zeki/Documents/Projects/personal/js_challenge_jagaad_zeki-oztorun/src/store/modules/root/getters.ts">
        <metrics statements="2" coveredstatements="1" conditionals="0" coveredconditionals="0" methods="1" coveredmethods="0"/>
        <line num="5" count="24" type="stmt"/>
        <line num="7" count="0" type="stmt"/>
      </file>
      <file name="index.ts" path="/Users/zeki/Documents/Projects/personal/js_challenge_jagaad_zeki-oztorun/src/store/modules/root/index.ts">
        <metrics statements="2" coveredstatements="2" conditionals="0" coveredconditionals="0" methods="0" coveredmethods="0"/>
        <line num="11" count="24" type="stmt"/>
        <line num="16" count="24" type="stmt"/>
      </file>
      <file name="mutations.ts" path="/Users/zeki/Documents/Projects/personal/js_challenge_jagaad_zeki-oztorun/src/store/modules/root/mutations.ts">
        <metrics statements="4" coveredstatements="3" conditionals="0" coveredconditionals="0" methods="3" coveredmethods="2"/>
        <line num="5" count="24" type="stmt"/>
        <line num="7" count="0" type="stmt"/>
        <line num="10" count="29" type="stmt"/>
        <line num="13" count="29" type="stmt"/>
      </file>
      <file name="state.ts" path="/Users/zeki/Documents/Projects/personal/js_challenge_jagaad_zeki-oztorun/src/store/modules/root/state.ts">
        <metrics statements="1" coveredstatements="1" conditionals="0" coveredconditionals="0" methods="0" coveredmethods="0"/>
        <line num="3" count="24" type="stmt"/>
      </file>
    </package>
    <package name="src.store.modules.wishlist">
      <metrics statements="12" coveredstatements="12" conditionals="2" coveredconditionals="1" methods="7" coveredmethods="6"/>
      <file name="actions.ts" path="/Users/zeki/Documents/Projects/personal/js_challenge_jagaad_zeki-oztorun/src/store/modules/wishlist/actions.ts">
        <metrics statements="3" coveredstatements="3" conditionals="0" coveredconditionals="0" methods="2" coveredmethods="2"/>
        <line num="11" count="24" type="stmt"/>
        <line num="13" count="2" type="stmt"/>
        <line num="16" count="2" type="stmt"/>
      </file>
      <file name="getters.ts" path="/Users/zeki/Documents/Projects/personal/js_challenge_jagaad_zeki-oztorun/src/store/modules/wishlist/getters.ts">
        <metrics statements="2" coveredstatements="2" conditionals="0" coveredconditionals="0" methods="1" coveredmethods="1"/>
        <line num="10" count="24" type="stmt"/>
        <line num="12" count="28" type="stmt"/>
      </file>
      <file name="index.ts" path="/Users/zeki/Documents/Projects/personal/js_challenge_jagaad_zeki-oztorun/src/store/modules/wishlist/index.ts">
        <metrics statements="1" coveredstatements="1" conditionals="0" coveredconditionals="0" methods="0" coveredmethods="0"/>
        <line num="9" count="24" type="stmt"/>
      </file>
      <file name="mutations.ts" path="/Users/zeki/Documents/Projects/personal/js_challenge_jagaad_zeki-oztorun/src/store/modules/wishlist/mutations.ts">
        <metrics statements="5" coveredstatements="5" conditionals="2" coveredconditionals="1" methods="4" coveredmethods="3"/>
        <line num="6" count="24" type="stmt"/>
        <line num="8" count="2" type="stmt"/>
        <line num="9" count="2" type="cond" truecount="1" falsecount="1"/>
        <line num="10" count="2" type="stmt"/>
        <line num="17" count="2" type="stmt"/>
      </file>
      <file name="state.ts" path="/Users/zeki/Documents/Projects/personal/js_challenge_jagaad_zeki-oztorun/src/store/modules/wishlist/state.ts">
        <metrics statements="1" coveredstatements="1" conditionals="0" coveredconditionals="0" methods="0" coveredmethods="0"/>
        <line num="3" count="24" type="stmt"/>
      </file>
    </package>
    <package name="src.use">
      <metrics statements="38" coveredstatements="35" conditionals="18" coveredconditionals="16" methods="17" coveredmethods="13"/>
      <file name="useAxios.ts" path="/Users/zeki/Documents/Projects/personal/js_challenge_jagaad_zeki-oztorun/src/use/useAxios.ts">
        <metrics statements="11" coveredstatements="10" conditionals="0" coveredconditionals="0" methods="2" coveredmethods="2"/>
        <line num="8" count="31" type="stmt"/>
        <line num="14" count="31" type="stmt"/>
        <line num="15" count="31" type="stmt"/>
        <line num="16" count="31" type="stmt"/>
        <line num="17" count="31" type="stmt"/>
        <line num="18" count="31" type="stmt"/>
        <line num="19" count="31" type="stmt"/>
        <line num="20" count="29" type="stmt"/>
        <line num="23" count="0" type="stmt"/>
        <line num="25" count="29" type="stmt"/>
        <line num="28" count="31" type="stmt"/>
      </file>
      <file name="usePagination.ts" path="/Users/zeki/Documents/Projects/personal/js_challenge_jagaad_zeki-oztorun/src/use/usePagination.ts">
        <metrics statements="26" coveredstatements="24" conditionals="18" coveredconditionals="16" methods="14" coveredmethods="10"/>
        <line num="29" count="24" type="stmt"/>
        <line num="36" count="24" type="stmt"/>
        <line num="37" count="31" type="stmt"/>
        <line num="39" count="31" type="cond" truecount="1" falsecount="1"/>
        <line num="40" count="0" type="stmt"/>
        <line num="48" count="46" type="stmt"/>
        <line num="50" count="24" type="stmt"/>
        <line num="51" count="7" type="stmt"/>
        <line num="53" count="24" type="stmt"/>
        <line num="54" count="24" type="stmt"/>
        <line num="55" count="24" type="stmt"/>
        <line num="56" count="24" type="stmt"/>
        <line num="58" count="24" type="stmt"/>
        <line num="59" count="53" type="cond" truecount="2" falsecount="0"/>
        <line num="60" count="53" type="cond" truecount="2" falsecount="0"/>
        <line num="61" count="53" type="cond" truecount="2" falsecount="0"/>
        <line num="62" count="53" type="cond" truecount="4" falsecount="0"/>
        <line num="64" count="53" type="stmt"/>
        <line num="75" count="24" type="stmt"/>
        <line num="76" count="53" type="stmt"/>
        <line num="78" count="29" type="cond" truecount="1" falsecount="1"/>
        <line num="79" count="0" type="stmt"/>
        <line num="86" count="24" type="stmt"/>
        <line num="87" count="31" type="stmt"/>
        <line num="89" count="31" type="stmt"/>
        <line num="97" count="24" type="stmt"/>
      </file>
      <file name="useStore.ts" path="/Users/zeki/Documents/Projects/personal/js_challenge_jagaad_zeki-oztorun/src/use/useStore.ts">
        <metrics statements="1" coveredstatements="1" conditionals="0" coveredconditionals="0" methods="1" coveredmethods="1"/>
        <line num="8" count="48" type="stmt"/>
      </file>
    </package>
    <package name="src.views">
      <metrics statements="15" coveredstatements="15" conditionals="4" coveredconditionals="2" methods="6" coveredmethods="6"/>
      <file name="Home.vue" path="/Users/zeki/Documents/Projects/personal/js_challenge_jagaad_zeki-oztorun/src/views/Home.vue">
        <metrics statements="15" coveredstatements="15" conditionals="4" coveredconditionals="2" methods="6" coveredmethods="6"/>
        <line num="21" count="24" type="stmt"/>
        <line num="22" count="24" type="stmt"/>
        <line num="23" count="31" type="cond" truecount="1" falsecount="1"/>
        <line num="24" count="31" type="stmt"/>
        <line num="25" count="24" type="stmt"/>
        <line num="28" count="24" type="stmt"/>
        <line num="29" count="31" type="stmt"/>
        <line num="34" count="31" type="stmt"/>
        <line num="42" count="31" type="stmt"/>
        <line num="43" count="31" type="stmt"/>
        <line num="45" count="29" type="stmt"/>
        <line num="56" count="164" type="stmt"/>
        <line num="58" count="164" type="stmt"/>
        <line num="69" count="29" type="cond" truecount="1" falsecount="1"/>
        <line num="77" count="24" type="stmt"/>
      </file>
    </package>
  </project>
</coverage>
