{"/Users/zeki/Documents/Projects/personal/vue3-ts-shopping-card/src/App.vue": {"path":"/Users/zeki/Documents/Projects/personal/vue3-ts-shopping-card/src/App.vue","statementMap":{"0":{"start":{"line":14,"column":18},"end":{"line":14,"column":28}},"1":{"start":{"line":15,"column":18},"end":{"line":15,"column":69}},"2":{"start":{"line":15,"column":33},"end":{"line":15,"column":68}},"3":{"start":{"line":16,"column":18},"end":{"line":16,"column":55}},"4":{"start":{"line":16,"column":33},"end":{"line":16,"column":54}},"5":{"start":{"line":17,"column":4},"end":{"line":43,"column":null}},"6":{"start":{"line":30,"column":12},"end":{"line":39,"column":null}},"7":{"start":{"line":45,"column":19},"end":{"line":45,"column":73}},"8":{"start":{"line":45,"column":34},"end":{"line":45,"column":72}},"9":{"start":{"line":46,"column":38},"end":{"line":46,"column":47}},"10":{"start":{"line":47,"column":4},"end":{"line":47,"column":null}},"11":{"start":{"line":49,"column":4},"end":{"line":49,"column":null}}},"fnMap":{"0":{"name":"(anonymous_0)","decl":{"start":{"line":13,"column":2},"end":{"line":13,"column":7}},"loc":{"start":{"line":13,"column":7},"end":{"line":50,"column":3}}},"1":{"name":"(anonymous_1)","decl":{"start":{"line":15,"column":27},"end":{"line":15,"column":30}},"loc":{"start":{"line":15,"column":33},"end":{"line":15,"column":68}}},"2":{"name":"(anonymous_2)","decl":{"start":{"line":16,"column":27},"end":{"line":16,"column":30}},"loc":{"start":{"line":16,"column":33},"end":{"line":16,"column":54}}},"3":{"name":"(anonymous_3)","decl":{"start":{"line":29,"column":43},"end":{"line":29,"column":47}},"loc":{"start":{"line":29,"column":50},"end":{"line":40,"column":11}}},"4":{"name":"(anonymous_4)","decl":{"start":{"line":45,"column":28},"end":{"line":45,"column":31}},"loc":{"start":{"line":45,"column":34},"end":{"line":45,"column":72}}}},"branchMap":{"0":{"loc":{"start":{"line":45,"column":34},"end":{"line":45,"column":64}},"type":"binary-expr","locations":[{"start":{"line":45,"column":34},"end":{"line":45,"column":64}},{"start":{"line":45,"column":68},"end":{"line":45,"column":72}}]}},"s":{"0":24,"1":24,"2":24,"3":24,"4":24,"5":24,"6":0,"7":24,"8":24,"9":24,"10":24,"11":24},"f":{"0":24,"1":24,"2":24,"3":0,"4":24},"b":{"0":[24,24]}}
,"/Users/zeki/Documents/Projects/personal/vue3-ts-shopping-card/src/main.ts": {"path":"/Users/zeki/Documents/Projects/personal/vue3-ts-shopping-card/src/main.ts","statementMap":{"0":{"start":{"line":9,"column":12},"end":{"line":9,"column":26}},"1":{"start":{"line":10,"column":0},"end":{"line":10,"column":null}},"2":{"start":{"line":11,"column":0},"end":{"line":11,"column":null}},"3":{"start":{"line":12,"column":0},"end":{"line":12,"column":null}},"4":{"start":{"line":13,"column":0},"end":{"line":13,"column":null}},"5":{"start":{"line":14,"column":0},"end":{"line":14,"column":null}}},"fnMap":{},"branchMap":{},"s":{"0":24,"1":24,"2":24,"3":24,"4":24,"5":24},"f":{},"b":{}}
,"/Users/zeki/Documents/Projects/personal/vue3-ts-shopping-card/src/components/MiniBag.vue": {"path":"/Users/zeki/Documents/Projects/personal/vue3-ts-shopping-card/src/components/MiniBag.vue","statementMap":{"0":{"start":{"line":14,"column":18},"end":{"line":14,"column":28}},"1":{"start":{"line":15,"column":18},"end":{"line":15,"column":27}},"2":{"start":{"line":16,"column":21},"end":{"line":17,"column":null}},"3":{"start":{"line":17,"column":14},"end":{"line":17,"column":74}},"4":{"start":{"line":19,"column":23},"end":{"line":23,"column":null}},"5":{"start":{"line":21,"column":24},"end":{"line":21,"column":86}},"6":{"start":{"line":22,"column":8},"end":{"line":22,"column":null}},"7":{"start":{"line":25,"column":29},"end":{"line":27,"column":5}},"8":{"start":{"line":26,"column":6},"end":{"line":26,"column":null}},"9":{"start":{"line":28,"column":4},"end":{"line":33,"column":6}}},"fnMap":{"0":{"name":"(anonymous_0)","decl":{"start":{"line":13,"column":2},"end":{"line":13,"column":7}},"loc":{"start":{"line":13,"column":7},"end":{"line":34,"column":3}}},"1":{"name":"(anonymous_1)","decl":{"start":{"line":17,"column":6},"end":{"line":17,"column":9}},"loc":{"start":{"line":17,"column":14},"end":{"line":17,"column":74}}},"2":{"name":"(anonymous_2)","decl":{"start":{"line":20,"column":6},"end":{"line":20,"column":9}},"loc":{"start":{"line":20,"column":11},"end":{"line":23,"column":7}}},"3":{"name":"(anonymous_3)","decl":{"start":{"line":25,"column":29},"end":{"line":25,"column":30}},"loc":{"start":{"line":25,"column":48},"end":{"line":27,"column":5}}}},"branchMap":{"0":{"loc":{"start":{"line":22,"column":23},"end":{"line":22,"column":35}},"type":"cond-expr","locations":[{"start":{"line":22,"column":23},"end":{"line":22,"column":35}},{"start":{"line":22,"column":38},"end":{"line":22,"column":40}}]}},"s":{"0":2,"1":2,"2":2,"3":4,"4":2,"5":4,"6":4,"7":2,"8":2,"9":2},"f":{"0":2,"1":4,"2":4,"3":2},"b":{"0":[2,2]}}
,"/Users/zeki/Documents/Projects/personal/vue3-ts-shopping-card/src/components/MiniBagTrigger.vue": {"path":"/Users/zeki/Documents/Projects/personal/vue3-ts-shopping-card/src/components/MiniBagTrigger.vue","statementMap":{"0":{"start":{"line":13,"column":18},"end":{"line":13,"column":28}},"1":{"start":{"line":14,"column":22},"end":{"line":14,"column":85}},"2":{"start":{"line":14,"column":37},"end":{"line":14,"column":84}},"3":{"start":{"line":15,"column":23},"end":{"line":19,"column":null}},"4":{"start":{"line":17,"column":24},"end":{"line":17,"column":86}},"5":{"start":{"line":18,"column":8},"end":{"line":18,"column":null}},"6":{"start":{"line":22,"column":4},"end":{"line":25,"column":null}}},"fnMap":{"0":{"name":"(anonymous_0)","decl":{"start":{"line":12,"column":2},"end":{"line":12,"column":7}},"loc":{"start":{"line":12,"column":7},"end":{"line":26,"column":3}}},"1":{"name":"(anonymous_1)","decl":{"start":{"line":14,"column":31},"end":{"line":14,"column":34}},"loc":{"start":{"line":14,"column":37},"end":{"line":14,"column":84}}},"2":{"name":"(anonymous_2)","decl":{"start":{"line":16,"column":6},"end":{"line":16,"column":9}},"loc":{"start":{"line":16,"column":11},"end":{"line":19,"column":7}}}},"branchMap":{"0":{"loc":{"start":{"line":18,"column":23},"end":{"line":18,"column":35}},"type":"cond-expr","locations":[{"start":{"line":18,"column":23},"end":{"line":18,"column":35}},{"start":{"line":18,"column":38},"end":{"line":18,"column":40}}]}},"s":{"0":24,"1":24,"2":28,"3":24,"4":28,"5":28,"6":24},"f":{"0":24,"1":28,"2":28},"b":{"0":[2,26]}}
,"/Users/zeki/Documents/Projects/personal/vue3-ts-shopping-card/src/components/ProductList.vue": {"path":"/Users/zeki/Documents/Projects/personal/vue3-ts-shopping-card/src/components/ProductList.vue","statementMap":{"0":{"start":{"line":15,"column":18},"end":{"line":15,"column":28}},"1":{"start":{"line":16,"column":18},"end":{"line":16,"column":27}},"2":{"start":{"line":17,"column":30},"end":{"line":19,"column":5}},"3":{"start":{"line":18,"column":6},"end":{"line":18,"column":null}},"4":{"start":{"line":21,"column":18},"end":{"line":21,"column":69}},"5":{"start":{"line":21,"column":33},"end":{"line":21,"column":68}},"6":{"start":{"line":23,"column":21},"end":{"line":25,"column":null}},"7":{"start":{"line":25,"column":10},"end":{"line":25,"column":70}},"8":{"start":{"line":27,"column":26},"end":{"line":29,"column":null}},"9":{"start":{"line":29,"column":10},"end":{"line":29,"column":85}},"10":{"start":{"line":31,"column":20},"end":{"line":31,"column":85}},"11":{"start":{"line":31,"column":38},"end":{"line":31,"column":85}},"12":{"start":{"line":31,"column":66},"end":{"line":31,"column":84}},"13":{"start":{"line":32,"column":25},"end":{"line":32,"column":95}},"14":{"start":{"line":32,"column":43},"end":{"line":32,"column":95}},"15":{"start":{"line":32,"column":76},"end":{"line":32,"column":94}},"16":{"start":{"line":33,"column":28},"end":{"line":39,"column":5}},"17":{"start":{"line":34,"column":6},"end":{"line":38,"column":null}},"18":{"start":{"line":35,"column":8},"end":{"line":35,"column":null}},"19":{"start":{"line":37,"column":8},"end":{"line":37,"column":null}},"20":{"start":{"line":40,"column":4},"end":{"line":47,"column":null}}},"fnMap":{"0":{"name":"(anonymous_0)","decl":{"start":{"line":14,"column":2},"end":{"line":14,"column":7}},"loc":{"start":{"line":14,"column":7},"end":{"line":48,"column":3}}},"1":{"name":"(anonymous_1)","decl":{"start":{"line":17,"column":30},"end":{"line":17,"column":31}},"loc":{"start":{"line":17,"column":49},"end":{"line":19,"column":5}}},"2":{"name":"(anonymous_2)","decl":{"start":{"line":21,"column":27},"end":{"line":21,"column":30}},"loc":{"start":{"line":21,"column":33},"end":{"line":21,"column":68}}},"3":{"name":"(anonymous_3)","decl":{"start":{"line":24,"column":6},"end":{"line":24,"column":9}},"loc":{"start":{"line":25,"column":10},"end":{"line":25,"column":70}}},"4":{"name":"(anonymous_4)","decl":{"start":{"line":28,"column":6},"end":{"line":28,"column":9}},"loc":{"start":{"line":29,"column":10},"end":{"line":29,"column":85}}},"5":{"name":"(anonymous_5)","decl":{"start":{"line":31,"column":20},"end":{"line":31,"column":21}},"loc":{"start":{"line":31,"column":38},"end":{"line":31,"column":85}}},"6":{"name":"(anonymous_6)","decl":{"start":{"line":31,"column":58},"end":{"line":31,"column":62}},"loc":{"start":{"line":31,"column":66},"end":{"line":31,"column":84}}},"7":{"name":"(anonymous_7)","decl":{"start":{"line":32,"column":25},"end":{"line":32,"column":26}},"loc":{"start":{"line":32,"column":43},"end":{"line":32,"column":95}}},"8":{"name":"(anonymous_8)","decl":{"start":{"line":32,"column":68},"end":{"line":32,"column":72}},"loc":{"start":{"line":32,"column":76},"end":{"line":32,"column":94}}},"9":{"name":"(anonymous_9)","decl":{"start":{"line":33,"column":28},"end":{"line":33,"column":29}},"loc":{"start":{"line":33,"column":47},"end":{"line":39,"column":5}}}},"branchMap":{"0":{"loc":{"start":{"line":34,"column":6},"end":{"line":38,"column":null}},"type":"if","locations":[{"start":{"line":34,"column":6},"end":{"line":38,"column":null}},{"start":{"line":34,"column":6},"end":{"line":38,"column":null}}]}},"s":{"0":24,"1":24,"2":24,"3":2,"4":24,"5":53,"6":24,"7":26,"8":24,"9":26,"10":24,"11":212,"12":12,"13":24,"14":216,"15":14,"16":24,"17":4,"18":2,"19":2,"20":24},"f":{"0":24,"1":2,"2":53,"3":26,"4":26,"5":212,"6":12,"7":216,"8":14,"9":4},"b":{"0":[2,2]}}
,"/Users/zeki/Documents/Projects/personal/vue3-ts-shopping-card/src/components/ThePagination.vue": {"path":"/Users/zeki/Documents/Projects/personal/vue3-ts-shopping-card/src/components/ThePagination.vue","statementMap":{"0":{"start":{"line":60,"column":18},"end":{"line":60,"column":28}},"1":{"start":{"line":61,"column":19},"end":{"line":61,"column":30}},"2":{"start":{"line":62,"column":18},"end":{"line":62,"column":28}},"3":{"start":{"line":70,"column":8},"end":{"line":75,"column":null}},"4":{"start":{"line":72,"column":28},"end":{"line":72,"column":49}},"5":{"start":{"line":77,"column":29},"end":{"line":80,"column":null}},"6":{"start":{"line":78,"column":6},"end":{"line":78,"column":null}},"7":{"start":{"line":79,"column":6},"end":{"line":79,"column":null}},"8":{"start":{"line":82,"column":4},"end":{"line":88,"column":null}}},"fnMap":{"0":{"name":"(anonymous_0)","decl":{"start":{"line":59,"column":2},"end":{"line":59,"column":3}},"loc":{"start":{"line":59,"column":16},"end":{"line":89,"column":null}}},"1":{"name":"(anonymous_1)","decl":{"start":{"line":72,"column":22},"end":{"line":72,"column":23}},"loc":{"start":{"line":72,"column":28},"end":{"line":72,"column":49}}},"2":{"name":"(anonymous_2)","decl":{"start":{"line":77,"column":29},"end":{"line":77,"column":30}},"loc":{"start":{"line":77,"column":39},"end":{"line":80,"column":null}}}},"branchMap":{},"s":{"0":24,"1":24,"2":24,"3":24,"4":46,"5":24,"6":7,"7":7,"8":24},"f":{"0":24,"1":46,"2":7},"b":{}}
,"/Users/zeki/Documents/Projects/personal/vue3-ts-shopping-card/src/components/WishlistTrigger.vue": {"path":"/Users/zeki/Documents/Projects/personal/vue3-ts-shopping-card/src/components/WishlistTrigger.vue","statementMap":{"0":{"start":{"line":12,"column":18},"end":{"line":12,"column":28}},"1":{"start":{"line":13,"column":22},"end":{"line":13,"column":95}},"2":{"start":{"line":13,"column":37},"end":{"line":13,"column":94}},"3":{"start":{"line":15,"column":4},"end":{"line":17,"column":null}}},"fnMap":{"0":{"name":"(anonymous_0)","decl":{"start":{"line":11,"column":2},"end":{"line":11,"column":7}},"loc":{"start":{"line":11,"column":7},"end":{"line":18,"column":3}}},"1":{"name":"(anonymous_1)","decl":{"start":{"line":13,"column":31},"end":{"line":13,"column":34}},"loc":{"start":{"line":13,"column":37},"end":{"line":13,"column":94}}}},"branchMap":{},"s":{"0":24,"1":24,"2":28,"3":24},"f":{"0":24,"1":28},"b":{}}
,"/Users/zeki/Documents/Projects/personal/vue3-ts-shopping-card/src/components/icons/IconBag.vue": {"path":"/Users/zeki/Documents/Projects/personal/vue3-ts-shopping-card/src/components/icons/IconBag.vue","statementMap":{"0":{"start":{"line":3,"column":6},"end":{"line":3,"column":29}}},"fnMap":{},"branchMap":{},"s":{"0":24},"f":{},"b":{}}
,"/Users/zeki/Documents/Projects/personal/vue3-ts-shopping-card/src/components/icons/IconWishlist.vue": {"path":"/Users/zeki/Documents/Projects/personal/vue3-ts-shopping-card/src/components/icons/IconWishlist.vue","statementMap":{"0":{"start":{"line":3,"column":6},"end":{"line":3,"column":34}}},"fnMap":{},"branchMap":{},"s":{"0":24},"f":{},"b":{}}
,"/Users/zeki/Documents/Projects/personal/vue3-ts-shopping-card/src/layout/DefaultFooter.vue": {"path":"/Users/zeki/Documents/Projects/personal/vue3-ts-shopping-card/src/layout/DefaultFooter.vue","statementMap":{"0":{"start":{"line":7,"column":54},"end":{"line":7,"column":85}},"1":{"start":{"line":9,"column":29},"end":{"line":12,"column":3}},"2":{"start":{"line":10,"column":4},"end":{"line":10,"column":33}},"3":{"start":{"line":11,"column":4},"end":{"line":11,"column":43}},"4":{"start":{"line":14,"column":2},"end":{"line":18,"column":null}}},"fnMap":{"0":{"name":"(anonymous_0)","decl":{"start":{"line":6,"column":0},"end":{"line":6,"column":5}},"loc":{"start":{"line":6,"column":5},"end":{"line":19,"column":1}}},"1":{"name":"(anonymous_1)","decl":{"start":{"line":9,"column":29},"end":{"line":9,"column":30}},"loc":{"start":{"line":9,"column":48},"end":{"line":12,"column":3}}}},"branchMap":{},"s":{"0":24,"1":24,"2":0,"3":0,"4":24},"f":{"0":24,"1":0},"b":{}}
,"/Users/zeki/Documents/Projects/personal/vue3-ts-shopping-card/src/layout/DefaultHeader.vue": {"path":"/Users/zeki/Documents/Projects/personal/vue3-ts-shopping-card/src/layout/DefaultHeader.vue","statementMap":{"0":{"start":{"line":14,"column":42},"end":{"line":14,"column":52}},"1":{"start":{"line":15,"column":26},"end":{"line":17,"column":5}},"2":{"start":{"line":16,"column":6},"end":{"line":16,"column":null}},"3":{"start":{"line":19,"column":4},"end":{"line":22,"column":null}}},"fnMap":{"0":{"name":"(anonymous_0)","decl":{"start":{"line":13,"column":2},"end":{"line":13,"column":7}},"loc":{"start":{"line":13,"column":7},"end":{"line":23,"column":3}}},"1":{"name":"(anonymous_1)","decl":{"start":{"line":15,"column":26},"end":{"line":15,"column":29}},"loc":{"start":{"line":15,"column":31},"end":{"line":17,"column":5}}}},"branchMap":{},"s":{"0":24,"1":24,"2":2,"3":24},"f":{"0":24,"1":2},"b":{}}
,"/Users/zeki/Documents/Projects/personal/vue3-ts-shopping-card/src/layout/DefaultLayout.vue": {"path":"/Users/zeki/Documents/Projects/personal/vue3-ts-shopping-card/src/layout/DefaultLayout.vue","statementMap":{"0":{"start":{"line":14,"column":4},"end":{"line":14,"column":null}}},"fnMap":{"0":{"name":"(anonymous_0)","decl":{"start":{"line":11,"column":2},"end":{"line":11,"column":7}},"loc":{"start":{"line":11,"column":7},"end":{"line":15,"column":3}}}},"branchMap":{},"s":{"0":24},"f":{"0":24},"b":{}}
,"/Users/zeki/Documents/Projects/personal/vue3-ts-shopping-card/src/router/index.ts": {"path":"/Users/zeki/Documents/Projects/personal/vue3-ts-shopping-card/src/router/index.ts","statementMap":{"0":{"start":{"line":4,"column":38},"end":{"line":10,"column":null}},"1":{"start":{"line":12,"column":15},"end":{"line":18,"column":2}},"2":{"start":{"line":16,"column":4},"end":{"line":16,"column":null}}},"fnMap":{"0":{"name":"(anonymous_0)","decl":{"start":{"line":15,"column":2},"end":{"line":15,"column":16}},"loc":{"start":{"line":15,"column":16},"end":{"line":17,"column":3}}}},"branchMap":{},"s":{"0":24,"1":24,"2":31},"f":{"0":31},"b":{}}
,"/Users/zeki/Documents/Projects/personal/vue3-ts-shopping-card/src/services/activities.service.ts": {"path":"/Users/zeki/Documents/Projects/personal/vue3-ts-shopping-card/src/services/activities.service.ts","statementMap":{"0":{"start":{"line":5,"column":16},"end":{"line":10,"column":1}},"1":{"start":{"line":6,"column":25},"end":{"line":6,"column":63}},"2":{"start":{"line":7,"column":2},"end":{"line":9,"column":null}},"3":{"start":{"line":14,"column":4},"end":{"line":14,"column":104}},"4":{"start":{"line":17,"column":4},"end":{"line":17,"column":71}}},"fnMap":{"0":{"name":"(anonymous_0)","decl":{"start":{"line":5,"column":16},"end":{"line":5,"column":19}},"loc":{"start":{"line":5,"column":21},"end":{"line":10,"column":1}}},"1":{"name":"(anonymous_1)","decl":{"start":{"line":13,"column":22},"end":{"line":13,"column":23}},"loc":{"start":{"line":13,"column":72},"end":{"line":15,"column":3}}},"2":{"name":"(anonymous_2)","decl":{"start":{"line":16,"column":17},"end":{"line":16,"column":18}},"loc":{"start":{"line":16,"column":71},"end":{"line":18,"column":3}}}},"branchMap":{"0":{"loc":{"start":{"line":6,"column":25},"end":{"line":6,"column":55}},"type":"binary-expr","locations":[{"start":{"line":6,"column":25},"end":{"line":6,"column":55}},{"start":{"line":6,"column":59},"end":{"line":6,"column":63}}]},"1":{"loc":{"start":{"line":8,"column":39},"end":{"line":8,"column":46}},"type":"cond-expr","locations":[{"start":{"line":8,"column":39},"end":{"line":8,"column":46}},{"start":{"line":8,"column":49},"end":{"line":8,"column":56}}]}},"s":{"0":24,"1":31,"2":31,"3":0,"4":31},"f":{"0":31,"1":0,"2":31},"b":{"0":[31,31],"1":[31,0]}}
,"/Users/zeki/Documents/Projects/personal/vue3-ts-shopping-card/src/services/apiClient.ts": {"path":"/Users/zeki/Documents/Projects/personal/vue3-ts-shopping-card/src/services/apiClient.ts","statementMap":{"0":{"start":{"line":4,"column":33},"end":{"line":11,"column":2}}},"fnMap":{},"branchMap":{},"s":{"0":24},"f":{},"b":{}}
,"/Users/zeki/Documents/Projects/personal/vue3-ts-shopping-card/src/store/constants.ts": {"path":"/Users/zeki/Documents/Projects/personal/vue3-ts-shopping-card/src/store/constants.ts","statementMap":{"0":{"start":{"line":13,"column":26},"end":{"line":17,"column":2}},"1":{"start":{"line":19,"column":25},"end":{"line":23,"column":2}},"2":{"start":{"line":25,"column":30},"end":{"line":29,"column":2}}},"fnMap":{},"branchMap":{},"s":{"0":24,"1":24,"2":24},"f":{},"b":{}}
,"/Users/zeki/Documents/Projects/personal/vue3-ts-shopping-card/src/store/enums.ts": {"path":"/Users/zeki/Documents/Projects/personal/vue3-ts-shopping-card/src/store/enums.ts","statementMap":{"0":{"start":{"line":1,"column":0},"end":{"line":1,"column":null}},"1":{"start":{"line":2,"column":2},"end":{"line":2,"column":null}},"2":{"start":{"line":3,"column":2},"end":{"line":3,"column":null}},"3":{"start":{"line":4,"column":2},"end":{"line":4,"column":null}},"4":{"start":{"line":6,"column":0},"end":{"line":6,"column":null}},"5":{"start":{"line":7,"column":2},"end":{"line":7,"column":null}},"6":{"start":{"line":8,"column":2},"end":{"line":8,"column":null}},"7":{"start":{"line":9,"column":2},"end":{"line":9,"column":null}},"8":{"start":{"line":10,"column":2},"end":{"line":10,"column":null}},"9":{"start":{"line":11,"column":2},"end":{"line":11,"column":null}},"10":{"start":{"line":13,"column":0},"end":{"line":13,"column":null}},"11":{"start":{"line":14,"column":2},"end":{"line":14,"column":null}},"12":{"start":{"line":15,"column":2},"end":{"line":15,"column":null}},"13":{"start":{"line":16,"column":2},"end":{"line":16,"column":null}},"14":{"start":{"line":17,"column":2},"end":{"line":17,"column":null}},"15":{"start":{"line":19,"column":0},"end":{"line":19,"column":null}},"16":{"start":{"line":20,"column":2},"end":{"line":20,"column":null}},"17":{"start":{"line":21,"column":2},"end":{"line":21,"column":null}},"18":{"start":{"line":23,"column":0},"end":{"line":23,"column":null}},"19":{"start":{"line":24,"column":2},"end":{"line":24,"column":null}},"20":{"start":{"line":25,"column":2},"end":{"line":25,"column":null}},"21":{"start":{"line":27,"column":0},"end":{"line":27,"column":null}},"22":{"start":{"line":28,"column":2},"end":{"line":28,"column":null}},"23":{"start":{"line":29,"column":2},"end":{"line":29,"column":null}},"24":{"start":{"line":31,"column":0},"end":{"line":31,"column":null}},"25":{"start":{"line":32,"column":2},"end":{"line":32,"column":null}},"26":{"start":{"line":33,"column":2},"end":{"line":33,"column":null}},"27":{"start":{"line":35,"column":0},"end":{"line":35,"column":null}},"28":{"start":{"line":36,"column":2},"end":{"line":36,"column":null}},"29":{"start":{"line":37,"column":2},"end":{"line":37,"column":null}},"30":{"start":{"line":39,"column":0},"end":{"line":39,"column":null}},"31":{"start":{"line":40,"column":2},"end":{"line":40,"column":null}}},"fnMap":{"0":{"name":"(anonymous_0)","decl":{"start":{"line":1,"column":0},"end":{"line":1,"column":6}},"loc":{"start":{"line":1,"column":23},"end":{"line":5,"column":1}}},"1":{"name":"(anonymous_1)","decl":{"start":{"line":6,"column":0},"end":{"line":6,"column":6}},"loc":{"start":{"line":6,"column":25},"end":{"line":12,"column":1}}},"2":{"name":"(anonymous_2)","decl":{"start":{"line":13,"column":0},"end":{"line":13,"column":6}},"loc":{"start":{"line":13,"column":23},"end":{"line":18,"column":1}}},"3":{"name":"(anonymous_3)","decl":{"start":{"line":19,"column":0},"end":{"line":19,"column":6}},"loc":{"start":{"line":19,"column":24},"end":{"line":22,"column":1}}},"4":{"name":"(anonymous_4)","decl":{"start":{"line":23,"column":0},"end":{"line":23,"column":6}},"loc":{"start":{"line":23,"column":22},"end":{"line":26,"column":1}}},"5":{"name":"(anonymous_5)","decl":{"start":{"line":27,"column":0},"end":{"line":27,"column":6}},"loc":{"start":{"line":27,"column":22},"end":{"line":30,"column":1}}},"6":{"name":"(anonymous_6)","decl":{"start":{"line":31,"column":0},"end":{"line":31,"column":6}},"loc":{"start":{"line":31,"column":29},"end":{"line":34,"column":1}}},"7":{"name":"(anonymous_7)","decl":{"start":{"line":35,"column":0},"end":{"line":35,"column":6}},"loc":{"start":{"line":35,"column":27},"end":{"line":38,"column":1}}},"8":{"name":"(anonymous_8)","decl":{"start":{"line":39,"column":0},"end":{"line":39,"column":6}},"loc":{"start":{"line":39,"column":27},"end":{"line":41,"column":1}}}},"branchMap":{"0":{"loc":{"start":{"line":1,"column":12},"end":{"line":1,"column":23}},"type":"binary-expr","locations":[{"start":{"line":1,"column":12},"end":{"line":1,"column":23}},{"start":{"line":1,"column":12},"end":{"line":1,"column":null}}]},"1":{"loc":{"start":{"line":6,"column":12},"end":{"line":6,"column":25}},"type":"binary-expr","locations":[{"start":{"line":6,"column":12},"end":{"line":6,"column":25}},{"start":{"line":6,"column":12},"end":{"line":6,"column":null}}]},"2":{"loc":{"start":{"line":13,"column":12},"end":{"line":13,"column":23}},"type":"binary-expr","locations":[{"start":{"line":13,"column":12},"end":{"line":13,"column":23}},{"start":{"line":13,"column":12},"end":{"line":13,"column":null}}]},"3":{"loc":{"start":{"line":19,"column":12},"end":{"line":19,"column":24}},"type":"binary-expr","locations":[{"start":{"line":19,"column":12},"end":{"line":19,"column":24}},{"start":{"line":19,"column":12},"end":{"line":19,"column":null}}]},"4":{"loc":{"start":{"line":23,"column":12},"end":{"line":23,"column":22}},"type":"binary-expr","locations":[{"start":{"line":23,"column":12},"end":{"line":23,"column":22}},{"start":{"line":23,"column":12},"end":{"line":23,"column":null}}]},"5":{"loc":{"start":{"line":27,"column":12},"end":{"line":27,"column":22}},"type":"binary-expr","locations":[{"start":{"line":27,"column":12},"end":{"line":27,"column":22}},{"start":{"line":27,"column":12},"end":{"line":27,"column":null}}]},"6":{"loc":{"start":{"line":31,"column":12},"end":{"line":31,"column":29}},"type":"binary-expr","locations":[{"start":{"line":31,"column":12},"end":{"line":31,"column":29}},{"start":{"line":31,"column":12},"end":{"line":31,"column":null}}]},"7":{"loc":{"start":{"line":35,"column":12},"end":{"line":35,"column":27}},"type":"binary-expr","locations":[{"start":{"line":35,"column":12},"end":{"line":35,"column":27}},{"start":{"line":35,"column":12},"end":{"line":35,"column":null}}]},"8":{"loc":{"start":{"line":39,"column":12},"end":{"line":39,"column":27}},"type":"binary-expr","locations":[{"start":{"line":39,"column":12},"end":{"line":39,"column":27}},{"start":{"line":39,"column":12},"end":{"line":39,"column":null}}]}},"s":{"0":24,"1":24,"2":24,"3":24,"4":24,"5":24,"6":24,"7":24,"8":24,"9":24,"10":24,"11":24,"12":24,"13":24,"14":24,"15":24,"16":24,"17":24,"18":24,"19":24,"20":24,"21":24,"22":24,"23":24,"24":24,"25":24,"26":24,"27":24,"28":24,"29":24,"30":24,"31":24},"f":{"0":24,"1":24,"2":24,"3":24,"4":24,"5":24,"6":24,"7":24,"8":24},"b":{"0":[24,24],"1":[24,24],"2":[24,24],"3":[24,24],"4":[24,24],"5":[24,24],"6":[24,24],"7":[24,24],"8":[24,24]}}
,"/Users/zeki/Documents/Projects/personal/vue3-ts-shopping-card/src/store/modules/bag/actions.ts": {"path":"/Users/zeki/Documents/Projects/personal/vue3-ts-shopping-card/src/store/modules/bag/actions.ts","statementMap":{"0":{"start":{"line":11,"column":20},"end":{"line":18,"column":2}},"1":{"start":{"line":13,"column":4},"end":{"line":13,"column":54}},"2":{"start":{"line":16,"column":4},"end":{"line":16,"column":57}}},"fnMap":{"0":{"name":"(anonymous_0)","decl":{"start":{"line":12,"column":2},"end":{"line":12,"column":3}},"loc":{"start":{"line":12,"column":64},"end":{"line":14,"column":3}}},"1":{"name":"(anonymous_1)","decl":{"start":{"line":15,"column":2},"end":{"line":15,"column":3}},"loc":{"start":{"line":15,"column":67},"end":{"line":17,"column":3}}}},"branchMap":{},"s":{"0":24,"1":2,"2":2},"f":{"0":2,"1":2},"b":{}}
,"/Users/zeki/Documents/Projects/personal/vue3-ts-shopping-card/src/store/modules/bag/getters.ts": {"path":"/Users/zeki/Documents/Projects/personal/vue3-ts-shopping-card/src/store/modules/bag/getters.ts","statementMap":{"0":{"start":{"line":10,"column":20},"end":{"line":14,"column":2}},"1":{"start":{"line":12,"column":4},"end":{"line":12,"column":33}}},"fnMap":{"0":{"name":"(anonymous_0)","decl":{"start":{"line":11,"column":38},"end":{"line":11,"column":39}},"loc":{"start":{"line":11,"column":63},"end":{"line":13,"column":3}}}},"branchMap":{},"s":{"0":24,"1":28},"f":{"0":28},"b":{}}
,"/Users/zeki/Documents/Projects/personal/vue3-ts-shopping-card/src/store/modules/bag/index.ts": {"path":"/Users/zeki/Documents/Projects/personal/vue3-ts-shopping-card/src/store/modules/bag/index.ts","statementMap":{"0":{"start":{"line":9,"column":47},"end":{"line":14,"column":2}}},"fnMap":{},"branchMap":{},"s":{"0":24},"f":{},"b":{}}
,"/Users/zeki/Documents/Projects/personal/vue3-ts-shopping-card/src/store/modules/bag/mutations.ts": {"path":"/Users/zeki/Documents/Projects/personal/vue3-ts-shopping-card/src/store/modules/bag/mutations.ts","statementMap":{"0":{"start":{"line":6,"column":22},"end":{"line":21,"column":2}},"1":{"start":{"line":8,"column":25},"end":{"line":8,"column":80}},"2":{"start":{"line":8,"column":53},"end":{"line":8,"column":79}},"3":{"start":{"line":9,"column":4},"end":{"line":15,"column":null}},"4":{"start":{"line":10,"column":6},"end":{"line":13,"column":8}},"5":{"start":{"line":14,"column":6},"end":{"line":14,"column":79}},"6":{"start":{"line":18,"column":4},"end":{"line":18,"column":null}},"7":{"start":{"line":18,"column":51},"end":{"line":18,"column":77}},"8":{"start":{"line":19,"column":4},"end":{"line":19,"column":77}}},"fnMap":{"0":{"name":"(anonymous_0)","decl":{"start":{"line":7,"column":2},"end":{"line":7,"column":3}},"loc":{"start":{"line":7,"column":76},"end":{"line":16,"column":3}}},"1":{"name":"(anonymous_1)","decl":{"start":{"line":8,"column":45},"end":{"line":8,"column":49}},"loc":{"start":{"line":8,"column":53},"end":{"line":8,"column":79}}},"2":{"name":"(anonymous_2)","decl":{"start":{"line":17,"column":2},"end":{"line":17,"column":3}},"loc":{"start":{"line":17,"column":69},"end":{"line":20,"column":3}}},"3":{"name":"(anonymous_3)","decl":{"start":{"line":18,"column":43},"end":{"line":18,"column":47}},"loc":{"start":{"line":18,"column":51},"end":{"line":18,"column":77}}}},"branchMap":{"0":{"loc":{"start":{"line":9,"column":4},"end":{"line":15,"column":null}},"type":"if","locations":[{"start":{"line":9,"column":4},"end":{"line":15,"column":null}},{"start":{"line":9,"column":4},"end":{"line":15,"column":null}}]},"1":{"loc":{"start":{"line":14,"column":45},"end":{"line":14,"column":72}},"type":"binary-expr","locations":[{"start":{"line":14,"column":45},"end":{"line":14,"column":72}},{"start":{"line":14,"column":76},"end":{"line":14,"column":77}}]},"2":{"loc":{"start":{"line":19,"column":43},"end":{"line":19,"column":70}},"type":"binary-expr","locations":[{"start":{"line":19,"column":43},"end":{"line":19,"column":70}},{"start":{"line":19,"column":74},"end":{"line":19,"column":75}}]}},"s":{"0":24,"1":2,"2":0,"3":2,"4":2,"5":2,"6":2,"7":2,"8":2},"f":{"0":2,"1":0,"2":2,"3":2},"b":{"0":[2,0],"1":[2,0],"2":[2,0]}}
,"/Users/zeki/Documents/Projects/personal/vue3-ts-shopping-card/src/store/modules/bag/state.ts": {"path":"/Users/zeki/Documents/Projects/personal/vue3-ts-shopping-card/src/store/modules/bag/state.ts","statementMap":{"0":{"start":{"line":3,"column":36},"end":{"line":6,"column":2}}},"fnMap":{},"branchMap":{},"s":{"0":24},"f":{},"b":{}}
,"/Users/zeki/Documents/Projects/personal/vue3-ts-shopping-card/src/store/modules/root/actions.ts": {"path":"/Users/zeki/Documents/Projects/personal/vue3-ts-shopping-card/src/store/modules/root/actions.ts","statementMap":{"0":{"start":{"line":6,"column":78},"end":{"line":16,"column":2}},"1":{"start":{"line":8,"column":4},"end":{"line":8,"column":57}},"2":{"start":{"line":11,"column":4},"end":{"line":11,"column":53}},"3":{"start":{"line":14,"column":4},"end":{"line":14,"column":53}}},"fnMap":{"0":{"name":"(anonymous_0)","decl":{"start":{"line":7,"column":2},"end":{"line":7,"column":3}},"loc":{"start":{"line":7,"column":65},"end":{"line":9,"column":3}}},"1":{"name":"(anonymous_1)","decl":{"start":{"line":10,"column":2},"end":{"line":10,"column":3}},"loc":{"start":{"line":10,"column":65},"end":{"line":12,"column":3}}},"2":{"name":"(anonymous_2)","decl":{"start":{"line":13,"column":2},"end":{"line":13,"column":3}},"loc":{"start":{"line":13,"column":61},"end":{"line":15,"column":3}}}},"branchMap":{},"s":{"0":24,"1":0,"2":29,"3":29},"f":{"0":0,"1":29,"2":29},"b":{}}
,"/Users/zeki/Documents/Projects/personal/vue3-ts-shopping-card/src/store/modules/root/getters.ts": {"path":"/Users/zeki/Documents/Projects/personal/vue3-ts-shopping-card/src/store/modules/root/getters.ts","statementMap":{"0":{"start":{"line":5,"column":79},"end":{"line":9,"column":2}},"1":{"start":{"line":7,"column":4},"end":{"line":7,"column":25}}},"fnMap":{"0":{"name":"(anonymous_0)","decl":{"start":{"line":6,"column":39},"end":{"line":6,"column":40}},"loc":{"start":{"line":6,"column":69},"end":{"line":8,"column":3}}}},"branchMap":{},"s":{"0":24,"1":0},"f":{"0":0},"b":{}}
,"/Users/zeki/Documents/Projects/personal/vue3-ts-shopping-card/src/store/modules/root/index.ts": {"path":"/Users/zeki/Documents/Projects/personal/vue3-ts-shopping-card/src/store/modules/root/index.ts","statementMap":{"0":{"start":{"line":11,"column":40},"end":{"line":14,"column":2}},"1":{"start":{"line":16,"column":45},"end":{"line":22,"column":2}}},"fnMap":{},"branchMap":{},"s":{"0":24,"1":24},"f":{},"b":{}}
,"/Users/zeki/Documents/Projects/personal/vue3-ts-shopping-card/src/store/modules/root/mutations.ts": {"path":"/Users/zeki/Documents/Projects/personal/vue3-ts-shopping-card/src/store/modules/root/mutations.ts","statementMap":{"0":{"start":{"line":5,"column":72},"end":{"line":15,"column":2}},"1":{"start":{"line":7,"column":4},"end":{"line":7,"column":28}},"2":{"start":{"line":10,"column":4},"end":{"line":10,"column":30}},"3":{"start":{"line":13,"column":4},"end":{"line":13,"column":30}}},"fnMap":{"0":{"name":"(anonymous_0)","decl":{"start":{"line":6,"column":2},"end":{"line":6,"column":3}},"loc":{"start":{"line":6,"column":74},"end":{"line":8,"column":3}}},"1":{"name":"(anonymous_1)","decl":{"start":{"line":9,"column":2},"end":{"line":9,"column":3}},"loc":{"start":{"line":9,"column":74},"end":{"line":11,"column":3}}},"2":{"name":"(anonymous_2)","decl":{"start":{"line":12,"column":2},"end":{"line":12,"column":3}},"loc":{"start":{"line":12,"column":70},"end":{"line":14,"column":3}}}},"branchMap":{},"s":{"0":24,"1":0,"2":29,"3":29},"f":{"0":0,"1":29,"2":29},"b":{}}
,"/Users/zeki/Documents/Projects/personal/vue3-ts-shopping-card/src/store/modules/root/state.ts": {"path":"/Users/zeki/Documents/Projects/personal/vue3-ts-shopping-card/src/store/modules/root/state.ts","statementMap":{"0":{"start":{"line":3,"column":33},"end":{"line":8,"column":2}}},"fnMap":{},"branchMap":{},"s":{"0":24},"f":{},"b":{}}
,"/Users/zeki/Documents/Projects/personal/vue3-ts-shopping-card/src/store/modules/wishlist/actions.ts": {"path":"/Users/zeki/Documents/Projects/personal/vue3-ts-shopping-card/src/store/modules/wishlist/actions.ts","statementMap":{"0":{"start":{"line":11,"column":25},"end":{"line":18,"column":2}},"1":{"start":{"line":13,"column":4},"end":{"line":13,"column":64}},"2":{"start":{"line":16,"column":4},"end":{"line":16,"column":67}}},"fnMap":{"0":{"name":"(anonymous_0)","decl":{"start":{"line":12,"column":2},"end":{"line":12,"column":3}},"loc":{"start":{"line":12,"column":74},"end":{"line":14,"column":3}}},"1":{"name":"(anonymous_1)","decl":{"start":{"line":15,"column":2},"end":{"line":15,"column":3}},"loc":{"start":{"line":15,"column":77},"end":{"line":17,"column":3}}}},"branchMap":{},"s":{"0":24,"1":2,"2":2},"f":{"0":2,"1":2},"b":{}}
,"/Users/zeki/Documents/Projects/personal/vue3-ts-shopping-card/src/store/modules/wishlist/getters.ts": {"path":"/Users/zeki/Documents/Projects/personal/vue3-ts-shopping-card/src/store/modules/wishlist/getters.ts","statementMap":{"0":{"start":{"line":10,"column":25},"end":{"line":14,"column":2}},"1":{"start":{"line":12,"column":4},"end":{"line":12,"column":38}}},"fnMap":{"0":{"name":"(anonymous_0)","decl":{"start":{"line":11,"column":48},"end":{"line":11,"column":49}},"loc":{"start":{"line":11,"column":78},"end":{"line":13,"column":3}}}},"branchMap":{},"s":{"0":24,"1":28},"f":{"0":28},"b":{}}
,"/Users/zeki/Documents/Projects/personal/vue3-ts-shopping-card/src/store/modules/wishlist/index.ts": {"path":"/Users/zeki/Documents/Projects/personal/vue3-ts-shopping-card/src/store/modules/wishlist/index.ts","statementMap":{"0":{"start":{"line":9,"column":57},"end":{"line":14,"column":2}}},"fnMap":{},"branchMap":{},"s":{"0":24},"f":{},"b":{}}
,"/Users/zeki/Documents/Projects/personal/vue3-ts-shopping-card/src/store/modules/wishlist/mutations.ts": {"path":"/Users/zeki/Documents/Projects/personal/vue3-ts-shopping-card/src/store/modules/wishlist/mutations.ts","statementMap":{"0":{"start":{"line":6,"column":27},"end":{"line":19,"column":2}},"1":{"start":{"line":8,"column":25},"end":{"line":8,"column":85}},"2":{"start":{"line":8,"column":58},"end":{"line":8,"column":84}},"3":{"start":{"line":9,"column":4},"end":{"line":14,"column":null}},"4":{"start":{"line":10,"column":6},"end":{"line":13,"column":8}},"5":{"start":{"line":17,"column":4},"end":{"line":17,"column":null}},"6":{"start":{"line":17,"column":61},"end":{"line":17,"column":87}}},"fnMap":{"0":{"name":"(anonymous_0)","decl":{"start":{"line":7,"column":2},"end":{"line":7,"column":3}},"loc":{"start":{"line":7,"column":91},"end":{"line":15,"column":3}}},"1":{"name":"(anonymous_1)","decl":{"start":{"line":8,"column":50},"end":{"line":8,"column":54}},"loc":{"start":{"line":8,"column":58},"end":{"line":8,"column":84}}},"2":{"name":"(anonymous_2)","decl":{"start":{"line":16,"column":2},"end":{"line":16,"column":3}},"loc":{"start":{"line":16,"column":84},"end":{"line":18,"column":3}}},"3":{"name":"(anonymous_3)","decl":{"start":{"line":17,"column":53},"end":{"line":17,"column":57}},"loc":{"start":{"line":17,"column":61},"end":{"line":17,"column":87}}}},"branchMap":{"0":{"loc":{"start":{"line":9,"column":4},"end":{"line":14,"column":null}},"type":"if","locations":[{"start":{"line":9,"column":4},"end":{"line":14,"column":null}},{"start":{"line":9,"column":4},"end":{"line":14,"column":null}}]}},"s":{"0":24,"1":2,"2":0,"3":2,"4":2,"5":2,"6":2},"f":{"0":2,"1":0,"2":2,"3":2},"b":{"0":[2,0]}}
,"/Users/zeki/Documents/Projects/personal/vue3-ts-shopping-card/src/store/modules/wishlist/state.ts": {"path":"/Users/zeki/Documents/Projects/personal/vue3-ts-shopping-card/src/store/modules/wishlist/state.ts","statementMap":{"0":{"start":{"line":3,"column":41},"end":{"line":5,"column":2}}},"fnMap":{},"branchMap":{},"s":{"0":24},"f":{},"b":{}}
,"/Users/zeki/Documents/Projects/personal/vue3-ts-shopping-card/src/use/useAxios.ts": {"path":"/Users/zeki/Documents/Projects/personal/vue3-ts-shopping-card/src/use/useAxios.ts","statementMap":{"0":{"start":{"line":8,"column":16},"end":{"line":12,"column":4}},"1":{"start":{"line":14,"column":18},"end":{"line":26,"column":3}},"2":{"start":{"line":15,"column":4},"end":{"line":15,"column":25}},"3":{"start":{"line":16,"column":4},"end":{"line":16,"column":38}},"4":{"start":{"line":17,"column":4},"end":{"line":17,"column":42}},"5":{"start":{"line":18,"column":4},"end":{"line":24,"column":null}},"6":{"start":{"line":19,"column":23},"end":{"line":19,"column":44}},"7":{"start":{"line":20,"column":6},"end":{"line":20,"column":33}},"8":{"start":{"line":23,"column":6},"end":{"line":23,"column":24}},"9":{"start":{"line":25,"column":4},"end":{"line":25,"column":26}},"10":{"start":{"line":28,"column":2},"end":{"line":31,"column":4}}},"fnMap":{"0":{"name":"useAxios","decl":{"start":{"line":7,"column":16},"end":{"line":7,"column":24}},"loc":{"start":{"line":7,"column":80},"end":{"line":32,"column":1}}},"1":{"name":"(anonymous_1)","decl":{"start":{"line":14,"column":18},"end":{"line":14,"column":23}},"loc":{"start":{"line":14,"column":29},"end":{"line":26,"column":3}}}},"branchMap":{},"s":{"0":31,"1":31,"2":31,"3":31,"4":31,"5":31,"6":31,"7":29,"8":0,"9":29,"10":31},"f":{"0":31,"1":31},"b":{}}
,"/Users/zeki/Documents/Projects/personal/vue3-ts-shopping-card/src/use/usePagination.ts": {"path":"/Users/zeki/Documents/Projects/personal/vue3-ts-shopping-card/src/use/usePagination.ts","statementMap":{"0":{"start":{"line":29,"column":16},"end":{"line":34,"column":4}},"1":{"start":{"line":36,"column":2},"end":{"line":46,"column":null}},"2":{"start":{"line":37,"column":10},"end":{"line":37,"column":27}},"3":{"start":{"line":39,"column":6},"end":{"line":41,"column":null}},"4":{"start":{"line":40,"column":8},"end":{"line":40,"column":30}},"5":{"start":{"line":48,"column":19},"end":{"line":48,"column":74}},"6":{"start":{"line":48,"column":34},"end":{"line":48,"column":73}},"7":{"start":{"line":50,"column":15},"end":{"line":52,"column":3}},"8":{"start":{"line":51,"column":4},"end":{"line":51,"column":null}},"9":{"start":{"line":53,"column":15},"end":{"line":53,"column":50}},"10":{"start":{"line":53,"column":22},"end":{"line":53,"column":49}},"11":{"start":{"line":54,"column":15},"end":{"line":54,"column":50}},"12":{"start":{"line":54,"column":22},"end":{"line":54,"column":49}},"13":{"start":{"line":55,"column":16},"end":{"line":55,"column":31}},"14":{"start":{"line":55,"column":23},"end":{"line":55,"column":30}},"15":{"start":{"line":56,"column":15},"end":{"line":56,"column":43}},"16":{"start":{"line":56,"column":22},"end":{"line":56,"column":42}},"17":{"start":{"line":58,"column":23},"end":{"line":73,"column":4}},"18":{"start":{"line":59,"column":22},"end":{"line":59,"column":54}},"19":{"start":{"line":60,"column":21},"end":{"line":60,"column":74}},"20":{"start":{"line":61,"column":21},"end":{"line":61,"column":87}},"21":{"start":{"line":62,"column":22},"end":{"line":62,"column":83}},"22":{"start":{"line":64,"column":4},"end":{"line":72,"column":22}},"23":{"start":{"line":75,"column":2},"end":{"line":85,"column":null}},"24":{"start":{"line":76,"column":10},"end":{"line":76,"column":15}},"25":{"start":{"line":78,"column":6},"end":{"line":80,"column":null}},"26":{"start":{"line":79,"column":8},"end":{"line":79,"column":44}},"27":{"start":{"line":86,"column":2},"end":{"line":95,"column":null}},"28":{"start":{"line":87,"column":10},"end":{"line":87,"column":27}},"29":{"start":{"line":89,"column":6},"end":{"line":89,"column":51}},"30":{"start":{"line":97,"column":2},"end":{"line":106,"column":4}}},"fnMap":{"0":{"name":"usePagination","decl":{"start":{"line":27,"column":16},"end":{"line":27,"column":29}},"loc":{"start":{"line":27,"column":56},"end":{"line":107,"column":1}}},"1":{"name":"(anonymous_1)","decl":{"start":{"line":37,"column":4},"end":{"line":37,"column":7}},"loc":{"start":{"line":37,"column":10},"end":{"line":37,"column":27}}},"2":{"name":"(anonymous_2)","decl":{"start":{"line":38,"column":4},"end":{"line":38,"column":5}},"loc":{"start":{"line":38,"column":15},"end":{"line":42,"column":5}}},"3":{"name":"(anonymous_3)","decl":{"start":{"line":48,"column":28},"end":{"line":48,"column":31}},"loc":{"start":{"line":48,"column":34},"end":{"line":48,"column":73}}},"4":{"name":"(anonymous_4)","decl":{"start":{"line":50,"column":15},"end":{"line":50,"column":16}},"loc":{"start":{"line":50,"column":31},"end":{"line":52,"column":3}}},"5":{"name":"(anonymous_5)","decl":{"start":{"line":53,"column":15},"end":{"line":53,"column":18}},"loc":{"start":{"line":53,"column":22},"end":{"line":53,"column":49}}},"6":{"name":"(anonymous_6)","decl":{"start":{"line":54,"column":15},"end":{"line":54,"column":18}},"loc":{"start":{"line":54,"column":22},"end":{"line":54,"column":49}}},"7":{"name":"(anonymous_7)","decl":{"start":{"line":55,"column":16},"end":{"line":55,"column":19}},"loc":{"start":{"line":55,"column":23},"end":{"line":55,"column":30}}},"8":{"name":"(anonymous_8)","decl":{"start":{"line":56,"column":15},"end":{"line":56,"column":18}},"loc":{"start":{"line":56,"column":22},"end":{"line":56,"column":42}}},"9":{"name":"(anonymous_9)","decl":{"start":{"line":58,"column":32},"end":{"line":58,"column":35}},"loc":{"start":{"line":58,"column":37},"end":{"line":73,"column":3}}},"10":{"name":"(anonymous_10)","decl":{"start":{"line":76,"column":4},"end":{"line":76,"column":7}},"loc":{"start":{"line":76,"column":10},"end":{"line":76,"column":15}}},"11":{"name":"(anonymous_11)","decl":{"start":{"line":77,"column":4},"end":{"line":77,"column":5}},"loc":{"start":{"line":77,"column":15},"end":{"line":81,"column":5}}},"12":{"name":"(anonymous_12)","decl":{"start":{"line":87,"column":4},"end":{"line":87,"column":7}},"loc":{"start":{"line":87,"column":10},"end":{"line":87,"column":27}}},"13":{"name":"(anonymous_13)","decl":{"start":{"line":88,"column":4},"end":{"line":88,"column":5}},"loc":{"start":{"line":88,"column":15},"end":{"line":90,"column":5}}}},"branchMap":{"0":{"loc":{"start":{"line":39,"column":6},"end":{"line":41,"column":null}},"type":"if","locations":[{"start":{"line":39,"column":6},"end":{"line":41,"column":null}},{"start":{"line":39,"column":6},"end":{"line":41,"column":null}}]},"1":{"loc":{"start":{"line":59,"column":46},"end":{"line":59,"column":47}},"type":"cond-expr","locations":[{"start":{"line":59,"column":46},"end":{"line":59,"column":47}},{"start":{"line":59,"column":50},"end":{"line":59,"column":54}}]},"2":{"loc":{"start":{"line":60,"column":46},"end":{"line":60,"column":67}},"type":"cond-expr","locations":[{"start":{"line":60,"column":46},"end":{"line":60,"column":67}},{"start":{"line":60,"column":70},"end":{"line":60,"column":74}}]},"3":{"loc":{"start":{"line":61,"column":59},"end":{"line":61,"column":63}},"type":"cond-expr","locations":[{"start":{"line":61,"column":59},"end":{"line":61,"column":63}},{"start":{"line":61,"column":66},"end":{"line":61,"column":87}}]},"4":{"loc":{"start":{"line":62,"column":62},"end":{"line":62,"column":76}},"type":"cond-expr","locations":[{"start":{"line":62,"column":62},"end":{"line":62,"column":76}},{"start":{"line":62,"column":79},"end":{"line":62,"column":83}}]},"5":{"loc":{"start":{"line":62,"column":22},"end":{"line":62,"column":30}},"type":"binary-expr","locations":[{"start":{"line":62,"column":22},"end":{"line":62,"column":30}},{"start":{"line":62,"column":34},"end":{"line":62,"column":59}}]},"6":{"loc":{"start":{"line":66,"column":18},"end":{"line":66,"column":23}},"type":"cond-expr","locations":[{"start":{"line":66,"column":18},"end":{"line":66,"column":23}},{"start":{"line":66,"column":26},"end":{"line":66,"column":30}}]},"7":{"loc":{"start":{"line":70,"column":18},"end":{"line":70,"column":23}},"type":"cond-expr","locations":[{"start":{"line":70,"column":18},"end":{"line":70,"column":23}},{"start":{"line":70,"column":26},"end":{"line":70,"column":30}}]},"8":{"loc":{"start":{"line":78,"column":6},"end":{"line":80,"column":null}},"type":"if","locations":[{"start":{"line":78,"column":6},"end":{"line":80,"column":null}},{"start":{"line":78,"column":6},"end":{"line":80,"column":null}}]}},"s":{"0":24,"1":24,"2":31,"3":31,"4":0,"5":24,"6":46,"7":24,"8":7,"9":24,"10":0,"11":24,"12":0,"13":24,"14":0,"15":24,"16":0,"17":24,"18":53,"19":53,"20":53,"21":53,"22":53,"23":24,"24":53,"25":29,"26":0,"27":24,"28":31,"29":31,"30":24},"f":{"0":24,"1":31,"2":31,"3":46,"4":7,"5":0,"6":0,"7":0,"8":0,"9":53,"10":53,"11":29,"12":31,"13":31},"b":{"0":[0,31],"1":[2,51],"2":[5,48],"3":[26,27],"4":[27,26],"5":[53,27],"6":[2,51],"7":[27,26],"8":[0,29]}}
,"/Users/zeki/Documents/Projects/personal/vue3-ts-shopping-card/src/use/useStore.ts": {"path":"/Users/zeki/Documents/Projects/personal/vue3-ts-shopping-card/src/use/useStore.ts","statementMap":{"0":{"start":{"line":8,"column":2},"end":{"line":8,"column":30}}},"fnMap":{"0":{"name":"useStore","decl":{"start":{"line":7,"column":16},"end":{"line":7,"column":24}},"loc":{"start":{"line":7,"column":24},"end":{"line":9,"column":1}}}},"branchMap":{},"s":{"0":48},"f":{"0":48},"b":{}}
,"/Users/zeki/Documents/Projects/personal/vue3-ts-shopping-card/src/views/Home.vue": {"path":"/Users/zeki/Documents/Projects/personal/vue3-ts-shopping-card/src/views/Home.vue","statementMap":{"0":{"start":{"line":21,"column":18},"end":{"line":21,"column":28}},"1":{"start":{"line":22,"column":18},"end":{"line":22,"column":28}},"2":{"start":{"line":23,"column":17},"end":{"line":23,"column":78}},"3":{"start":{"line":23,"column":32},"end":{"line":23,"column":77}},"4":{"start":{"line":24,"column":19},"end":{"line":24,"column":55}},"5":{"start":{"line":24,"column":34},"end":{"line":24,"column":54}},"6":{"start":{"line":25,"column":23},"end":{"line":25,"column":32}},"7":{"start":{"line":28,"column":4},"end":{"line":75,"column":null}},"8":{"start":{"line":29,"column":12},"end":{"line":29,"column":26}},"9":{"start":{"line":34,"column":12},"end":{"line":40,"column":null}},"10":{"start":{"line":42,"column":8},"end":{"line":42,"column":null}},"11":{"start":{"line":43,"column":8},"end":{"line":43,"column":24}},"12":{"start":{"line":45,"column":8},"end":{"line":68,"column":8}},"13":{"start":{"line":56,"column":14},"end":{"line":56,"column":18}},"14":{"start":{"line":58,"column":10},"end":{"line":66,"column":null}},"15":{"start":{"line":69,"column":6},"end":{"line":69,"column":null}},"16":{"start":{"line":77,"column":4},"end":{"line":80,"column":null}}},"fnMap":{"0":{"name":"(anonymous_0)","decl":{"start":{"line":20,"column":2},"end":{"line":20,"column":7}},"loc":{"start":{"line":20,"column":7},"end":{"line":81,"column":3}}},"1":{"name":"(anonymous_1)","decl":{"start":{"line":23,"column":26},"end":{"line":23,"column":29}},"loc":{"start":{"line":23,"column":32},"end":{"line":23,"column":77}}},"2":{"name":"(anonymous_2)","decl":{"start":{"line":24,"column":28},"end":{"line":24,"column":31}},"loc":{"start":{"line":24,"column":34},"end":{"line":24,"column":54}}},"3":{"name":"(anonymous_3)","decl":{"start":{"line":29,"column":6},"end":{"line":29,"column":9}},"loc":{"start":{"line":29,"column":12},"end":{"line":29,"column":26}}},"4":{"name":"(anonymous_4)","decl":{"start":{"line":30,"column":6},"end":{"line":30,"column":11}},"loc":{"start":{"line":30,"column":17},"end":{"line":70,"column":7}}},"5":{"name":"(anonymous_5)","decl":{"start":{"line":47,"column":32},"end":{"line":47,"column":33}},"loc":{"start":{"line":47,"column":51},"end":{"line":67,"column":9}}}},"branchMap":{"0":{"loc":{"start":{"line":23,"column":32},"end":{"line":23,"column":72}},"type":"binary-expr","locations":[{"start":{"line":23,"column":32},"end":{"line":23,"column":72}},{"start":{"line":23,"column":76},"end":{"line":23,"column":77}}]},"1":{"loc":{"start":{"line":69,"column":52},"end":{"line":69,"column":77}},"type":"binary-expr","locations":[{"start":{"line":69,"column":52},"end":{"line":69,"column":77}},{"start":{"line":69,"column":81},"end":{"line":69,"column":82}}]}},"s":{"0":24,"1":24,"2":24,"3":31,"4":24,"5":31,"6":24,"7":24,"8":31,"9":31,"10":31,"11":31,"12":29,"13":164,"14":164,"15":29,"16":24},"f":{"0":24,"1":31,"2":31,"3":31,"4":31,"5":164},"b":{"0":[31,0],"1":[29,0]}}
}
