{"/Users/zeki/Documents/Projects/personal/js_challenge_jagaad_zeki-oztorun/src/App.vue": {"path":"/Users/zeki/Documents/Projects/personal/js_challenge_jagaad_zeki-oztorun/src/App.vue","statementMap":{"0":{"start":{"line":5,"column":0},"end":{"line":5,"column":null}},"1":{"start":{"line":6,"column":0},"end":{"line":6,"column":null}},"2":{"start":{"line":8,"column":15},"end":{"line":8,"column":31}},"3":{"start":{"line":13,"column":4},"end":{"line":13,"column":11}}},"fnMap":{"0":{"name":"(anonymous_0)","decl":{"start":{"line":12,"column":7},"end":{"line":12,"column":null}},"loc":{"start":{"line":12,"column":7},"end":{"line":14,"column":null}}}},"branchMap":{},"s":{"0":0,"1":0,"2":0,"3":0},"f":{"0":0},"b":{}}
,"/Users/zeki/Documents/Projects/personal/js_challenge_jagaad_zeki-oztorun/src/main.ts": {"path":"/Users/zeki/Documents/Projects/personal/js_challenge_jagaad_zeki-oztorun/src/main.ts","statementMap":{"0":{"start":{"line":1,"column":0},"end":{"line":1,"column":null}},"1":{"start":{"line":2,"column":0},"end":{"line":2,"column":null}},"2":{"start":{"line":3,"column":0},"end":{"line":3,"column":null}},"3":{"start":{"line":4,"column":0},"end":{"line":4,"column":null}},"4":{"start":{"line":5,"column":0},"end":{"line":5,"column":null}},"5":{"start":{"line":7,"column":0},"end":{"line":7,"column":10}}},"fnMap":{},"branchMap":{},"s":{"0":0,"1":0,"2":0,"3":0,"4":0,"5":0},"f":{},"b":{}}
,"/Users/zeki/Documents/Projects/personal/js_challenge_jagaad_zeki-oztorun/src/components/MiniBag.vue": {"path":"/Users/zeki/Documents/Projects/personal/js_challenge_jagaad_zeki-oztorun/src/components/MiniBag.vue","statementMap":{"0":{"start":{"line":41,"column":0},"end":{"line":41,"column":null}},"1":{"start":{"line":43,"column":0},"end":{"line":43,"column":null}},"2":{"start":{"line":44,"column":0},"end":{"line":44,"column":null}},"3":{"start":{"line":45,"column":0},"end":{"line":45,"column":null}},"4":{"start":{"line":47,"column":15},"end":{"line":47,"column":31}},"5":{"start":{"line":52,"column":18},"end":{"line":52,"column":null}},"6":{"start":{"line":53,"column":21},"end":{"line":53,"column":null}},"7":{"start":{"line":54,"column":10},"end":{"line":54,"column":12}},"8":{"start":{"line":56,"column":23},"end":{"line":56,"column":null}},"9":{"start":{"line":58,"column":24},"end":{"line":58,"column":null}},"10":{"start":{"line":59,"column":8},"end":{"line":59,"column":15}},"11":{"start":{"line":62,"column":29},"end":{"line":64,"column":null}},"12":{"start":{"line":63,"column":6},"end":{"line":63,"column":11}},"13":{"start":{"line":65,"column":4},"end":{"line":65,"column":11}}},"fnMap":{"0":{"name":"(anonymous_0)","decl":{"start":{"line":51,"column":2},"end":{"line":51,"column":7}},"loc":{"start":{"line":51,"column":2},"end":{"line":70,"column":null}}},"1":{"name":"(anonymous_1)","decl":{"start":{"line":54,"column":4},"end":{"line":54,"column":10}},"loc":{"start":{"line":54,"column":4},"end":{"line":54,"column":null}}},"2":{"name":"(anonymous_2)","decl":{"start":{"line":57,"column":6},"end":{"line":57,"column":null}},"loc":{"start":{"line":57,"column":6},"end":{"line":60,"column":null}}},"3":{"name":"(anonymous_3)","decl":{"start":{"line":62,"column":29},"end":{"line":62,"column":30}},"loc":{"start":{"line":62,"column":44},"end":{"line":64,"column":null}}}},"branchMap":{"0":{"loc":{"start":{"line":59,"column":23},"end":{"line":59,"column":38}},"type":"cond-expr","locations":[{"start":{"line":59,"column":23},"end":{"line":59,"column":38}},{"start":{"line":59,"column":38},"end":{"line":59,"column":null}}]}},"s":{"0":0,"1":0,"2":0,"3":0,"4":0,"5":0,"6":0,"7":0,"8":0,"9":0,"10":0,"11":0,"12":0,"13":0},"f":{"0":0,"1":0,"2":0,"3":0},"b":{"0":[0,0]}}
,"/Users/zeki/Documents/Projects/personal/js_challenge_jagaad_zeki-oztorun/src/components/MiniBagTrigger.vue": {"path":"/Users/zeki/Documents/Projects/personal/js_challenge_jagaad_zeki-oztorun/src/components/MiniBagTrigger.vue","statementMap":{"0":{"start":{"line":12,"column":0},"end":{"line":12,"column":null}},"1":{"start":{"line":13,"column":0},"end":{"line":13,"column":null}},"2":{"start":{"line":14,"column":0},"end":{"line":14,"column":null}},"3":{"start":{"line":15,"column":0},"end":{"line":15,"column":null}},"4":{"start":{"line":18,"column":15},"end":{"line":18,"column":31}},"5":{"start":{"line":23,"column":18},"end":{"line":23,"column":null}},"6":{"start":{"line":24,"column":22},"end":{"line":24,"column":31}},"7":{"start":{"line":24,"column":37},"end":{"line":24,"column":42}},"8":{"start":{"line":25,"column":23},"end":{"line":25,"column":null}},"9":{"start":{"line":27,"column":24},"end":{"line":27,"column":null}},"10":{"start":{"line":28,"column":8},"end":{"line":28,"column":15}},"11":{"start":{"line":32,"column":4},"end":{"line":32,"column":11}}},"fnMap":{"0":{"name":"(anonymous_0)","decl":{"start":{"line":22,"column":2},"end":{"line":22,"column":7}},"loc":{"start":{"line":22,"column":2},"end":{"line":36,"column":null}}},"1":{"name":"(anonymous_1)","decl":{"start":{"line":24,"column":31},"end":{"line":24,"column":37}},"loc":{"start":{"line":24,"column":31},"end":{"line":24,"column":null}}},"2":{"name":"(anonymous_2)","decl":{"start":{"line":26,"column":6},"end":{"line":26,"column":null}},"loc":{"start":{"line":26,"column":6},"end":{"line":29,"column":null}}}},"branchMap":{"0":{"loc":{"start":{"line":28,"column":23},"end":{"line":28,"column":38}},"type":"cond-expr","locations":[{"start":{"line":28,"column":23},"end":{"line":28,"column":38}},{"start":{"line":28,"column":38},"end":{"line":28,"column":null}}]}},"s":{"0":0,"1":0,"2":0,"3":0,"4":0,"5":0,"6":0,"7":0,"8":0,"9":0,"10":0,"11":0},"f":{"0":0,"1":0,"2":0},"b":{"0":[0,0]}}
,"/Users/zeki/Documents/Projects/personal/js_challenge_jagaad_zeki-oztorun/src/components/ThePagination.vue": {"path":"/Users/zeki/Documents/Projects/personal/js_challenge_jagaad_zeki-oztorun/src/components/ThePagination.vue","statementMap":{"0":{"start":{"line":28,"column":0},"end":{"line":28,"column":null}},"1":{"start":{"line":29,"column":0},"end":{"line":29,"column":null}},"2":{"start":{"line":30,"column":0},"end":{"line":30,"column":null}},"3":{"start":{"line":31,"column":0},"end":{"line":31,"column":null}},"4":{"start":{"line":32,"column":0},"end":{"line":32,"column":null}},"5":{"start":{"line":33,"column":0},"end":{"line":33,"column":null}},"6":{"start":{"line":35,"column":15},"end":{"line":35,"column":31}},"7":{"start":{"line":46,"column":18},"end":{"line":46,"column":null}},"8":{"start":{"line":47,"column":19},"end":{"line":47,"column":null}},"9":{"start":{"line":48,"column":18},"end":{"line":48,"column":null}},"10":{"start":{"line":49,"column":18},"end":{"line":49,"column":27}},"11":{"start":{"line":49,"column":33},"end":{"line":49,"column":null}},"12":{"start":{"line":61,"column":8},"end":{"line":61,"column":22}},"13":{"start":{"line":63,"column":28},"end":{"line":63,"column":null}},"14":{"start":{"line":68,"column":30},"end":{"line":71,"column":null}},"15":{"start":{"line":69,"column":6},"end":{"line":69,"column":10}},"16":{"start":{"line":70,"column":6},"end":{"line":70,"column":12}},"17":{"start":{"line":73,"column":4},"end":{"line":73,"column":11}}},"fnMap":{"0":{"name":"(anonymous_0)","decl":{"start":{"line":45,"column":2},"end":{"line":45,"column":7}},"loc":{"start":{"line":45,"column":16},"end":{"line":85,"column":null}}},"1":{"name":"(anonymous_1)","decl":{"start":{"line":49,"column":27},"end":{"line":49,"column":33}},"loc":{"start":{"line":49,"column":33},"end":{"line":49,"column":null}}},"2":{"name":"(anonymous_2)","decl":{"start":{"line":63,"column":22},"end":{"line":63,"column":28}},"loc":{"start":{"line":63,"column":28},"end":{"line":63,"column":null}}},"3":{"name":"(anonymous_3)","decl":{"start":{"line":68,"column":30},"end":{"line":68,"column":39}},"loc":{"start":{"line":68,"column":39},"end":{"line":71,"column":null}}}},"branchMap":{},"s":{"0":0,"1":0,"2":0,"3":0,"4":0,"5":0,"6":0,"7":0,"8":0,"9":0,"10":0,"11":0,"12":0,"13":0,"14":0,"15":0,"16":0,"17":0},"f":{"0":0,"1":0,"2":0,"3":0},"b":{}}
,"/Users/zeki/Documents/Projects/personal/js_challenge_jagaad_zeki-oztorun/src/components/WishlistTrigger.vue": {"path":"/Users/zeki/Documents/Projects/personal/js_challenge_jagaad_zeki-oztorun/src/components/WishlistTrigger.vue","statementMap":{"0":{"start":{"line":9,"column":0},"end":{"line":9,"column":null}},"1":{"start":{"line":10,"column":0},"end":{"line":10,"column":null}},"2":{"start":{"line":11,"column":0},"end":{"line":11,"column":null}},"3":{"start":{"line":12,"column":0},"end":{"line":12,"column":null}},"4":{"start":{"line":14,"column":15},"end":{"line":14,"column":31}},"5":{"start":{"line":19,"column":18},"end":{"line":19,"column":null}},"6":{"start":{"line":20,"column":22},"end":{"line":20,"column":31}},"7":{"start":{"line":20,"column":37},"end":{"line":20,"column":42}},"8":{"start":{"line":22,"column":4},"end":{"line":22,"column":11}}},"fnMap":{"0":{"name":"(anonymous_0)","decl":{"start":{"line":18,"column":7},"end":{"line":18,"column":null}},"loc":{"start":{"line":18,"column":7},"end":{"line":25,"column":null}}},"1":{"name":"(anonymous_1)","decl":{"start":{"line":20,"column":31},"end":{"line":20,"column":37}},"loc":{"start":{"line":20,"column":31},"end":{"line":20,"column":null}}}},"branchMap":{},"s":{"0":0,"1":0,"2":0,"3":0,"4":0,"5":0,"6":0,"7":0,"8":0},"f":{"0":0,"1":0},"b":{}}
,"/Users/zeki/Documents/Projects/personal/js_challenge_jagaad_zeki-oztorun/src/layout/DefaultFooter.vue": {"path":"/Users/zeki/Documents/Projects/personal/js_challenge_jagaad_zeki-oztorun/src/layout/DefaultFooter.vue","statementMap":{"0":{"start":{"line":8,"column":0},"end":{"line":8,"column":null}},"1":{"start":{"line":10,"column":15},"end":{"line":10,"column":31}},"2":{"start":{"line":14,"column":4},"end":{"line":14,"column":11}}},"fnMap":{"0":{"name":"(anonymous_0)","decl":{"start":{"line":11,"column":7},"end":{"line":11,"column":null}},"loc":{"start":{"line":11,"column":7},"end":{"line":15,"column":null}}}},"branchMap":{},"s":{"0":0,"1":0,"2":0},"f":{"0":0},"b":{}}
,"/Users/zeki/Documents/Projects/personal/js_challenge_jagaad_zeki-oztorun/src/layout/DefaultHeader.vue": {"path":"/Users/zeki/Documents/Projects/personal/js_challenge_jagaad_zeki-oztorun/src/layout/DefaultHeader.vue","statementMap":{"0":{"start":{"line":18,"column":0},"end":{"line":18,"column":null}},"1":{"start":{"line":19,"column":0},"end":{"line":19,"column":null}},"2":{"start":{"line":20,"column":0},"end":{"line":20,"column":null}},"3":{"start":{"line":21,"column":0},"end":{"line":21,"column":null}},"4":{"start":{"line":23,"column":15},"end":{"line":23,"column":31}},"5":{"start":{"line":30,"column":42},"end":{"line":30,"column":46}},"6":{"start":{"line":31,"column":26},"end":{"line":33,"column":null}},"7":{"start":{"line":32,"column":6},"end":{"line":32,"column":21}},"8":{"start":{"line":35,"column":4},"end":{"line":35,"column":11}}},"fnMap":{"0":{"name":"(anonymous_0)","decl":{"start":{"line":29,"column":2},"end":{"line":29,"column":7}},"loc":{"start":{"line":29,"column":2},"end":{"line":39,"column":null}}},"1":{"name":"(anonymous_1)","decl":{"start":{"line":31,"column":26},"end":{"line":31,"column":null}},"loc":{"start":{"line":31,"column":26},"end":{"line":33,"column":null}}}},"branchMap":{},"s":{"0":0,"1":0,"2":0,"3":0,"4":0,"5":0,"6":0,"7":0,"8":0},"f":{"0":0,"1":0},"b":{}}
,"/Users/zeki/Documents/Projects/personal/js_challenge_jagaad_zeki-oztorun/src/layout/DefaultLayout.vue": {"path":"/Users/zeki/Documents/Projects/personal/js_challenge_jagaad_zeki-oztorun/src/layout/DefaultLayout.vue","statementMap":{"0":{"start":{"line":10,"column":0},"end":{"line":10,"column":null}},"1":{"start":{"line":11,"column":0},"end":{"line":11,"column":null}},"2":{"start":{"line":12,"column":0},"end":{"line":12,"column":null}},"3":{"start":{"line":14,"column":15},"end":{"line":14,"column":31}},"4":{"start":{"line":22,"column":4},"end":{"line":22,"column":11}}},"fnMap":{"0":{"name":"(anonymous_0)","decl":{"start":{"line":19,"column":7},"end":{"line":19,"column":null}},"loc":{"start":{"line":19,"column":7},"end":{"line":23,"column":null}}}},"branchMap":{},"s":{"0":0,"1":0,"2":0,"3":0,"4":0},"f":{"0":0},"b":{}}
,"/Users/zeki/Documents/Projects/personal/js_challenge_jagaad_zeki-oztorun/src/router/index.ts": {"path":"/Users/zeki/Documents/Projects/personal/js_challenge_jagaad_zeki-oztorun/src/router/index.ts","statementMap":{"0":{"start":{"line":1,"column":0},"end":{"line":1,"column":null}},"1":{"start":{"line":2,"column":0},"end":{"line":2,"column":null}},"2":{"start":{"line":4,"column":38},"end":{"line":4,"column":null}},"3":{"start":{"line":12,"column":15},"end":{"line":12,"column":28}},"4":{"start":{"line":16,"column":4},"end":{"line":16,"column":11}},"5":{"start":{"line":20,"column":15},"end":{"line":20,"column":null}}},"fnMap":{"0":{"name":"(anonymous_0)","decl":{"start":{"line":15,"column":2},"end":{"line":15,"column":16}},"loc":{"start":{"line":15,"column":16},"end":{"line":17,"column":null}}}},"branchMap":{},"s":{"0":0,"1":0,"2":0,"3":0,"4":0,"5":0},"f":{"0":0},"b":{}}
,"/Users/zeki/Documents/Projects/personal/js_challenge_jagaad_zeki-oztorun/src/services/activities.service.ts": {"path":"/Users/zeki/Documents/Projects/personal/js_challenge_jagaad_zeki-oztorun/src/services/activities.service.ts","statementMap":{"0":{"start":{"line":1,"column":0},"end":{"line":1,"column":null}},"1":{"start":{"line":6,"column":15},"end":{"line":6,"column":null}},"2":{"start":{"line":8,"column":4},"end":{"line":8,"column":11}},"3":{"start":{"line":11,"column":4},"end":{"line":11,"column":11}}},"fnMap":{"0":{"name":"(anonymous_0)","decl":{"start":{"line":7,"column":23},"end":{"line":7,"column":72}},"loc":{"start":{"line":7,"column":72},"end":{"line":9,"column":null}}},"1":{"name":"(anonymous_1)","decl":{"start":{"line":10,"column":18},"end":{"line":10,"column":71}},"loc":{"start":{"line":10,"column":71},"end":{"line":12,"column":null}}}},"branchMap":{},"s":{"0":0,"1":0,"2":0,"3":0},"f":{"0":0,"1":0},"b":{}}
,"/Users/zeki/Documents/Projects/personal/js_challenge_jagaad_zeki-oztorun/src/services/apiClient.ts": {"path":"/Users/zeki/Documents/Projects/personal/js_challenge_jagaad_zeki-oztorun/src/services/apiClient.ts","statementMap":{"0":{"start":{"line":1,"column":0},"end":{"line":1,"column":null}},"1":{"start":{"line":3,"column":33},"end":{"line":3,"column":39}},"2":{"start":{"line":13,"column":15},"end":{"line":13,"column":null}}},"fnMap":{},"branchMap":{},"s":{"0":0,"1":0,"2":0},"f":{},"b":{}}
,"/Users/zeki/Documents/Projects/personal/js_challenge_jagaad_zeki-oztorun/src/services/index.ts": {"path":"/Users/zeki/Documents/Projects/personal/js_challenge_jagaad_zeki-oztorun/src/services/index.ts","statementMap":{"0":{"start":{"line":1,"column":0},"end":{"line":1,"column":null}},"1":{"start":{"line":9,"column":15},"end":{"line":9,"column":null}}},"fnMap":{},"branchMap":{},"s":{"0":0,"1":0},"f":{},"b":{}}
,"/Users/zeki/Documents/Projects/personal/js_challenge_jagaad_zeki-oztorun/src/store/constants.ts": {"path":"/Users/zeki/Documents/Projects/personal/js_challenge_jagaad_zeki-oztorun/src/store/constants.ts","statementMap":{"0":{"start":{"line":1,"column":0},"end":{"line":1,"column":null}},"1":{"start":{"line":13,"column":26},"end":{"line":13,"column":null}},"2":{"start":{"line":19,"column":25},"end":{"line":19,"column":null}},"3":{"start":{"line":25,"column":30},"end":{"line":25,"column":null}}},"fnMap":{},"branchMap":{},"s":{"0":0,"1":0,"2":0,"3":0},"f":{},"b":{}}
,"/Users/zeki/Documents/Projects/personal/js_challenge_jagaad_zeki-oztorun/src/store/enums.ts": {"path":"/Users/zeki/Documents/Projects/personal/js_challenge_jagaad_zeki-oztorun/src/store/enums.ts","statementMap":{"0":{"start":{"line":1,"column":0},"end":{"line":1,"column":12}},"1":{"start":{"line":2,"column":2},"end":{"line":2,"column":null}},"2":{"start":{"line":3,"column":2},"end":{"line":3,"column":null}},"3":{"start":{"line":4,"column":2},"end":{"line":4,"column":null}},"4":{"start":{"line":6,"column":0},"end":{"line":6,"column":12}},"5":{"start":{"line":7,"column":2},"end":{"line":7,"column":null}},"6":{"start":{"line":8,"column":2},"end":{"line":8,"column":null}},"7":{"start":{"line":9,"column":2},"end":{"line":9,"column":null}},"8":{"start":{"line":10,"column":2},"end":{"line":10,"column":null}},"9":{"start":{"line":11,"column":2},"end":{"line":11,"column":null}},"10":{"start":{"line":13,"column":0},"end":{"line":13,"column":12}},"11":{"start":{"line":14,"column":2},"end":{"line":14,"column":null}},"12":{"start":{"line":15,"column":2},"end":{"line":15,"column":null}},"13":{"start":{"line":16,"column":2},"end":{"line":16,"column":null}},"14":{"start":{"line":17,"column":2},"end":{"line":17,"column":null}},"15":{"start":{"line":19,"column":0},"end":{"line":19,"column":12}},"16":{"start":{"line":20,"column":2},"end":{"line":20,"column":null}},"17":{"start":{"line":21,"column":2},"end":{"line":21,"column":null}},"18":{"start":{"line":23,"column":0},"end":{"line":23,"column":12}},"19":{"start":{"line":24,"column":2},"end":{"line":24,"column":null}},"20":{"start":{"line":25,"column":2},"end":{"line":25,"column":null}},"21":{"start":{"line":27,"column":0},"end":{"line":27,"column":12}},"22":{"start":{"line":28,"column":2},"end":{"line":28,"column":null}},"23":{"start":{"line":29,"column":2},"end":{"line":29,"column":null}},"24":{"start":{"line":31,"column":0},"end":{"line":31,"column":12}},"25":{"start":{"line":32,"column":2},"end":{"line":32,"column":null}},"26":{"start":{"line":33,"column":2},"end":{"line":33,"column":null}},"27":{"start":{"line":35,"column":0},"end":{"line":35,"column":12}},"28":{"start":{"line":36,"column":2},"end":{"line":36,"column":null}},"29":{"start":{"line":37,"column":2},"end":{"line":37,"column":null}},"30":{"start":{"line":39,"column":0},"end":{"line":39,"column":12}},"31":{"start":{"line":40,"column":2},"end":{"line":40,"column":null}}},"fnMap":{"0":{"name":"(anonymous_0)","decl":{"start":{"line":1,"column":0},"end":{"line":1,"column":12}},"loc":{"start":{"line":1,"column":23},"end":{"line":5,"column":null}}},"1":{"name":"(anonymous_1)","decl":{"start":{"line":6,"column":0},"end":{"line":6,"column":12}},"loc":{"start":{"line":6,"column":25},"end":{"line":12,"column":null}}},"2":{"name":"(anonymous_2)","decl":{"start":{"line":13,"column":0},"end":{"line":13,"column":12}},"loc":{"start":{"line":13,"column":23},"end":{"line":18,"column":null}}},"3":{"name":"(anonymous_3)","decl":{"start":{"line":19,"column":0},"end":{"line":19,"column":12}},"loc":{"start":{"line":19,"column":24},"end":{"line":22,"column":null}}},"4":{"name":"(anonymous_4)","decl":{"start":{"line":23,"column":0},"end":{"line":23,"column":12}},"loc":{"start":{"line":23,"column":22},"end":{"line":26,"column":null}}},"5":{"name":"(anonymous_5)","decl":{"start":{"line":27,"column":0},"end":{"line":27,"column":12}},"loc":{"start":{"line":27,"column":22},"end":{"line":30,"column":null}}},"6":{"name":"(anonymous_6)","decl":{"start":{"line":31,"column":0},"end":{"line":31,"column":12}},"loc":{"start":{"line":31,"column":29},"end":{"line":34,"column":null}}},"7":{"name":"(anonymous_7)","decl":{"start":{"line":35,"column":0},"end":{"line":35,"column":12}},"loc":{"start":{"line":35,"column":27},"end":{"line":38,"column":null}}},"8":{"name":"(anonymous_8)","decl":{"start":{"line":39,"column":0},"end":{"line":39,"column":12}},"loc":{"start":{"line":39,"column":27},"end":{"line":41,"column":null}}}},"branchMap":{"0":{"loc":{"start":{"line":1,"column":12},"end":{"line":1,"column":23}},"type":"binary-expr","locations":[{"start":{"line":1,"column":12},"end":{"line":1,"column":23}},{"start":{"line":1,"column":23},"end":{"line":1,"column":null}}]},"1":{"loc":{"start":{"line":6,"column":12},"end":{"line":6,"column":25}},"type":"binary-expr","locations":[{"start":{"line":6,"column":12},"end":{"line":6,"column":25}},{"start":{"line":6,"column":25},"end":{"line":6,"column":null}}]},"2":{"loc":{"start":{"line":13,"column":12},"end":{"line":13,"column":23}},"type":"binary-expr","locations":[{"start":{"line":13,"column":12},"end":{"line":13,"column":23}},{"start":{"line":13,"column":23},"end":{"line":13,"column":null}}]},"3":{"loc":{"start":{"line":19,"column":12},"end":{"line":19,"column":24}},"type":"binary-expr","locations":[{"start":{"line":19,"column":12},"end":{"line":19,"column":24}},{"start":{"line":19,"column":24},"end":{"line":19,"column":null}}]},"4":{"loc":{"start":{"line":23,"column":12},"end":{"line":23,"column":22}},"type":"binary-expr","locations":[{"start":{"line":23,"column":12},"end":{"line":23,"column":22}},{"start":{"line":23,"column":22},"end":{"line":23,"column":null}}]},"5":{"loc":{"start":{"line":27,"column":12},"end":{"line":27,"column":22}},"type":"binary-expr","locations":[{"start":{"line":27,"column":12},"end":{"line":27,"column":22}},{"start":{"line":27,"column":22},"end":{"line":27,"column":null}}]},"6":{"loc":{"start":{"line":31,"column":12},"end":{"line":31,"column":29}},"type":"binary-expr","locations":[{"start":{"line":31,"column":12},"end":{"line":31,"column":29}},{"start":{"line":31,"column":29},"end":{"line":31,"column":null}}]},"7":{"loc":{"start":{"line":35,"column":12},"end":{"line":35,"column":27}},"type":"binary-expr","locations":[{"start":{"line":35,"column":12},"end":{"line":35,"column":27}},{"start":{"line":35,"column":27},"end":{"line":35,"column":null}}]},"8":{"loc":{"start":{"line":39,"column":12},"end":{"line":39,"column":27}},"type":"binary-expr","locations":[{"start":{"line":39,"column":12},"end":{"line":39,"column":27}},{"start":{"line":39,"column":27},"end":{"line":39,"column":null}}]}},"s":{"0":0,"1":0,"2":0,"3":0,"4":0,"5":0,"6":0,"7":0,"8":0,"9":0,"10":0,"11":0,"12":0,"13":0,"14":0,"15":0,"16":0,"17":0,"18":0,"19":0,"20":0,"21":0,"22":0,"23":0,"24":0,"25":0,"26":0,"27":0,"28":0,"29":0,"30":0,"31":0},"f":{"0":0,"1":0,"2":0,"3":0,"4":0,"5":0,"6":0,"7":0,"8":0},"b":{"0":[0,0],"1":[0,0],"2":[0,0],"3":[0,0],"4":[0,0],"5":[0,0],"6":[0,0],"7":[0,0],"8":[0,0]}}
,"/Users/zeki/Documents/Projects/personal/js_challenge_jagaad_zeki-oztorun/src/store/index.ts": {"path":"/Users/zeki/Documents/Projects/personal/js_challenge_jagaad_zeki-oztorun/src/store/index.ts","statementMap":{"0":{"start":{"line":1,"column":0},"end":{"line":1,"column":null}},"1":{"start":{"line":7,"column":0},"end":{"line":7,"column":null}},"2":{"start":{"line":9,"column":15},"end":{"line":9,"column":39}}},"fnMap":{},"branchMap":{},"s":{"0":0,"1":0,"2":0},"f":{},"b":{}}
,"/Users/zeki/Documents/Projects/personal/js_challenge_jagaad_zeki-oztorun/src/store/interfaces.ts": {"path":"/Users/zeki/Documents/Projects/personal/js_challenge_jagaad_zeki-oztorun/src/store/interfaces.ts","statementMap":{"0":{"start":{"line":2,"column":0},"end":{"line":2,"column":null}}},"fnMap":{},"branchMap":{},"s":{"0":0},"f":{},"b":{}}
,"/Users/zeki/Documents/Projects/personal/js_challenge_jagaad_zeki-oztorun/src/store/modules/bag/actions.ts": {"path":"/Users/zeki/Documents/Projects/personal/js_challenge_jagaad_zeki-oztorun/src/store/modules/bag/actions.ts","statementMap":{"0":{"start":{"line":8,"column":0},"end":{"line":8,"column":null}},"1":{"start":{"line":11,"column":20},"end":{"line":11,"column":null}},"2":{"start":{"line":13,"column":4},"end":{"line":13,"column":10}},"3":{"start":{"line":16,"column":4},"end":{"line":16,"column":10}}},"fnMap":{"0":{"name":"(anonymous_0)","decl":{"start":{"line":12,"column":2},"end":{"line":12,"column":3}},"loc":{"start":{"line":12,"column":64},"end":{"line":14,"column":null}}},"1":{"name":"(anonymous_1)","decl":{"start":{"line":15,"column":2},"end":{"line":15,"column":3}},"loc":{"start":{"line":15,"column":67},"end":{"line":17,"column":null}}}},"branchMap":{},"s":{"0":0,"1":0,"2":0,"3":0},"f":{"0":0,"1":0},"b":{}}
,"/Users/zeki/Documents/Projects/personal/js_challenge_jagaad_zeki-oztorun/src/store/modules/bag/getters.ts": {"path":"/Users/zeki/Documents/Projects/personal/js_challenge_jagaad_zeki-oztorun/src/store/modules/bag/getters.ts","statementMap":{"0":{"start":{"line":1,"column":0},"end":{"line":1,"column":null}},"1":{"start":{"line":10,"column":20},"end":{"line":10,"column":null}},"2":{"start":{"line":12,"column":4},"end":{"line":12,"column":11}}},"fnMap":{"0":{"name":"(anonymous_0)","decl":{"start":{"line":11,"column":39},"end":{"line":11,"column":63}},"loc":{"start":{"line":11,"column":63},"end":{"line":13,"column":null}}}},"branchMap":{},"s":{"0":0,"1":0,"2":0},"f":{"0":0},"b":{}}
,"/Users/zeki/Documents/Projects/personal/js_challenge_jagaad_zeki-oztorun/src/store/modules/bag/index.ts": {"path":"/Users/zeki/Documents/Projects/personal/js_challenge_jagaad_zeki-oztorun/src/store/modules/bag/index.ts","statementMap":{"0":{"start":{"line":3,"column":0},"end":{"line":3,"column":null}},"1":{"start":{"line":4,"column":0},"end":{"line":4,"column":null}},"2":{"start":{"line":5,"column":0},"end":{"line":5,"column":null}},"3":{"start":{"line":6,"column":0},"end":{"line":6,"column":null}},"4":{"start":{"line":9,"column":47},"end":{"line":9,"column":null}},"5":{"start":{"line":16,"column":15},"end":{"line":16,"column":null}}},"fnMap":{},"branchMap":{},"s":{"0":0,"1":0,"2":0,"3":0,"4":0,"5":0},"f":{},"b":{}}
,"/Users/zeki/Documents/Projects/personal/js_challenge_jagaad_zeki-oztorun/src/store/modules/bag/mutations.ts": {"path":"/Users/zeki/Documents/Projects/personal/js_challenge_jagaad_zeki-oztorun/src/store/modules/bag/mutations.ts","statementMap":{"0":{"start":{"line":3,"column":0},"end":{"line":3,"column":null}},"1":{"start":{"line":6,"column":22},"end":{"line":6,"column":null}},"2":{"start":{"line":8,"column":25},"end":{"line":8,"column":30}},"3":{"start":{"line":8,"column":53},"end":{"line":8,"column":null}},"4":{"start":{"line":9,"column":4},"end":{"line":15,"column":null}},"5":{"start":{"line":10,"column":6},"end":{"line":10,"column":11}},"6":{"start":{"line":14,"column":6},"end":{"line":14,"column":11}},"7":{"start":{"line":18,"column":4},"end":{"line":18,"column":9}},"8":{"start":{"line":18,"column":51},"end":{"line":18,"column":null}},"9":{"start":{"line":19,"column":4},"end":{"line":19,"column":9}}},"fnMap":{"0":{"name":"(anonymous_0)","decl":{"start":{"line":7,"column":2},"end":{"line":7,"column":3}},"loc":{"start":{"line":7,"column":76},"end":{"line":16,"column":null}}},"1":{"name":"(anonymous_1)","decl":{"start":{"line":8,"column":45},"end":{"line":8,"column":49}},"loc":{"start":{"line":8,"column":53},"end":{"line":8,"column":null}}},"2":{"name":"(anonymous_2)","decl":{"start":{"line":17,"column":2},"end":{"line":17,"column":3}},"loc":{"start":{"line":17,"column":69},"end":{"line":20,"column":null}}},"3":{"name":"(anonymous_3)","decl":{"start":{"line":18,"column":43},"end":{"line":18,"column":47}},"loc":{"start":{"line":18,"column":51},"end":{"line":18,"column":null}}}},"branchMap":{"0":{"loc":{"start":{"line":9,"column":4},"end":{"line":15,"column":null}},"type":"if","locations":[{"start":{"line":9,"column":4},"end":{"line":15,"column":null}},{"start":{"line":9,"column":4},"end":{"line":15,"column":null}}]},"1":{"loc":{"start":{"line":14,"column":45},"end":{"line":14,"column":76}},"type":"binary-expr","locations":[{"start":{"line":14,"column":45},"end":{"line":14,"column":76}},{"start":{"line":14,"column":76},"end":{"line":14,"column":null}}]},"2":{"loc":{"start":{"line":19,"column":43},"end":{"line":19,"column":74}},"type":"binary-expr","locations":[{"start":{"line":19,"column":43},"end":{"line":19,"column":74}},{"start":{"line":19,"column":74},"end":{"line":19,"column":null}}]}},"s":{"0":0,"1":0,"2":0,"3":0,"4":0,"5":0,"6":0,"7":0,"8":0,"9":0},"f":{"0":0,"1":0,"2":0,"3":0},"b":{"0":[0,0],"1":[0,0],"2":[0,0]}}
,"/Users/zeki/Documents/Projects/personal/js_challenge_jagaad_zeki-oztorun/src/store/modules/bag/state.ts": {"path":"/Users/zeki/Documents/Projects/personal/js_challenge_jagaad_zeki-oztorun/src/store/modules/bag/state.ts","statementMap":{"0":{"start":{"line":3,"column":36},"end":{"line":3,"column":null}}},"fnMap":{},"branchMap":{},"s":{"0":0},"f":{},"b":{}}
,"/Users/zeki/Documents/Projects/personal/js_challenge_jagaad_zeki-oztorun/src/store/modules/root/actions.ts": {"path":"/Users/zeki/Documents/Projects/personal/js_challenge_jagaad_zeki-oztorun/src/store/modules/root/actions.ts","statementMap":{"0":{"start":{"line":4,"column":0},"end":{"line":4,"column":null}},"1":{"start":{"line":6,"column":78},"end":{"line":6,"column":null}},"2":{"start":{"line":8,"column":4},"end":{"line":8,"column":10}},"3":{"start":{"line":11,"column":4},"end":{"line":11,"column":10}},"4":{"start":{"line":14,"column":4},"end":{"line":14,"column":10}}},"fnMap":{"0":{"name":"(anonymous_0)","decl":{"start":{"line":7,"column":2},"end":{"line":7,"column":3}},"loc":{"start":{"line":7,"column":65},"end":{"line":9,"column":null}}},"1":{"name":"(anonymous_1)","decl":{"start":{"line":10,"column":2},"end":{"line":10,"column":3}},"loc":{"start":{"line":10,"column":65},"end":{"line":12,"column":null}}},"2":{"name":"(anonymous_2)","decl":{"start":{"line":13,"column":2},"end":{"line":13,"column":3}},"loc":{"start":{"line":13,"column":61},"end":{"line":15,"column":null}}}},"branchMap":{},"s":{"0":0,"1":0,"2":0,"3":0,"4":0},"f":{"0":0,"1":0,"2":0},"b":{}}
,"/Users/zeki/Documents/Projects/personal/js_challenge_jagaad_zeki-oztorun/src/store/modules/root/getters.ts": {"path":"/Users/zeki/Documents/Projects/personal/js_challenge_jagaad_zeki-oztorun/src/store/modules/root/getters.ts","statementMap":{"0":{"start":{"line":1,"column":0},"end":{"line":1,"column":null}},"1":{"start":{"line":5,"column":79},"end":{"line":5,"column":null}},"2":{"start":{"line":7,"column":4},"end":{"line":7,"column":11}}},"fnMap":{"0":{"name":"(anonymous_0)","decl":{"start":{"line":6,"column":40},"end":{"line":6,"column":69}},"loc":{"start":{"line":6,"column":69},"end":{"line":8,"column":null}}}},"branchMap":{},"s":{"0":0,"1":0,"2":0},"f":{"0":0},"b":{}}
,"/Users/zeki/Documents/Projects/personal/js_challenge_jagaad_zeki-oztorun/src/store/modules/root/index.ts": {"path":"/Users/zeki/Documents/Projects/personal/js_challenge_jagaad_zeki-oztorun/src/store/modules/root/index.ts","statementMap":{"0":{"start":{"line":3,"column":0},"end":{"line":3,"column":null}},"1":{"start":{"line":4,"column":0},"end":{"line":4,"column":null}},"2":{"start":{"line":5,"column":0},"end":{"line":5,"column":null}},"3":{"start":{"line":6,"column":0},"end":{"line":6,"column":null}},"4":{"start":{"line":7,"column":0},"end":{"line":7,"column":null}},"5":{"start":{"line":8,"column":0},"end":{"line":8,"column":null}},"6":{"start":{"line":11,"column":40},"end":{"line":11,"column":null}},"7":{"start":{"line":16,"column":45},"end":{"line":16,"column":null}},"8":{"start":{"line":24,"column":15},"end":{"line":24,"column":null}}},"fnMap":{},"branchMap":{},"s":{"0":0,"1":0,"2":0,"3":0,"4":0,"5":0,"6":0,"7":0,"8":0},"f":{},"b":{}}
,"/Users/zeki/Documents/Projects/personal/js_challenge_jagaad_zeki-oztorun/src/store/modules/root/mutations.ts": {"path":"/Users/zeki/Documents/Projects/personal/js_challenge_jagaad_zeki-oztorun/src/store/modules/root/mutations.ts","statementMap":{"0":{"start":{"line":3,"column":0},"end":{"line":3,"column":null}},"1":{"start":{"line":5,"column":72},"end":{"line":5,"column":null}},"2":{"start":{"line":7,"column":4},"end":{"line":7,"column":9}},"3":{"start":{"line":10,"column":4},"end":{"line":10,"column":9}},"4":{"start":{"line":13,"column":4},"end":{"line":13,"column":9}}},"fnMap":{"0":{"name":"(anonymous_0)","decl":{"start":{"line":6,"column":2},"end":{"line":6,"column":3}},"loc":{"start":{"line":6,"column":74},"end":{"line":8,"column":null}}},"1":{"name":"(anonymous_1)","decl":{"start":{"line":9,"column":2},"end":{"line":9,"column":3}},"loc":{"start":{"line":9,"column":74},"end":{"line":11,"column":null}}},"2":{"name":"(anonymous_2)","decl":{"start":{"line":12,"column":2},"end":{"line":12,"column":3}},"loc":{"start":{"line":12,"column":70},"end":{"line":14,"column":null}}}},"branchMap":{},"s":{"0":0,"1":0,"2":0,"3":0,"4":0},"f":{"0":0,"1":0,"2":0},"b":{}}
,"/Users/zeki/Documents/Projects/personal/js_challenge_jagaad_zeki-oztorun/src/store/modules/root/state.ts": {"path":"/Users/zeki/Documents/Projects/personal/js_challenge_jagaad_zeki-oztorun/src/store/modules/root/state.ts","statementMap":{"0":{"start":{"line":3,"column":33},"end":{"line":3,"column":null}}},"fnMap":{},"branchMap":{},"s":{"0":0},"f":{},"b":{}}
,"/Users/zeki/Documents/Projects/personal/js_challenge_jagaad_zeki-oztorun/src/store/modules/wishlist/actions.ts": {"path":"/Users/zeki/Documents/Projects/personal/js_challenge_jagaad_zeki-oztorun/src/store/modules/wishlist/actions.ts","statementMap":{"0":{"start":{"line":8,"column":0},"end":{"line":8,"column":null}},"1":{"start":{"line":11,"column":25},"end":{"line":11,"column":null}},"2":{"start":{"line":13,"column":4},"end":{"line":13,"column":10}},"3":{"start":{"line":16,"column":4},"end":{"line":16,"column":10}}},"fnMap":{"0":{"name":"(anonymous_0)","decl":{"start":{"line":12,"column":2},"end":{"line":12,"column":3}},"loc":{"start":{"line":12,"column":74},"end":{"line":14,"column":null}}},"1":{"name":"(anonymous_1)","decl":{"start":{"line":15,"column":2},"end":{"line":15,"column":3}},"loc":{"start":{"line":15,"column":77},"end":{"line":17,"column":null}}}},"branchMap":{},"s":{"0":0,"1":0,"2":0,"3":0},"f":{"0":0,"1":0},"b":{}}
,"/Users/zeki/Documents/Projects/personal/js_challenge_jagaad_zeki-oztorun/src/store/modules/wishlist/getters.ts": {"path":"/Users/zeki/Documents/Projects/personal/js_challenge_jagaad_zeki-oztorun/src/store/modules/wishlist/getters.ts","statementMap":{"0":{"start":{"line":1,"column":0},"end":{"line":1,"column":null}},"1":{"start":{"line":10,"column":25},"end":{"line":10,"column":null}},"2":{"start":{"line":12,"column":4},"end":{"line":12,"column":11}}},"fnMap":{"0":{"name":"(anonymous_0)","decl":{"start":{"line":11,"column":49},"end":{"line":11,"column":78}},"loc":{"start":{"line":11,"column":78},"end":{"line":13,"column":null}}}},"branchMap":{},"s":{"0":0,"1":0,"2":0},"f":{"0":0},"b":{}}
,"/Users/zeki/Documents/Projects/personal/js_challenge_jagaad_zeki-oztorun/src/store/modules/wishlist/index.ts": {"path":"/Users/zeki/Documents/Projects/personal/js_challenge_jagaad_zeki-oztorun/src/store/modules/wishlist/index.ts","statementMap":{"0":{"start":{"line":3,"column":0},"end":{"line":3,"column":null}},"1":{"start":{"line":4,"column":0},"end":{"line":4,"column":null}},"2":{"start":{"line":5,"column":0},"end":{"line":5,"column":null}},"3":{"start":{"line":6,"column":0},"end":{"line":6,"column":null}},"4":{"start":{"line":9,"column":57},"end":{"line":9,"column":null}},"5":{"start":{"line":16,"column":15},"end":{"line":16,"column":null}}},"fnMap":{},"branchMap":{},"s":{"0":0,"1":0,"2":0,"3":0,"4":0,"5":0},"f":{},"b":{}}
,"/Users/zeki/Documents/Projects/personal/js_challenge_jagaad_zeki-oztorun/src/store/modules/wishlist/mutations.ts": {"path":"/Users/zeki/Documents/Projects/personal/js_challenge_jagaad_zeki-oztorun/src/store/modules/wishlist/mutations.ts","statementMap":{"0":{"start":{"line":3,"column":0},"end":{"line":3,"column":null}},"1":{"start":{"line":6,"column":27},"end":{"line":6,"column":null}},"2":{"start":{"line":8,"column":25},"end":{"line":8,"column":30}},"3":{"start":{"line":8,"column":58},"end":{"line":8,"column":null}},"4":{"start":{"line":9,"column":4},"end":{"line":14,"column":null}},"5":{"start":{"line":10,"column":6},"end":{"line":10,"column":11}},"6":{"start":{"line":17,"column":4},"end":{"line":17,"column":9}},"7":{"start":{"line":17,"column":61},"end":{"line":17,"column":null}}},"fnMap":{"0":{"name":"(anonymous_0)","decl":{"start":{"line":7,"column":2},"end":{"line":7,"column":3}},"loc":{"start":{"line":7,"column":91},"end":{"line":15,"column":null}}},"1":{"name":"(anonymous_1)","decl":{"start":{"line":8,"column":50},"end":{"line":8,"column":54}},"loc":{"start":{"line":8,"column":58},"end":{"line":8,"column":null}}},"2":{"name":"(anonymous_2)","decl":{"start":{"line":16,"column":2},"end":{"line":16,"column":3}},"loc":{"start":{"line":16,"column":84},"end":{"line":18,"column":null}}},"3":{"name":"(anonymous_3)","decl":{"start":{"line":17,"column":53},"end":{"line":17,"column":57}},"loc":{"start":{"line":17,"column":61},"end":{"line":17,"column":null}}}},"branchMap":{"0":{"loc":{"start":{"line":9,"column":4},"end":{"line":14,"column":null}},"type":"if","locations":[{"start":{"line":9,"column":4},"end":{"line":14,"column":null}},{"start":{"line":9,"column":4},"end":{"line":14,"column":null}}]}},"s":{"0":0,"1":0,"2":0,"3":0,"4":0,"5":0,"6":0,"7":0},"f":{"0":0,"1":0,"2":0,"3":0},"b":{"0":[0,0]}}
,"/Users/zeki/Documents/Projects/personal/js_challenge_jagaad_zeki-oztorun/src/store/modules/wishlist/state.ts": {"path":"/Users/zeki/Documents/Projects/personal/js_challenge_jagaad_zeki-oztorun/src/store/modules/wishlist/state.ts","statementMap":{"0":{"start":{"line":3,"column":41},"end":{"line":3,"column":null}}},"fnMap":{},"branchMap":{},"s":{"0":0},"f":{},"b":{}}
,"/Users/zeki/Documents/Projects/personal/js_challenge_jagaad_zeki-oztorun/src/use/useAxios.ts": {"path":"/Users/zeki/Documents/Projects/personal/js_challenge_jagaad_zeki-oztorun/src/use/useAxios.ts","statementMap":{"0":{"start":{"line":2,"column":0},"end":{"line":2,"column":null}},"1":{"start":{"line":3,"column":0},"end":{"line":3,"column":null}},"2":{"start":{"line":8,"column":16},"end":{"line":8,"column":25}},"3":{"start":{"line":14,"column":18},"end":{"line":27,"column":null}},"4":{"start":{"line":15,"column":4},"end":{"line":15,"column":9}},"5":{"start":{"line":16,"column":4},"end":{"line":16,"column":9}},"6":{"start":{"line":17,"column":4},"end":{"line":17,"column":9}},"7":{"start":{"line":19,"column":4},"end":{"line":25,"column":null}},"8":{"start":{"line":20,"column":23},"end":{"line":20,"column":33}},"9":{"start":{"line":21,"column":6},"end":{"line":21,"column":11}},"10":{"start":{"line":24,"column":6},"end":{"line":24,"column":11}},"11":{"start":{"line":26,"column":4},"end":{"line":26,"column":9}},"12":{"start":{"line":29,"column":2},"end":{"line":29,"column":9}}},"fnMap":{"0":{"name":"useAxios","decl":{"start":{"line":7,"column":16},"end":{"line":7,"column":25}},"loc":{"start":{"line":7,"column":80},"end":{"line":33,"column":null}}},"1":{"name":"(anonymous_1)","decl":{"start":{"line":14,"column":18},"end":{"line":14,"column":29}},"loc":{"start":{"line":14,"column":29},"end":{"line":27,"column":null}}}},"branchMap":{},"s":{"0":0,"1":0,"2":0,"3":0,"4":0,"5":0,"6":0,"7":0,"8":0,"9":0,"10":0,"11":0,"12":0},"f":{"0":0,"1":0},"b":{}}
,"/Users/zeki/Documents/Projects/personal/js_challenge_jagaad_zeki-oztorun/src/use/usePagination.ts": {"path":"/Users/zeki/Documents/Projects/personal/js_challenge_jagaad_zeki-oztorun/src/use/usePagination.ts","statementMap":{"0":{"start":{"line":1,"column":0},"end":{"line":1,"column":null}},"1":{"start":{"line":29,"column":16},"end":{"line":29,"column":25}},"2":{"start":{"line":36,"column":2},"end":{"line":36,"column":null}},"3":{"start":{"line":37,"column":10},"end":{"line":37,"column":null}},"4":{"start":{"line":39,"column":6},"end":{"line":41,"column":null}},"5":{"start":{"line":40,"column":8},"end":{"line":40,"column":13}},"6":{"start":{"line":48,"column":19},"end":{"line":48,"column":28}},"7":{"start":{"line":48,"column":34},"end":{"line":48,"column":38}},"8":{"start":{"line":50,"column":16},"end":{"line":52,"column":null}},"9":{"start":{"line":51,"column":4},"end":{"line":51,"column":9}},"10":{"start":{"line":53,"column":15},"end":{"line":53,"column":27}},"11":{"start":{"line":53,"column":22},"end":{"line":53,"column":27}},"12":{"start":{"line":54,"column":15},"end":{"line":54,"column":27}},"13":{"start":{"line":54,"column":22},"end":{"line":54,"column":27}},"14":{"start":{"line":55,"column":16},"end":{"line":55,"column":28}},"15":{"start":{"line":55,"column":23},"end":{"line":55,"column":28}},"16":{"start":{"line":56,"column":15},"end":{"line":56,"column":27}},"17":{"start":{"line":56,"column":22},"end":{"line":56,"column":27}},"18":{"start":{"line":58,"column":23},"end":{"line":58,"column":32}},"19":{"start":{"line":59,"column":22},"end":{"line":59,"column":null}},"20":{"start":{"line":60,"column":21},"end":{"line":60,"column":null}},"21":{"start":{"line":61,"column":21},"end":{"line":61,"column":null}},"22":{"start":{"line":62,"column":22},"end":{"line":62,"column":null}},"23":{"start":{"line":64,"column":4},"end":{"line":64,"column":11}},"24":{"start":{"line":75,"column":2},"end":{"line":75,"column":null}},"25":{"start":{"line":76,"column":10},"end":{"line":76,"column":null}},"26":{"start":{"line":78,"column":6},"end":{"line":80,"column":null}},"27":{"start":{"line":79,"column":8},"end":{"line":79,"column":14}},"28":{"start":{"line":86,"column":2},"end":{"line":86,"column":null}},"29":{"start":{"line":87,"column":10},"end":{"line":87,"column":null}},"30":{"start":{"line":89,"column":6},"end":{"line":89,"column":11}},"31":{"start":{"line":97,"column":2},"end":{"line":97,"column":9}}},"fnMap":{"0":{"name":"usePagination","decl":{"start":{"line":27,"column":16},"end":{"line":27,"column":30}},"loc":{"start":{"line":27,"column":56},"end":{"line":107,"column":null}}},"1":{"name":"(anonymous_1)","decl":{"start":{"line":37,"column":4},"end":{"line":37,"column":10}},"loc":{"start":{"line":37,"column":10},"end":{"line":37,"column":null}}},"2":{"name":"(anonymous_2)","decl":{"start":{"line":38,"column":5},"end":{"line":38,"column":15}},"loc":{"start":{"line":38,"column":15},"end":{"line":42,"column":null}}},"3":{"name":"(anonymous_3)","decl":{"start":{"line":48,"column":28},"end":{"line":48,"column":34}},"loc":{"start":{"line":48,"column":34},"end":{"line":48,"column":38}}},"4":{"name":"(anonymous_4)","decl":{"start":{"line":50,"column":16},"end":{"line":50,"column":31}},"loc":{"start":{"line":50,"column":31},"end":{"line":52,"column":null}}},"5":{"name":"(anonymous_5)","decl":{"start":{"line":53,"column":15},"end":{"line":53,"column":22}},"loc":{"start":{"line":53,"column":22},"end":{"line":53,"column":27}}},"6":{"name":"(anonymous_6)","decl":{"start":{"line":54,"column":15},"end":{"line":54,"column":22}},"loc":{"start":{"line":54,"column":22},"end":{"line":54,"column":27}}},"7":{"name":"(anonymous_7)","decl":{"start":{"line":55,"column":16},"end":{"line":55,"column":23}},"loc":{"start":{"line":55,"column":23},"end":{"line":55,"column":28}}},"8":{"name":"(anonymous_8)","decl":{"start":{"line":56,"column":15},"end":{"line":56,"column":22}},"loc":{"start":{"line":56,"column":22},"end":{"line":56,"column":27}}},"9":{"name":"(anonymous_9)","decl":{"start":{"line":58,"column":32},"end":{"line":58,"column":37}},"loc":{"start":{"line":58,"column":37},"end":{"line":73,"column":null}}},"10":{"name":"(anonymous_10)","decl":{"start":{"line":76,"column":4},"end":{"line":76,"column":10}},"loc":{"start":{"line":76,"column":10},"end":{"line":76,"column":null}}},"11":{"name":"(anonymous_11)","decl":{"start":{"line":77,"column":5},"end":{"line":77,"column":15}},"loc":{"start":{"line":77,"column":15},"end":{"line":81,"column":null}}},"12":{"name":"(anonymous_12)","decl":{"start":{"line":87,"column":4},"end":{"line":87,"column":10}},"loc":{"start":{"line":87,"column":10},"end":{"line":87,"column":null}}},"13":{"name":"(anonymous_13)","decl":{"start":{"line":88,"column":5},"end":{"line":88,"column":15}},"loc":{"start":{"line":88,"column":15},"end":{"line":90,"column":null}}}},"branchMap":{"0":{"loc":{"start":{"line":39,"column":6},"end":{"line":41,"column":null}},"type":"if","locations":[{"start":{"line":39,"column":6},"end":{"line":41,"column":null}},{"start":{"line":39,"column":6},"end":{"line":41,"column":null}}]},"1":{"loc":{"start":{"line":59,"column":46},"end":{"line":59,"column":50}},"type":"cond-expr","locations":[{"start":{"line":59,"column":46},"end":{"line":59,"column":50}},{"start":{"line":59,"column":50},"end":{"line":59,"column":null}}]},"2":{"loc":{"start":{"line":60,"column":46},"end":{"line":60,"column":70}},"type":"cond-expr","locations":[{"start":{"line":60,"column":46},"end":{"line":60,"column":70}},{"start":{"line":60,"column":70},"end":{"line":60,"column":null}}]},"3":{"loc":{"start":{"line":61,"column":59},"end":{"line":61,"column":66}},"type":"cond-expr","locations":[{"start":{"line":61,"column":59},"end":{"line":61,"column":66}},{"start":{"line":61,"column":66},"end":{"line":61,"column":null}}]},"4":{"loc":{"start":{"line":62,"column":62},"end":{"line":62,"column":79}},"type":"cond-expr","locations":[{"start":{"line":62,"column":62},"end":{"line":62,"column":79}},{"start":{"line":62,"column":79},"end":{"line":62,"column":null}}]},"5":{"loc":{"start":{"line":62,"column":22},"end":{"line":62,"column":30}},"type":"binary-expr","locations":[{"start":{"line":62,"column":22},"end":{"line":62,"column":30}},{"start":{"line":62,"column":34},"end":{"line":62,"column":62}}]},"6":{"loc":{"start":{"line":66,"column":18},"end":{"line":66,"column":26}},"type":"cond-expr","locations":[{"start":{"line":66,"column":18},"end":{"line":66,"column":26}},{"start":{"line":66,"column":26},"end":{"line":66,"column":null}}]},"7":{"loc":{"start":{"line":70,"column":18},"end":{"line":70,"column":26}},"type":"cond-expr","locations":[{"start":{"line":70,"column":18},"end":{"line":70,"column":26}},{"start":{"line":70,"column":26},"end":{"line":70,"column":null}}]},"8":{"loc":{"start":{"line":78,"column":6},"end":{"line":80,"column":null}},"type":"if","locations":[{"start":{"line":78,"column":6},"end":{"line":80,"column":null}},{"start":{"line":78,"column":6},"end":{"line":80,"column":null}}]}},"s":{"0":1,"1":12,"2":12,"3":25,"4":25,"5":2,"6":12,"7":13,"8":12,"9":4,"10":12,"11":1,"12":12,"13":1,"14":12,"15":1,"16":12,"17":1,"18":12,"19":1,"20":1,"21":1,"22":1,"23":1,"24":12,"25":34,"26":22,"27":2,"28":12,"29":23,"30":23,"31":12},"f":{"0":12,"1":25,"2":25,"3":13,"4":4,"5":1,"6":1,"7":1,"8":1,"9":1,"10":34,"11":22,"12":23,"13":23},"b":{"0":[2,23],"1":[0,1],"2":[0,1],"3":[0,1],"4":[1,0],"5":[1,1],"6":[0,1],"7":[1,0],"8":[2,20]}}
,"/Users/zeki/Documents/Projects/personal/js_challenge_jagaad_zeki-oztorun/src/use/useStore.ts": {"path":"/Users/zeki/Documents/Projects/personal/js_challenge_jagaad_zeki-oztorun/src/use/useStore.ts","statementMap":{"0":{"start":{"line":3,"column":0},"end":{"line":3,"column":null}},"1":{"start":{"line":8,"column":2},"end":{"line":8,"column":9}}},"fnMap":{"0":{"name":"useStore","decl":{"start":{"line":7,"column":16},"end":{"line":7,"column":24}},"loc":{"start":{"line":7,"column":24},"end":{"line":9,"column":null}}}},"branchMap":{},"s":{"0":0,"1":0},"f":{"0":0},"b":{}}
,"/Users/zeki/Documents/Projects/personal/js_challenge_jagaad_zeki-oztorun/src/views/Home.vue": {"path":"/Users/zeki/Documents/Projects/personal/js_challenge_jagaad_zeki-oztorun/src/views/Home.vue","statementMap":{"0":{"start":{"line":38,"column":0},"end":{"line":38,"column":null}},"1":{"start":{"line":39,"column":0},"end":{"line":39,"column":null}},"2":{"start":{"line":40,"column":0},"end":{"line":40,"column":null}},"3":{"start":{"line":41,"column":0},"end":{"line":41,"column":null}},"4":{"start":{"line":43,"column":0},"end":{"line":43,"column":null}},"5":{"start":{"line":44,"column":0},"end":{"line":44,"column":null}},"6":{"start":{"line":46,"column":0},"end":{"line":46,"column":null}},"7":{"start":{"line":49,"column":15},"end":{"line":49,"column":31}},"8":{"start":{"line":56,"column":18},"end":{"line":56,"column":null}},"9":{"start":{"line":57,"column":18},"end":{"line":57,"column":null}},"10":{"start":{"line":58,"column":17},"end":{"line":58,"column":null}},"11":{"start":{"line":59,"column":4},"end":{"line":59,"column":null}},"12":{"start":{"line":60,"column":12},"end":{"line":60,"column":17}},"13":{"start":{"line":66,"column":12},"end":{"line":66,"column":null}},"14":{"start":{"line":64,"column":24},"end":{"line":64,"column":null}},"15":{"start":{"line":65,"column":17},"end":{"line":65,"column":null}},"16":{"start":{"line":74,"column":8},"end":{"line":74,"column":15}},"17":{"start":{"line":75,"column":10},"end":{"line":75,"column":15}},"18":{"start":{"line":84,"column":16},"end":{"line":77,"column":null}},"19":{"start":{"line":84,"column":16},"end":{"line":78,"column":null}},"20":{"start":{"line":84,"column":16},"end":{"line":79,"column":null}},"21":{"start":{"line":84,"column":16},"end":{"line":80,"column":null}},"22":{"start":{"line":84,"column":16},"end":{"line":81,"column":null}},"23":{"start":{"line":84,"column":16},"end":{"line":82,"column":null}},"24":{"start":{"line":84,"column":16},"end":{"line":83,"column":null}},"25":{"start":{"line":86,"column":12},"end":{"line":86,"column":19}},"26":{"start":{"line":96,"column":10},"end":{"line":96,"column":15}},"27":{"start":{"line":105,"column":29},"end":{"line":107,"column":null}},"28":{"start":{"line":106,"column":6},"end":{"line":106,"column":11}},"29":{"start":{"line":109,"column":18},"end":{"line":109,"column":27}},"30":{"start":{"line":109,"column":33},"end":{"line":109,"column":38}},"31":{"start":{"line":111,"column":21},"end":{"line":111,"column":null}},"32":{"start":{"line":113,"column":8},"end":{"line":113,"column":10}},"33":{"start":{"line":115,"column":26},"end":{"line":115,"column":null}},"34":{"start":{"line":117,"column":8},"end":{"line":117,"column":10}},"35":{"start":{"line":119,"column":20},"end":{"line":119,"column":null}},"36":{"start":{"line":119,"column":38},"end":{"line":119,"column":46}},"37":{"start":{"line":119,"column":66},"end":{"line":119,"column":70}},"38":{"start":{"line":120,"column":25},"end":{"line":120,"column":null}},"39":{"start":{"line":120,"column":43},"end":{"line":120,"column":56}},"40":{"start":{"line":120,"column":76},"end":{"line":120,"column":80}},"41":{"start":{"line":121,"column":28},"end":{"line":127,"column":null}},"42":{"start":{"line":122,"column":6},"end":{"line":126,"column":null}},"43":{"start":{"line":123,"column":8},"end":{"line":123,"column":13}},"44":{"start":{"line":125,"column":8},"end":{"line":125,"column":13}},"45":{"start":{"line":129,"column":4},"end":{"line":129,"column":11}}},"fnMap":{"0":{"name":"(anonymous_0)","decl":{"start":{"line":55,"column":2},"end":{"line":55,"column":7}},"loc":{"start":{"line":55,"column":2},"end":{"line":137,"column":null}}},"1":{"name":"(anonymous_1)","decl":{"start":{"line":60,"column":6},"end":{"line":60,"column":12}},"loc":{"start":{"line":60,"column":6},"end":{"line":60,"column":null}}},"2":{"name":"(anonymous_2)","decl":{"start":{"line":61,"column":6},"end":{"line":61,"column":7}},"loc":{"start":{"line":61,"column":13},"end":{"line":98,"column":null}}},"3":{"name":"(anonymous_3)","decl":{"start":{"line":74,"column":23},"end":{"line":74,"column":null}},"loc":{"start":{"line":74,"column":23},"end":{"line":97,"column":null}}},"4":{"name":"(anonymous_4)","decl":{"start":{"line":75,"column":80},"end":{"line":75,"column":81}},"loc":{"start":{"line":75,"column":95},"end":{"line":95,"column":12}}},"5":{"name":"(anonymous_5)","decl":{"start":{"line":105,"column":29},"end":{"line":105,"column":30}},"loc":{"start":{"line":105,"column":44},"end":{"line":107,"column":null}}},"6":{"name":"(anonymous_6)","decl":{"start":{"line":109,"column":27},"end":{"line":109,"column":33}},"loc":{"start":{"line":109,"column":27},"end":{"line":109,"column":null}}},"7":{"name":"(anonymous_7)","decl":{"start":{"line":112,"column":6},"end":{"line":112,"column":null}},"loc":{"start":{"line":112,"column":6},"end":{"line":113,"column":null}}},"8":{"name":"(anonymous_8)","decl":{"start":{"line":116,"column":6},"end":{"line":116,"column":null}},"loc":{"start":{"line":116,"column":6},"end":{"line":117,"column":null}}},"9":{"name":"(anonymous_9)","decl":{"start":{"line":119,"column":20},"end":{"line":119,"column":21}},"loc":{"start":{"line":119,"column":33},"end":{"line":119,"column":null}}},"10":{"name":"(anonymous_10)","decl":{"start":{"line":119,"column":58},"end":{"line":119,"column":62}},"loc":{"start":{"line":119,"column":62},"end":{"line":119,"column":46}}},"11":{"name":"(anonymous_11)","decl":{"start":{"line":120,"column":25},"end":{"line":120,"column":26}},"loc":{"start":{"line":120,"column":38},"end":{"line":120,"column":null}}},"12":{"name":"(anonymous_12)","decl":{"start":{"line":120,"column":68},"end":{"line":120,"column":72}},"loc":{"start":{"line":120,"column":72},"end":{"line":120,"column":56}}},"13":{"name":"(anonymous_13)","decl":{"start":{"line":121,"column":28},"end":{"line":121,"column":29}},"loc":{"start":{"line":121,"column":43},"end":{"line":127,"column":null}}}},"branchMap":{"0":{"loc":{"start":{"line":58,"column":17},"end":{"line":58,"column":37}},"type":"binary-expr","locations":[{"start":{"line":58,"column":17},"end":{"line":58,"column":37}},{"start":{"line":58,"column":37},"end":{"line":58,"column":null}}]},"1":{"loc":{"start":{"line":69,"column":30},"end":{"line":69,"column":70}},"type":"cond-expr","locations":[{"start":{"line":69,"column":30},"end":{"line":69,"column":70}},{"start":{"line":69,"column":70},"end":{"line":69,"column":null}}]},"2":{"loc":{"start":{"line":95,"column":12},"end":{"line":95,"column":16}},"type":"cond-expr","locations":[{"start":{"line":95,"column":12},"end":{"line":95,"column":16}},{"start":{"line":95,"column":16},"end":{"line":95,"column":null}}]},"3":{"loc":{"start":{"line":75,"column":54},"end":{"line":95,"column":16}},"type":"binary-expr","locations":[{"start":{"line":75,"column":54},"end":{"line":95,"column":16}},{"start":{"line":95,"column":12},"end":{"line":95,"column":16}}]},"4":{"loc":{"start":{"line":96,"column":81},"end":{"line":96,"column":85}},"type":"cond-expr","locations":[{"start":{"line":96,"column":81},"end":{"line":96,"column":85}},{"start":{"line":96,"column":85},"end":{"line":96,"column":null}}]},"5":{"loc":{"start":{"line":96,"column":54},"end":{"line":96,"column":85}},"type":"binary-expr","locations":[{"start":{"line":96,"column":54},"end":{"line":96,"column":85}},{"start":{"line":96,"column":81},"end":{"line":96,"column":85}}]},"6":{"loc":{"start":{"line":122,"column":6},"end":{"line":126,"column":null}},"type":"if","locations":[{"start":{"line":122,"column":6},"end":{"line":126,"column":null}},{"start":{"line":122,"column":6},"end":{"line":126,"column":null}}]}},"s":{"0":0,"1":0,"2":0,"3":0,"4":0,"5":0,"6":0,"7":0,"8":0,"9":0,"10":0,"11":0,"12":0,"13":0,"14":0,"15":0,"16":0,"17":0,"18":0,"19":0,"20":0,"21":0,"22":0,"23":0,"24":0,"25":0,"26":0,"27":0,"28":0,"29":0,"30":0,"31":0,"32":0,"33":0,"34":0,"35":0,"36":0,"37":0,"38":0,"39":0,"40":0,"41":0,"42":0,"43":0,"44":0,"45":0},"f":{"0":0,"1":0,"2":0,"3":0,"4":0,"5":0,"6":0,"7":0,"8":0,"9":0,"10":0,"11":0,"12":0,"13":0},"b":{"0":[0,0],"1":[0,0],"2":[0,0],"3":[0,0],"4":[0,0],"5":[0,0],"6":[0,0]}}
}
