TN:
SF:src/App.vue
FN:12,(anonymous_0)
FNF:1
FNH:0
FNDA:0,(anonymous_0)
DA:5,0
DA:6,0
DA:8,0
DA:13,0
LF:4
LH:0
BRF:0
BRH:0
end_of_record
TN:
SF:src/main.ts
FNF:0
FNH:0
DA:1,0
DA:2,0
DA:3,0
DA:4,0
DA:5,0
DA:7,0
LF:6
LH:0
BRF:0
BRH:0
end_of_record
TN:
SF:src/components/MiniBag.vue
FN:51,(anonymous_0)
FN:54,(anonymous_1)
FN:57,(anonymous_2)
FN:62,(anonymous_3)
FNF:4
FNH:0
FNDA:0,(anonymous_0)
FNDA:0,(anonymous_1)
FNDA:0,(anonymous_2)
FNDA:0,(anonymous_3)
DA:41,0
DA:43,0
DA:44,0
DA:45,0
DA:47,0
DA:52,0
DA:53,0
DA:54,0
DA:56,0
DA:58,0
DA:59,0
DA:62,0
DA:63,0
DA:65,0
LF:14
LH:0
BRDA:59,0,0,0
BRDA:59,0,1,0
BRF:2
BRH:0
end_of_record
TN:
SF:src/components/MiniBagTrigger.vue
FN:22,(anonymous_0)
FN:24,(anonymous_1)
FN:26,(anonymous_2)
FNF:3
FNH:0
FNDA:0,(anonymous_0)
FNDA:0,(anonymous_1)
FNDA:0,(anonymous_2)
DA:12,0
DA:13,0
DA:14,0
DA:15,0
DA:18,0
DA:23,0
DA:24,0
DA:25,0
DA:27,0
DA:28,0
DA:32,0
LF:11
LH:0
BRDA:28,0,0,0
BRDA:28,0,1,0
BRF:2
BRH:0
end_of_record
TN:
SF:src/components/ThePagination.vue
FN:45,(anonymous_0)
FN:49,(anonymous_1)
FN:63,(anonymous_2)
FN:68,(anonymous_3)
FNF:4
FNH:0
FNDA:0,(anonymous_0)
FNDA:0,(anonymous_1)
FNDA:0,(anonymous_2)
FNDA:0,(anonymous_3)
DA:28,0
DA:29,0
DA:30,0
DA:31,0
DA:32,0
DA:33,0
DA:35,0
DA:46,0
DA:47,0
DA:48,0
DA:49,0
DA:61,0
DA:63,0
DA:68,0
DA:69,0
DA:70,0
DA:73,0
LF:17
LH:0
BRF:0
BRH:0
end_of_record
TN:
SF:src/components/WishlistTrigger.vue
FN:18,(anonymous_0)
FN:20,(anonymous_1)
FNF:2
FNH:0
FNDA:0,(anonymous_0)
FNDA:0,(anonymous_1)
DA:9,0
DA:10,0
DA:11,0
DA:12,0
DA:14,0
DA:19,0
DA:20,0
DA:22,0
LF:8
LH:0
BRF:0
BRH:0
end_of_record
TN:
SF:src/layout/DefaultFooter.vue
FN:11,(anonymous_0)
FNF:1
FNH:0
FNDA:0,(anonymous_0)
DA:8,0
DA:10,0
DA:14,0
LF:3
LH:0
BRF:0
BRH:0
end_of_record
TN:
SF:src/layout/DefaultHeader.vue
FN:29,(anonymous_0)
FN:31,(anonymous_1)
FNF:2
FNH:0
FNDA:0,(anonymous_0)
FNDA:0,(anonymous_1)
DA:18,0
DA:19,0
DA:20,0
DA:21,0
DA:23,0
DA:30,0
DA:31,0
DA:32,0
DA:35,0
LF:9
LH:0
BRF:0
BRH:0
end_of_record
TN:
SF:src/layout/DefaultLayout.vue
FN:19,(anonymous_0)
FNF:1
FNH:0
FNDA:0,(anonymous_0)
DA:10,0
DA:11,0
DA:12,0
DA:14,0
DA:22,0
LF:5
LH:0
BRF:0
BRH:0
end_of_record
TN:
SF:src/router/index.ts
FN:15,(anonymous_0)
FNF:1
FNH:0
FNDA:0,(anonymous_0)
DA:1,0
DA:2,0
DA:4,0
DA:12,0
DA:16,0
DA:20,0
LF:6
LH:0
BRF:0
BRH:0
end_of_record
TN:
SF:src/services/activities.service.ts
FN:7,(anonymous_0)
FN:10,(anonymous_1)
FNF:2
FNH:0
FNDA:0,(anonymous_0)
FNDA:0,(anonymous_1)
DA:1,0
DA:6,0
DA:8,0
DA:11,0
LF:4
LH:0
BRF:0
BRH:0
end_of_record
TN:
SF:src/services/apiClient.ts
FNF:0
FNH:0
DA:1,0
DA:3,0
DA:13,0
LF:3
LH:0
BRF:0
BRH:0
end_of_record
TN:
SF:src/services/index.ts
FNF:0
FNH:0
DA:1,0
DA:9,0
LF:2
LH:0
BRF:0
BRH:0
end_of_record
TN:
SF:src/store/constants.ts
FNF:0
FNH:0
DA:1,0
DA:13,0
DA:19,0
DA:25,0
LF:4
LH:0
BRF:0
BRH:0
end_of_record
TN:
SF:src/store/enums.ts
FN:1,(anonymous_0)
FN:6,(anonymous_1)
FN:13,(anonymous_2)
FN:19,(anonymous_3)
FN:23,(anonymous_4)
FN:27,(anonymous_5)
FN:31,(anonymous_6)
FN:35,(anonymous_7)
FN:39,(anonymous_8)
FNF:9
FNH:0
FNDA:0,(anonymous_0)
FNDA:0,(anonymous_1)
FNDA:0,(anonymous_2)
FNDA:0,(anonymous_3)
FNDA:0,(anonymous_4)
FNDA:0,(anonymous_5)
FNDA:0,(anonymous_6)
FNDA:0,(anonymous_7)
FNDA:0,(anonymous_8)
DA:1,0
DA:2,0
DA:3,0
DA:4,0
DA:6,0
DA:7,0
DA:8,0
DA:9,0
DA:10,0
DA:11,0
DA:13,0
DA:14,0
DA:15,0
DA:16,0
DA:17,0
DA:19,0
DA:20,0
DA:21,0
DA:23,0
DA:24,0
DA:25,0
DA:27,0
DA:28,0
DA:29,0
DA:31,0
DA:32,0
DA:33,0
DA:35,0
DA:36,0
DA:37,0
DA:39,0
DA:40,0
LF:32
LH:0
BRDA:1,0,0,0
BRDA:1,0,1,0
BRDA:6,1,0,0
BRDA:6,1,1,0
BRDA:13,2,0,0
BRDA:13,2,1,0
BRDA:19,3,0,0
BRDA:19,3,1,0
BRDA:23,4,0,0
BRDA:23,4,1,0
BRDA:27,5,0,0
BRDA:27,5,1,0
BRDA:31,6,0,0
BRDA:31,6,1,0
BRDA:35,7,0,0
BRDA:35,7,1,0
BRDA:39,8,0,0
BRDA:39,8,1,0
BRF:18
BRH:0
end_of_record
TN:
SF:src/store/index.ts
FNF:0
FNH:0
DA:1,0
DA:7,0
DA:9,0
LF:3
LH:0
BRF:0
BRH:0
end_of_record
TN:
SF:src/store/interfaces.ts
FNF:0
FNH:0
DA:2,0
LF:1
LH:0
BRF:0
BRH:0
end_of_record
TN:
SF:src/store/modules/bag/actions.ts
FN:12,(anonymous_0)
FN:15,(anonymous_1)
FNF:2
FNH:0
FNDA:0,(anonymous_0)
FNDA:0,(anonymous_1)
DA:8,0
DA:11,0
DA:13,0
DA:16,0
LF:4
LH:0
BRF:0
BRH:0
end_of_record
TN:
SF:src/store/modules/bag/getters.ts
FN:11,(anonymous_0)
FNF:1
FNH:0
FNDA:0,(anonymous_0)
DA:1,0
DA:10,0
DA:12,0
LF:3
LH:0
BRF:0
BRH:0
end_of_record
TN:
SF:src/store/modules/bag/index.ts
FNF:0
FNH:0
DA:3,0
DA:4,0
DA:5,0
DA:6,0
DA:9,0
DA:16,0
LF:6
LH:0
BRF:0
BRH:0
end_of_record
TN:
SF:src/store/modules/bag/mutations.ts
FN:7,(anonymous_0)
FN:8,(anonymous_1)
FN:17,(anonymous_2)
FN:18,(anonymous_3)
FNF:4
FNH:0
FNDA:0,(anonymous_0)
FNDA:0,(anonymous_1)
FNDA:0,(anonymous_2)
FNDA:0,(anonymous_3)
DA:3,0
DA:6,0
DA:8,0
DA:9,0
DA:10,0
DA:14,0
DA:18,0
DA:19,0
LF:8
LH:0
BRDA:9,0,0,0
BRDA:9,0,1,0
BRDA:14,1,0,0
BRDA:14,1,1,0
BRDA:19,2,0,0
BRDA:19,2,1,0
BRF:6
BRH:0
end_of_record
TN:
SF:src/store/modules/bag/state.ts
FNF:0
FNH:0
DA:3,0
LF:1
LH:0
BRF:0
BRH:0
end_of_record
TN:
SF:src/store/modules/root/actions.ts
FN:7,(anonymous_0)
FN:10,(anonymous_1)
FN:13,(anonymous_2)
FNF:3
FNH:0
FNDA:0,(anonymous_0)
FNDA:0,(anonymous_1)
FNDA:0,(anonymous_2)
DA:4,0
DA:6,0
DA:8,0
DA:11,0
DA:14,0
LF:5
LH:0
BRF:0
BRH:0
end_of_record
TN:
SF:src/store/modules/root/getters.ts
FN:6,(anonymous_0)
FNF:1
FNH:0
FNDA:0,(anonymous_0)
DA:1,0
DA:5,0
DA:7,0
LF:3
LH:0
BRF:0
BRH:0
end_of_record
TN:
SF:src/store/modules/root/index.ts
FNF:0
FNH:0
DA:3,0
DA:4,0
DA:5,0
DA:6,0
DA:7,0
DA:8,0
DA:11,0
DA:16,0
DA:24,0
LF:9
LH:0
BRF:0
BRH:0
end_of_record
TN:
SF:src/store/modules/root/mutations.ts
FN:6,(anonymous_0)
FN:9,(anonymous_1)
FN:12,(anonymous_2)
FNF:3
FNH:0
FNDA:0,(anonymous_0)
FNDA:0,(anonymous_1)
FNDA:0,(anonymous_2)
DA:3,0
DA:5,0
DA:7,0
DA:10,0
DA:13,0
LF:5
LH:0
BRF:0
BRH:0
end_of_record
TN:
SF:src/store/modules/root/state.ts
FNF:0
FNH:0
DA:3,0
LF:1
LH:0
BRF:0
BRH:0
end_of_record
TN:
SF:src/store/modules/wishlist/actions.ts
FN:12,(anonymous_0)
FN:15,(anonymous_1)
FNF:2
FNH:0
FNDA:0,(anonymous_0)
FNDA:0,(anonymous_1)
DA:8,0
DA:11,0
DA:13,0
DA:16,0
LF:4
LH:0
BRF:0
BRH:0
end_of_record
TN:
SF:src/store/modules/wishlist/getters.ts
FN:11,(anonymous_0)
FNF:1
FNH:0
FNDA:0,(anonymous_0)
DA:1,0
DA:10,0
DA:12,0
LF:3
LH:0
BRF:0
BRH:0
end_of_record
TN:
SF:src/store/modules/wishlist/index.ts
FNF:0
FNH:0
DA:3,0
DA:4,0
DA:5,0
DA:6,0
DA:9,0
DA:16,0
LF:6
LH:0
BRF:0
BRH:0
end_of_record
TN:
SF:src/store/modules/wishlist/mutations.ts
FN:7,(anonymous_0)
FN:8,(anonymous_1)
FN:16,(anonymous_2)
FN:17,(anonymous_3)
FNF:4
FNH:0
FNDA:0,(anonymous_0)
FNDA:0,(anonymous_1)
FNDA:0,(anonymous_2)
FNDA:0,(anonymous_3)
DA:3,0
DA:6,0
DA:8,0
DA:9,0
DA:10,0
DA:17,0
LF:6
LH:0
BRDA:9,0,0,0
BRDA:9,0,1,0
BRF:2
BRH:0
end_of_record
TN:
SF:src/store/modules/wishlist/state.ts
FNF:0
FNH:0
DA:3,0
LF:1
LH:0
BRF:0
BRH:0
end_of_record
TN:
SF:src/use/useAxios.ts
FN:7,useAxios
FN:14,(anonymous_1)
FNF:2
FNH:0
FNDA:0,useAxios
FNDA:0,(anonymous_1)
DA:2,0
DA:3,0
DA:8,0
DA:14,0
DA:15,0
DA:16,0
DA:17,0
DA:19,0
DA:20,0
DA:21,0
DA:24,0
DA:26,0
DA:29,0
LF:13
LH:0
BRF:0
BRH:0
end_of_record
TN:
SF:src/use/usePagination.ts
FN:27,usePagination
FN:37,(anonymous_1)
FN:38,(anonymous_2)
FN:48,(anonymous_3)
FN:50,(anonymous_4)
FN:53,(anonymous_5)
FN:54,(anonymous_6)
FN:55,(anonymous_7)
FN:56,(anonymous_8)
FN:58,(anonymous_9)
FN:76,(anonymous_10)
FN:77,(anonymous_11)
FN:87,(anonymous_12)
FN:88,(anonymous_13)
FNF:14
FNH:14
FNDA:12,usePagination
FNDA:25,(anonymous_1)
FNDA:25,(anonymous_2)
FNDA:13,(anonymous_3)
FNDA:4,(anonymous_4)
FNDA:1,(anonymous_5)
FNDA:1,(anonymous_6)
FNDA:1,(anonymous_7)
FNDA:1,(anonymous_8)
FNDA:1,(anonymous_9)
FNDA:34,(anonymous_10)
FNDA:22,(anonymous_11)
FNDA:23,(anonymous_12)
FNDA:23,(anonymous_13)
DA:1,1
DA:29,12
DA:36,12
DA:37,25
DA:39,25
DA:40,2
DA:48,13
DA:50,12
DA:51,4
DA:53,12
DA:54,12
DA:55,12
DA:56,12
DA:58,12
DA:59,1
DA:60,1
DA:61,1
DA:62,1
DA:64,1
DA:75,12
DA:76,34
DA:78,22
DA:79,2
DA:86,12
DA:87,23
DA:89,23
DA:97,12
LF:27
LH:27
BRDA:39,0,0,2
BRDA:39,0,1,23
BRDA:59,1,0,0
BRDA:59,1,1,1
BRDA:60,2,0,0
BRDA:60,2,1,1
BRDA:61,3,0,0
BRDA:61,3,1,1
BRDA:62,4,0,1
BRDA:62,4,1,0
BRDA:62,5,0,1
BRDA:62,5,1,1
BRDA:66,6,0,0
BRDA:66,6,1,1
BRDA:70,7,0,1
BRDA:70,7,1,0
BRDA:78,8,0,2
BRDA:78,8,1,20
BRF:18
BRH:12
end_of_record
TN:
SF:src/use/useStore.ts
FN:7,useStore
FNF:1
FNH:0
FNDA:0,useStore
DA:3,0
DA:8,0
LF:2
LH:0
BRF:0
BRH:0
end_of_record
TN:
SF:src/views/Home.vue
FN:55,(anonymous_0)
FN:60,(anonymous_1)
FN:61,(anonymous_2)
FN:74,(anonymous_3)
FN:75,(anonymous_4)
FN:105,(anonymous_5)
FN:109,(anonymous_6)
FN:112,(anonymous_7)
FN:116,(anonymous_8)
FN:119,(anonymous_9)
FN:119,(anonymous_10)
FN:120,(anonymous_11)
FN:120,(anonymous_12)
FN:121,(anonymous_13)
FNF:14
FNH:0
FNDA:0,(anonymous_0)
FNDA:0,(anonymous_1)
FNDA:0,(anonymous_2)
FNDA:0,(anonymous_3)
FNDA:0,(anonymous_4)
FNDA:0,(anonymous_5)
FNDA:0,(anonymous_6)
FNDA:0,(anonymous_7)
FNDA:0,(anonymous_8)
FNDA:0,(anonymous_9)
FNDA:0,(anonymous_10)
FNDA:0,(anonymous_11)
FNDA:0,(anonymous_12)
FNDA:0,(anonymous_13)
DA:38,0
DA:39,0
DA:40,0
DA:41,0
DA:43,0
DA:44,0
DA:46,0
DA:49,0
DA:56,0
DA:57,0
DA:58,0
DA:59,0
DA:60,0
DA:64,0
DA:65,0
DA:66,0
DA:74,0
DA:75,0
DA:84,0
DA:86,0
DA:96,0
DA:105,0
DA:106,0
DA:109,0
DA:111,0
DA:113,0
DA:115,0
DA:117,0
DA:119,0
DA:120,0
DA:121,0
DA:122,0
DA:123,0
DA:125,0
DA:129,0
LF:35
LH:0
BRDA:58,0,0,0
BRDA:58,0,1,0
BRDA:69,1,0,0
BRDA:69,1,1,0
BRDA:95,2,0,0
BRDA:95,2,1,0
BRDA:75,3,0,0
BRDA:75,3,1,0
BRDA:96,4,0,0
BRDA:96,4,1,0
BRDA:96,5,0,0
BRDA:96,5,1,0
BRDA:122,6,0,0
BRDA:122,6,1,0
BRF:14
BRH:0
end_of_record
