TN:
SF:src/main.ts
FNF:0
FNH:0
DA:7,24
LF:1
LH:1
BRF:0
BRH:0
end_of_record
TN:
SF:src/components/MiniBag.vue
FN:23,(anonymous_2)
FNF:1
FNH:1
FNDA:2,(anonymous_2)
DA:12,24
DA:14,24
DA:21,24
DA:23,2
DA:32,24
DA:33,24
DA:35,24
DA:36,24
LF:8
LH:8
BRF:0
BRH:0
end_of_record
TN:
SF:src/components/MiniBagTrigger.vue
FNF:0
FNH:0
DA:2,24
DA:3,24
DA:7,24
LF:3
LH:3
BRF:0
BRH:0
end_of_record
TN:
SF:src/components/ProductList.vue
FN:10,(anonymous_2)
FN:25,(anonymous_3)
FNF:2
FNH:2
FNDA:4,(anonymous_2)
FNDA:2,(anonymous_3)
DA:2,24
DA:7,24
DA:8,24
DA:10,4
DA:14,24
DA:18,24
DA:25,2
LF:7
LH:7
BRDA:11,0,0,2
BRDA:11,0,1,210
BRDA:24,1,0,2
BRDA:24,1,1,210
BRF:4
BRH:4
end_of_record
TN:
SF:src/components/ThePagination.vue
FN:59,(anonymous_0)
FN:72,(anonymous_1)
FN:77,(anonymous_2)
FNF:3
FNH:3
FNDA:24,(anonymous_0)
FNDA:46,(anonymous_1)
FNDA:7,(anonymous_2)
DA:60,24
DA:61,24
DA:62,24
DA:70,24
DA:72,46
DA:77,24
DA:78,7
DA:79,7
DA:82,24
LF:9
LH:9
BRF:0
BRH:0
end_of_record
TN:
SF:src/components/WishlistTrigger.vue
FNF:0
FNH:0
DA:2,24
LF:1
LH:1
BRF:0
BRH:0
end_of_record
TN:
SF:src/components/icons/IconBag.vue
FNF:0
FNH:0
DA:3,24
LF:1
LH:1
BRF:0
BRH:0
end_of_record
TN:
SF:src/components/icons/IconWishlist.vue
FNF:0
FNH:0
DA:3,24
LF:1
LH:1
BRF:0
BRH:0
end_of_record
TN:
SF:src/layout/DefaultFooter.vue
FNF:0
FNH:0
DA:2,24
DA:3,24
LF:2
LH:2
BRF:0
BRH:0
end_of_record
TN:
SF:src/layout/DefaultHeader.vue
FNF:0
FNH:0
DA:2,24
DA:3,24
DA:4,24
DA:5,24
DA:6,24
DA:9,24
LF:6
LH:6
BRF:0
BRH:0
end_of_record
TN:
SF:src/layout/DefaultLayout.vue
FNF:0
FNH:0
DA:2,24
LF:1
LH:1
BRF:0
BRH:0
end_of_record
TN:
SF:src/router/index.ts
FN:15,(anonymous_0)
FNF:1
FNH:1
FNDA:31,(anonymous_0)
DA:4,24
DA:12,24
DA:16,31
LF:3
LH:3
BRF:0
BRH:0
end_of_record
TN:
SF:src/services/activities.service.ts
FN:7,(anonymous_0)
FN:10,(anonymous_1)
FNF:2
FNH:1
FNDA:0,(anonymous_0)
FNDA:31,(anonymous_1)
DA:8,0
DA:11,31
LF:2
LH:1
BRF:0
BRH:0
end_of_record
TN:
SF:src/services/apiClient.ts
FNF:0
FNH:0
DA:3,24
LF:1
LH:1
BRF:0
BRH:0
end_of_record
TN:
SF:src/store/constants.ts
FNF:0
FNH:0
DA:13,24
DA:19,24
DA:25,24
LF:3
LH:3
BRF:0
BRH:0
end_of_record
TN:
SF:src/store/enums.ts
FN:1,(anonymous_0)
FN:6,(anonymous_1)
FN:13,(anonymous_2)
FN:19,(anonymous_3)
FN:23,(anonymous_4)
FN:27,(anonymous_5)
FN:31,(anonymous_6)
FN:35,(anonymous_7)
FN:39,(anonymous_8)
FNF:9
FNH:9
FNDA:24,(anonymous_0)
FNDA:24,(anonymous_1)
FNDA:24,(anonymous_2)
FNDA:24,(anonymous_3)
FNDA:24,(anonymous_4)
FNDA:24,(anonymous_5)
FNDA:24,(anonymous_6)
FNDA:24,(anonymous_7)
FNDA:24,(anonymous_8)
DA:1,24
DA:2,24
DA:3,24
DA:4,24
DA:6,24
DA:7,24
DA:8,24
DA:9,24
DA:10,24
DA:11,24
DA:13,24
DA:14,24
DA:15,24
DA:16,24
DA:17,24
DA:19,24
DA:20,24
DA:21,24
DA:23,24
DA:24,24
DA:25,24
DA:27,24
DA:28,24
DA:29,24
DA:31,24
DA:32,24
DA:33,24
DA:35,24
DA:36,24
DA:37,24
DA:39,24
DA:40,24
LF:32
LH:32
BRDA:1,0,0,24
BRDA:1,0,1,24
BRDA:6,1,0,24
BRDA:6,1,1,24
BRDA:13,2,0,24
BRDA:13,2,1,24
BRDA:19,3,0,24
BRDA:19,3,1,24
BRDA:23,4,0,24
BRDA:23,4,1,24
BRDA:27,5,0,24
BRDA:27,5,1,24
BRDA:31,6,0,24
BRDA:31,6,1,24
BRDA:35,7,0,24
BRDA:35,7,1,24
BRDA:39,8,0,24
BRDA:39,8,1,24
BRF:18
BRH:18
end_of_record
TN:
SF:src/store/modules/bag/actions.ts
FN:12,(anonymous_0)
FN:15,(anonymous_1)
FNF:2
FNH:2
FNDA:2,(anonymous_0)
FNDA:2,(anonymous_1)
DA:11,24
DA:13,2
DA:16,2
LF:3
LH:3
BRF:0
BRH:0
end_of_record
TN:
SF:src/store/modules/bag/getters.ts
FN:11,(anonymous_0)
FNF:1
FNH:1
FNDA:28,(anonymous_0)
DA:10,24
DA:12,28
LF:2
LH:2
BRF:0
BRH:0
end_of_record
TN:
SF:src/store/modules/bag/index.ts
FNF:0
FNH:0
DA:9,24
LF:1
LH:1
BRF:0
BRH:0
end_of_record
TN:
SF:src/store/modules/bag/mutations.ts
FN:7,(anonymous_0)
FN:8,(anonymous_1)
FN:17,(anonymous_2)
FN:18,(anonymous_3)
FNF:4
FNH:3
FNDA:2,(anonymous_0)
FNDA:0,(anonymous_1)
FNDA:2,(anonymous_2)
FNDA:2,(anonymous_3)
DA:6,24
DA:8,2
DA:9,2
DA:10,2
DA:14,2
DA:18,2
DA:19,2
LF:7
LH:7
BRDA:9,0,0,2
BRDA:9,0,1,0
BRDA:14,1,0,2
BRDA:14,1,1,0
BRDA:19,2,0,2
BRDA:19,2,1,0
BRF:6
BRH:3
end_of_record
TN:
SF:src/store/modules/bag/state.ts
FNF:0
FNH:0
DA:3,24
LF:1
LH:1
BRF:0
BRH:0
end_of_record
TN:
SF:src/store/modules/root/actions.ts
FN:7,(anonymous_0)
FN:10,(anonymous_1)
FN:13,(anonymous_2)
FNF:3
FNH:2
FNDA:0,(anonymous_0)
FNDA:29,(anonymous_1)
FNDA:29,(anonymous_2)
DA:6,24
DA:8,0
DA:11,29
DA:14,29
LF:4
LH:3
BRF:0
BRH:0
end_of_record
TN:
SF:src/store/modules/root/getters.ts
FN:6,(anonymous_0)
FNF:1
FNH:0
FNDA:0,(anonymous_0)
DA:5,24
DA:7,0
LF:2
LH:1
BRF:0
BRH:0
end_of_record
TN:
SF:src/store/modules/root/index.ts
FNF:0
FNH:0
DA:11,24
DA:16,24
LF:2
LH:2
BRF:0
BRH:0
end_of_record
TN:
SF:src/store/modules/root/mutations.ts
FN:6,(anonymous_0)
FN:9,(anonymous_1)
FN:12,(anonymous_2)
FNF:3
FNH:2
FNDA:0,(anonymous_0)
FNDA:29,(anonymous_1)
FNDA:29,(anonymous_2)
DA:5,24
DA:7,0
DA:10,29
DA:13,29
LF:4
LH:3
BRF:0
BRH:0
end_of_record
TN:
SF:src/store/modules/root/state.ts
FNF:0
FNH:0
DA:3,24
LF:1
LH:1
BRF:0
BRH:0
end_of_record
TN:
SF:src/store/modules/wishlist/actions.ts
FN:12,(anonymous_0)
FN:15,(anonymous_1)
FNF:2
FNH:2
FNDA:2,(anonymous_0)
FNDA:2,(anonymous_1)
DA:11,24
DA:13,2
DA:16,2
LF:3
LH:3
BRF:0
BRH:0
end_of_record
TN:
SF:src/store/modules/wishlist/getters.ts
FN:11,(anonymous_0)
FNF:1
FNH:1
FNDA:28,(anonymous_0)
DA:10,24
DA:12,28
LF:2
LH:2
BRF:0
BRH:0
end_of_record
TN:
SF:src/store/modules/wishlist/index.ts
FNF:0
FNH:0
DA:9,24
LF:1
LH:1
BRF:0
BRH:0
end_of_record
TN:
SF:src/store/modules/wishlist/mutations.ts
FN:7,(anonymous_0)
FN:8,(anonymous_1)
FN:16,(anonymous_2)
FN:17,(anonymous_3)
FNF:4
FNH:3
FNDA:2,(anonymous_0)
FNDA:0,(anonymous_1)
FNDA:2,(anonymous_2)
FNDA:2,(anonymous_3)
DA:6,24
DA:8,2
DA:9,2
DA:10,2
DA:17,2
LF:5
LH:5
BRDA:9,0,0,2
BRDA:9,0,1,0
BRF:2
BRH:1
end_of_record
TN:
SF:src/store/modules/wishlist/state.ts
FNF:0
FNH:0
DA:3,24
LF:1
LH:1
BRF:0
BRH:0
end_of_record
TN:
SF:src/use/useAxios.ts
FN:7,useAxios
FN:14,(anonymous_1)
FNF:2
FNH:2
FNDA:31,useAxios
FNDA:31,(anonymous_1)
DA:8,31
DA:14,31
DA:15,31
DA:16,31
DA:17,31
DA:18,31
DA:19,31
DA:20,29
DA:23,0
DA:25,29
DA:28,31
LF:11
LH:10
BRF:0
BRH:0
end_of_record
TN:
SF:src/use/usePagination.ts
FN:27,usePagination
FN:37,(anonymous_1)
FN:38,(anonymous_2)
FN:48,(anonymous_3)
FN:50,(anonymous_4)
FN:53,(anonymous_5)
FN:54,(anonymous_6)
FN:55,(anonymous_7)
FN:56,(anonymous_8)
FN:58,(anonymous_9)
FN:76,(anonymous_10)
FN:77,(anonymous_11)
FN:87,(anonymous_12)
FN:88,(anonymous_13)
FNF:14
FNH:10
FNDA:24,usePagination
FNDA:31,(anonymous_1)
FNDA:31,(anonymous_2)
FNDA:46,(anonymous_3)
FNDA:7,(anonymous_4)
FNDA:0,(anonymous_5)
FNDA:0,(anonymous_6)
FNDA:0,(anonymous_7)
FNDA:0,(anonymous_8)
FNDA:53,(anonymous_9)
FNDA:53,(anonymous_10)
FNDA:29,(anonymous_11)
FNDA:31,(anonymous_12)
FNDA:31,(anonymous_13)
DA:29,24
DA:36,24
DA:37,31
DA:39,31
DA:40,0
DA:48,46
DA:50,24
DA:51,7
DA:53,24
DA:54,24
DA:55,24
DA:56,24
DA:58,24
DA:59,53
DA:60,53
DA:61,53
DA:62,53
DA:64,53
DA:75,24
DA:76,53
DA:78,29
DA:79,0
DA:86,24
DA:87,31
DA:89,31
DA:97,24
LF:26
LH:24
BRDA:39,0,0,0
BRDA:39,0,1,31
BRDA:59,1,0,2
BRDA:59,1,1,51
BRDA:60,2,0,5
BRDA:60,2,1,48
BRDA:61,3,0,26
BRDA:61,3,1,27
BRDA:62,4,0,27
BRDA:62,4,1,26
BRDA:62,5,0,53
BRDA:62,5,1,27
BRDA:66,6,0,2
BRDA:66,6,1,51
BRDA:70,7,0,27
BRDA:70,7,1,26
BRDA:78,8,0,0
BRDA:78,8,1,29
BRF:18
BRH:16
end_of_record
TN:
SF:src/use/useStore.ts
FN:7,useStore
FNF:1
FNH:1
FNDA:48,useStore
DA:8,48
LF:1
LH:1
BRF:0
BRH:0
end_of_record
TN:
SF:src/views/Home.vue
FNF:0
FNH:0
DA:2,24
LF:1
LH:1
BRF:0
BRH:0
end_of_record
